[2026-03-01T14:13:13.623+0000] {local_task_job_runner.py:120} INFO - ::group::Pre task execution logs
[2026-03-01T14:13:13.643+0000] {taskinstance.py:2076} INFO - Dependencies all met for dep_context=non-requeueable deps ti=<TaskInstance: ga_etl_dag.ingest_json scheduled__2026-03-01T13:00:00+00:00 [queued]>
[2026-03-01T14:13:13.649+0000] {taskinstance.py:2076} INFO - Dependencies all met for dep_context=requeueable deps ti=<TaskInstance: ga_etl_dag.ingest_json scheduled__2026-03-01T13:00:00+00:00 [queued]>
[2026-03-01T14:13:13.649+0000] {taskinstance.py:2306} INFO - Starting attempt 1 of 1
[2026-03-01T14:13:13.662+0000] {taskinstance.py:2330} INFO - Executing <Task(BashOperator): ingest_json> on 2026-03-01 13:00:00+00:00
[2026-03-01T14:13:13.665+0000] {standard_task_runner.py:64} INFO - Started process 5021 to run task
[2026-03-01T14:13:13.668+0000] {standard_task_runner.py:90} INFO - Running: ['airflow', 'tasks', 'run', 'ga_etl_dag', 'ingest_json', 'scheduled__2026-03-01T13:00:00+00:00', '--job-id', '318', '--raw', '--subdir', 'DAGS_FOLDER/ga_etl_dag.py', '--cfg-path', '/tmp/tmpmr5k4g54']
[2026-03-01T14:13:13.669+0000] {standard_task_runner.py:91} INFO - Job 318: Subtask ingest_json
[2026-03-01T14:13:13.698+0000] {task_command.py:426} INFO - Running <TaskInstance: ga_etl_dag.ingest_json scheduled__2026-03-01T13:00:00+00:00 [running]> on host 18e2fa46102c
[2026-03-01T14:13:13.746+0000] {taskinstance.py:2648} INFO - Exporting env vars: AIRFLOW_CTX_DAG_OWNER='airflow' AIRFLOW_CTX_DAG_ID='ga_etl_dag' AIRFLOW_CTX_TASK_ID='ingest_json' AIRFLOW_CTX_EXECUTION_DATE='2026-03-01T13:00:00+00:00' AIRFLOW_CTX_TRY_NUMBER='1' AIRFLOW_CTX_DAG_RUN_ID='scheduled__2026-03-01T13:00:00+00:00'
[2026-03-01T14:13:13.747+0000] {taskinstance.py:430} INFO - ::endgroup::
[2026-03-01T14:13:13.758+0000] {subprocess.py:63} INFO - Tmp dir root location: /tmp
[2026-03-01T14:13:13.759+0000] {subprocess.py:75} INFO - Running command: ['/usr/bin/bash', '-c', 'cd /opt/airflow/project && python -m src.etl.ingest_json --db data/ga.sqlite --input-dir data/incoming_json']
[2026-03-01T14:13:13.765+0000] {subprocess.py:86} INFO - Output:
[2026-03-01T14:13:14.310+0000] {subprocess.py:93} INFO - DB: data/ga.sqlite
[2026-03-01T14:13:14.310+0000] {subprocess.py:93} INFO - Input dir: data/incoming_json
[2026-03-01T14:13:14.311+0000] {subprocess.py:93} INFO - Found JSON files: 10
[2026-03-01T14:13:14.311+0000] {subprocess.py:93} INFO - Force reload: False
[2026-03-01T14:13:14.311+0000] {subprocess.py:93} INFO - 
[2026-03-01T14:13:14.312+0000] {subprocess.py:93} INFO - Last ingestion_log rows:
[2026-03-01T14:13:14.312+0000] {subprocess.py:93} INFO - (44, '2026-02-17T12:23:58', 'ga_sessions_new_2022-01-05.json', 'success', 'sessions', 9493, 9493, None)
[2026-03-01T14:13:14.313+0000] {subprocess.py:93} INFO - (43, '2026-02-17T12:23:57', 'ga_sessions_new_2022-01-04.json', 'success', 'sessions', 9383, 9383, None)
[2026-03-01T14:13:14.313+0000] {subprocess.py:93} INFO - (42, '2026-02-17T12:23:57', 'ga_sessions_new_2022-01-03.json', 'success', 'sessions', 8569, 8569, None)
[2026-03-01T14:13:14.313+0000] {subprocess.py:93} INFO - (41, '2026-02-17T12:23:56', 'ga_sessions_new_2022-01-02.json', 'success', 'sessions', 7277, 7277, None)
[2026-03-01T14:13:14.313+0000] {subprocess.py:93} INFO - (40, '2026-02-17T12:23:56', 'ga_sessions_new_2022-01-01.json', 'success', 'sessions_empty', 0, 0, None)
[2026-03-01T14:13:14.314+0000] {subprocess.py:93} INFO - (39, '2026-02-17T12:23:53', 'ga_hits_new_2022-01-05.json', 'success', 'hits', 92170, 92170, None)
[2026-03-01T14:13:14.314+0000] {subprocess.py:93} INFO - (38, '2026-02-17T12:23:50', 'ga_hits_new_2022-01-04.json', 'success', 'hits', 91576, 91576, None)
[2026-03-01T14:13:14.314+0000] {subprocess.py:93} INFO - (37, '2026-02-17T12:23:46', 'ga_hits_new_2022-01-03.json', 'success', 'hits', 81243, 81243, None)
[2026-03-01T14:13:14.315+0000] {subprocess.py:93} INFO - (36, '2026-02-17T12:23:45', 'ga_hits_new_2022-01-02.json', 'success', 'hits', 73499, 73499, None)
[2026-03-01T14:13:14.315+0000] {subprocess.py:93} INFO - 
[2026-03-01T14:13:14.316+0000] {subprocess.py:93} INFO - Done.
[2026-03-01T14:13:14.320+0000] {subprocess.py:97} INFO - Command exited with return code 0
[2026-03-01T14:13:14.321+0000] {taskinstance.py:441} INFO - ::group::Post task execution logs
[2026-03-01T14:13:14.490+0000] {taskinstance.py:1206} INFO - Marking task as SUCCESS. dag_id=ga_etl_dag, task_id=ingest_json, run_id=scheduled__2026-03-01T13:00:00+00:00, execution_date=20260301T130000, start_date=20260301T141313, end_date=20260301T141314
[2026-03-01T14:13:14.543+0000] {local_task_job_runner.py:243} INFO - Task exited with return code 0
[2026-03-01T14:13:14.579+0000] {taskinstance.py:3503} INFO - 1 downstream tasks scheduled from follow-on schedule check
[2026-03-01T14:13:14.581+0000] {local_task_job_runner.py:222} INFO - ::endgroup::
