[2026-02-22T09:55:59.907+0000] {processor.py:161} INFO - Started process (PID=870) to work on /opt/airflow/dags/ga_etl_dag.py
[2026-02-22T09:55:59.907+0000] {processor.py:830} INFO - Processing file /opt/airflow/dags/ga_etl_dag.py for tasks to queue
[2026-02-22T09:55:59.908+0000] {logging_mixin.py:188} INFO - [2026-02-22T09:55:59.908+0000] {dagbag.py:545} INFO - Filling up the DagBag from /opt/airflow/dags/ga_etl_dag.py
[2026-02-22T09:55:59.916+0000] {processor.py:840} INFO - DAG(s) 'ga_etl_dag' retrieved from /opt/airflow/dags/ga_etl_dag.py
[2026-02-22T09:56:00.026+0000] {logging_mixin.py:188} INFO - [2026-02-22T09:56:00.026+0000] {dag.py:3089} INFO - Sync 1 DAGs
[2026-02-22T09:56:00.051+0000] {processor.py:183} INFO - Processing /opt/airflow/dags/ga_etl_dag.py took 0.149 seconds
[2026-02-22T10:49:46.985+0000] {processor.py:161} INFO - Started process (PID=893) to work on /opt/airflow/dags/ga_etl_dag.py
[2026-02-22T10:49:46.986+0000] {processor.py:830} INFO - Processing file /opt/airflow/dags/ga_etl_dag.py for tasks to queue
[2026-02-22T10:49:46.986+0000] {logging_mixin.py:188} INFO - [2026-02-22T10:49:46.986+0000] {dagbag.py:545} INFO - Filling up the DagBag from /opt/airflow/dags/ga_etl_dag.py
[2026-02-22T10:49:46.991+0000] {processor.py:840} INFO - DAG(s) 'ga_etl_dag' retrieved from /opt/airflow/dags/ga_etl_dag.py
[2026-02-22T10:49:47.008+0000] {logging_mixin.py:188} INFO - [2026-02-22T10:49:47.008+0000] {dag.py:3089} INFO - Sync 1 DAGs
[2026-02-22T10:49:47.030+0000] {processor.py:183} INFO - Processing /opt/airflow/dags/ga_etl_dag.py took 0.048 seconds
[2026-02-22T13:43:10.366+0000] {processor.py:161} INFO - Started process (PID=919) to work on /opt/airflow/dags/ga_etl_dag.py
[2026-02-22T13:43:10.367+0000] {processor.py:830} INFO - Processing file /opt/airflow/dags/ga_etl_dag.py for tasks to queue
[2026-02-22T13:43:10.368+0000] {logging_mixin.py:188} INFO - [2026-02-22T13:43:10.367+0000] {dagbag.py:545} INFO - Filling up the DagBag from /opt/airflow/dags/ga_etl_dag.py
[2026-02-22T13:43:10.375+0000] {processor.py:840} INFO - DAG(s) 'ga_etl_dag' retrieved from /opt/airflow/dags/ga_etl_dag.py
[2026-02-22T13:43:10.398+0000] {logging_mixin.py:188} INFO - [2026-02-22T13:43:10.398+0000] {dag.py:3089} INFO - Sync 1 DAGs
[2026-02-22T13:43:10.424+0000] {processor.py:183} INFO - Processing /opt/airflow/dags/ga_etl_dag.py took 0.062 seconds
[2026-02-22T13:54:53.192+0000] {processor.py:161} INFO - Started process (PID=967) to work on /opt/airflow/dags/ga_etl_dag.py
[2026-02-22T13:54:53.193+0000] {processor.py:830} INFO - Processing file /opt/airflow/dags/ga_etl_dag.py for tasks to queue
[2026-02-22T13:54:53.194+0000] {logging_mixin.py:188} INFO - [2026-02-22T13:54:53.193+0000] {dagbag.py:545} INFO - Filling up the DagBag from /opt/airflow/dags/ga_etl_dag.py
[2026-02-22T13:54:53.197+0000] {processor.py:840} INFO - DAG(s) 'ga_etl_dag' retrieved from /opt/airflow/dags/ga_etl_dag.py
[2026-02-22T13:54:53.207+0000] {logging_mixin.py:188} INFO - [2026-02-22T13:54:53.207+0000] {dag.py:3089} INFO - Sync 1 DAGs
[2026-02-22T13:54:53.222+0000] {processor.py:183} INFO - Processing /opt/airflow/dags/ga_etl_dag.py took 0.031 seconds
[2026-02-22T13:55:24.267+0000] {processor.py:161} INFO - Started process (PID=990) to work on /opt/airflow/dags/ga_etl_dag.py
[2026-02-22T13:55:24.268+0000] {processor.py:830} INFO - Processing file /opt/airflow/dags/ga_etl_dag.py for tasks to queue
[2026-02-22T13:55:24.269+0000] {logging_mixin.py:188} INFO - [2026-02-22T13:55:24.269+0000] {dagbag.py:545} INFO - Filling up the DagBag from /opt/airflow/dags/ga_etl_dag.py
[2026-02-22T13:55:24.274+0000] {processor.py:840} INFO - DAG(s) 'ga_etl_dag' retrieved from /opt/airflow/dags/ga_etl_dag.py
[2026-02-22T13:55:24.291+0000] {logging_mixin.py:188} INFO - [2026-02-22T13:55:24.291+0000] {dag.py:3089} INFO - Sync 1 DAGs
[2026-02-22T13:55:24.300+0000] {logging_mixin.py:188} INFO - [2026-02-22T13:55:24.300+0000] {dag.py:3947} INFO - Setting next_dagrun for ga_etl_dag to 2026-02-22 13:00:00+00:00, run_after=2026-02-22 14:00:00+00:00
[2026-02-22T13:55:24.308+0000] {processor.py:183} INFO - Processing /opt/airflow/dags/ga_etl_dag.py took 0.046 seconds
[2026-02-22T13:55:55.370+0000] {processor.py:161} INFO - Started process (PID=991) to work on /opt/airflow/dags/ga_etl_dag.py
[2026-02-22T13:55:55.371+0000] {processor.py:830} INFO - Processing file /opt/airflow/dags/ga_etl_dag.py for tasks to queue
[2026-02-22T13:55:55.372+0000] {logging_mixin.py:188} INFO - [2026-02-22T13:55:55.372+0000] {dagbag.py:545} INFO - Filling up the DagBag from /opt/airflow/dags/ga_etl_dag.py
[2026-02-22T13:55:55.377+0000] {processor.py:840} INFO - DAG(s) 'ga_etl_dag' retrieved from /opt/airflow/dags/ga_etl_dag.py
[2026-02-22T13:55:55.393+0000] {logging_mixin.py:188} INFO - [2026-02-22T13:55:55.393+0000] {dag.py:3089} INFO - Sync 1 DAGs
[2026-02-22T13:55:55.401+0000] {logging_mixin.py:188} INFO - [2026-02-22T13:55:55.401+0000] {dag.py:3947} INFO - Setting next_dagrun for ga_etl_dag to 2026-02-22 13:00:00+00:00, run_after=2026-02-22 14:00:00+00:00
[2026-02-22T13:55:55.410+0000] {processor.py:183} INFO - Processing /opt/airflow/dags/ga_etl_dag.py took 0.045 seconds
[2026-02-22T13:56:26.142+0000] {processor.py:161} INFO - Started process (PID=992) to work on /opt/airflow/dags/ga_etl_dag.py
[2026-02-22T13:56:26.142+0000] {processor.py:830} INFO - Processing file /opt/airflow/dags/ga_etl_dag.py for tasks to queue
[2026-02-22T13:56:26.143+0000] {logging_mixin.py:188} INFO - [2026-02-22T13:56:26.143+0000] {dagbag.py:545} INFO - Filling up the DagBag from /opt/airflow/dags/ga_etl_dag.py
[2026-02-22T13:56:26.148+0000] {processor.py:840} INFO - DAG(s) 'ga_etl_dag' retrieved from /opt/airflow/dags/ga_etl_dag.py
[2026-02-22T13:56:26.164+0000] {logging_mixin.py:188} INFO - [2026-02-22T13:56:26.164+0000] {dag.py:3089} INFO - Sync 1 DAGs
[2026-02-22T13:56:26.175+0000] {logging_mixin.py:188} INFO - [2026-02-22T13:56:26.175+0000] {dag.py:3947} INFO - Setting next_dagrun for ga_etl_dag to 2026-02-22 13:00:00+00:00, run_after=2026-02-22 14:00:00+00:00
[2026-02-22T13:56:26.185+0000] {processor.py:183} INFO - Processing /opt/airflow/dags/ga_etl_dag.py took 0.048 seconds
[2026-02-22T13:56:56.370+0000] {processor.py:161} INFO - Started process (PID=993) to work on /opt/airflow/dags/ga_etl_dag.py
[2026-02-22T13:56:56.371+0000] {processor.py:830} INFO - Processing file /opt/airflow/dags/ga_etl_dag.py for tasks to queue
[2026-02-22T13:56:56.372+0000] {logging_mixin.py:188} INFO - [2026-02-22T13:56:56.372+0000] {dagbag.py:545} INFO - Filling up the DagBag from /opt/airflow/dags/ga_etl_dag.py
[2026-02-22T13:56:56.378+0000] {processor.py:840} INFO - DAG(s) 'ga_etl_dag' retrieved from /opt/airflow/dags/ga_etl_dag.py
[2026-02-22T13:56:56.394+0000] {logging_mixin.py:188} INFO - [2026-02-22T13:56:56.394+0000] {dag.py:3089} INFO - Sync 1 DAGs
[2026-02-22T13:56:56.406+0000] {logging_mixin.py:188} INFO - [2026-02-22T13:56:56.405+0000] {dag.py:3947} INFO - Setting next_dagrun for ga_etl_dag to 2026-02-22 13:00:00+00:00, run_after=2026-02-22 14:00:00+00:00
[2026-02-22T13:56:56.414+0000] {processor.py:183} INFO - Processing /opt/airflow/dags/ga_etl_dag.py took 0.048 seconds
[2026-02-22T13:57:26.577+0000] {processor.py:161} INFO - Started process (PID=994) to work on /opt/airflow/dags/ga_etl_dag.py
[2026-02-22T13:57:26.578+0000] {processor.py:830} INFO - Processing file /opt/airflow/dags/ga_etl_dag.py for tasks to queue
[2026-02-22T13:57:26.578+0000] {logging_mixin.py:188} INFO - [2026-02-22T13:57:26.578+0000] {dagbag.py:545} INFO - Filling up the DagBag from /opt/airflow/dags/ga_etl_dag.py
[2026-02-22T13:57:26.584+0000] {processor.py:840} INFO - DAG(s) 'ga_etl_dag' retrieved from /opt/airflow/dags/ga_etl_dag.py
[2026-02-22T13:57:26.600+0000] {logging_mixin.py:188} INFO - [2026-02-22T13:57:26.599+0000] {dag.py:3089} INFO - Sync 1 DAGs
[2026-02-22T13:57:26.608+0000] {logging_mixin.py:188} INFO - [2026-02-22T13:57:26.608+0000] {dag.py:3947} INFO - Setting next_dagrun for ga_etl_dag to 2026-02-22 13:00:00+00:00, run_after=2026-02-22 14:00:00+00:00
[2026-02-22T13:57:26.617+0000] {processor.py:183} INFO - Processing /opt/airflow/dags/ga_etl_dag.py took 0.045 seconds
[2026-02-22T13:57:56.733+0000] {processor.py:161} INFO - Started process (PID=995) to work on /opt/airflow/dags/ga_etl_dag.py
[2026-02-22T13:57:56.734+0000] {processor.py:830} INFO - Processing file /opt/airflow/dags/ga_etl_dag.py for tasks to queue
[2026-02-22T13:57:56.735+0000] {logging_mixin.py:188} INFO - [2026-02-22T13:57:56.735+0000] {dagbag.py:545} INFO - Filling up the DagBag from /opt/airflow/dags/ga_etl_dag.py
[2026-02-22T13:57:56.741+0000] {processor.py:840} INFO - DAG(s) 'ga_etl_dag' retrieved from /opt/airflow/dags/ga_etl_dag.py
[2026-02-22T13:57:56.756+0000] {logging_mixin.py:188} INFO - [2026-02-22T13:57:56.756+0000] {dag.py:3089} INFO - Sync 1 DAGs
[2026-02-22T13:57:56.765+0000] {logging_mixin.py:188} INFO - [2026-02-22T13:57:56.765+0000] {dag.py:3947} INFO - Setting next_dagrun for ga_etl_dag to 2026-02-22 13:00:00+00:00, run_after=2026-02-22 14:00:00+00:00
[2026-02-22T13:57:56.774+0000] {processor.py:183} INFO - Processing /opt/airflow/dags/ga_etl_dag.py took 0.046 seconds
[2026-02-22T13:58:26.956+0000] {processor.py:161} INFO - Started process (PID=996) to work on /opt/airflow/dags/ga_etl_dag.py
[2026-02-22T13:58:26.957+0000] {processor.py:830} INFO - Processing file /opt/airflow/dags/ga_etl_dag.py for tasks to queue
[2026-02-22T13:58:26.958+0000] {logging_mixin.py:188} INFO - [2026-02-22T13:58:26.957+0000] {dagbag.py:545} INFO - Filling up the DagBag from /opt/airflow/dags/ga_etl_dag.py
[2026-02-22T13:58:26.963+0000] {processor.py:840} INFO - DAG(s) 'ga_etl_dag' retrieved from /opt/airflow/dags/ga_etl_dag.py
[2026-02-22T13:58:26.980+0000] {logging_mixin.py:188} INFO - [2026-02-22T13:58:26.979+0000] {dag.py:3089} INFO - Sync 1 DAGs
[2026-02-22T13:58:26.988+0000] {logging_mixin.py:188} INFO - [2026-02-22T13:58:26.988+0000] {dag.py:3947} INFO - Setting next_dagrun for ga_etl_dag to 2026-02-22 13:00:00+00:00, run_after=2026-02-22 14:00:00+00:00
[2026-02-22T13:58:26.997+0000] {processor.py:183} INFO - Processing /opt/airflow/dags/ga_etl_dag.py took 0.045 seconds
[2026-02-22T13:58:57.154+0000] {processor.py:161} INFO - Started process (PID=997) to work on /opt/airflow/dags/ga_etl_dag.py
[2026-02-22T13:58:57.154+0000] {processor.py:830} INFO - Processing file /opt/airflow/dags/ga_etl_dag.py for tasks to queue
[2026-02-22T13:58:57.155+0000] {logging_mixin.py:188} INFO - [2026-02-22T13:58:57.155+0000] {dagbag.py:545} INFO - Filling up the DagBag from /opt/airflow/dags/ga_etl_dag.py
[2026-02-22T13:58:57.158+0000] {processor.py:840} INFO - DAG(s) 'ga_etl_dag' retrieved from /opt/airflow/dags/ga_etl_dag.py
[2026-02-22T13:58:57.168+0000] {logging_mixin.py:188} INFO - [2026-02-22T13:58:57.167+0000] {dag.py:3089} INFO - Sync 1 DAGs
[2026-02-22T13:58:57.173+0000] {logging_mixin.py:188} INFO - [2026-02-22T13:58:57.173+0000] {dag.py:3947} INFO - Setting next_dagrun for ga_etl_dag to 2026-02-22 13:00:00+00:00, run_after=2026-02-22 14:00:00+00:00
[2026-02-22T13:58:57.181+0000] {processor.py:183} INFO - Processing /opt/airflow/dags/ga_etl_dag.py took 0.030 seconds
[2026-02-22T13:59:27.390+0000] {processor.py:161} INFO - Started process (PID=998) to work on /opt/airflow/dags/ga_etl_dag.py
[2026-02-22T13:59:27.391+0000] {processor.py:830} INFO - Processing file /opt/airflow/dags/ga_etl_dag.py for tasks to queue
[2026-02-22T13:59:27.392+0000] {logging_mixin.py:188} INFO - [2026-02-22T13:59:27.392+0000] {dagbag.py:545} INFO - Filling up the DagBag from /opt/airflow/dags/ga_etl_dag.py
[2026-02-22T13:59:27.398+0000] {processor.py:840} INFO - DAG(s) 'ga_etl_dag' retrieved from /opt/airflow/dags/ga_etl_dag.py
[2026-02-22T13:59:27.413+0000] {logging_mixin.py:188} INFO - [2026-02-22T13:59:27.413+0000] {dag.py:3089} INFO - Sync 1 DAGs
[2026-02-22T13:59:27.423+0000] {logging_mixin.py:188} INFO - [2026-02-22T13:59:27.423+0000] {dag.py:3947} INFO - Setting next_dagrun for ga_etl_dag to 2026-02-22 13:00:00+00:00, run_after=2026-02-22 14:00:00+00:00
[2026-02-22T13:59:27.431+0000] {processor.py:183} INFO - Processing /opt/airflow/dags/ga_etl_dag.py took 0.046 seconds
[2026-02-22T13:59:57.614+0000] {processor.py:161} INFO - Started process (PID=999) to work on /opt/airflow/dags/ga_etl_dag.py
[2026-02-22T13:59:57.615+0000] {processor.py:830} INFO - Processing file /opt/airflow/dags/ga_etl_dag.py for tasks to queue
[2026-02-22T13:59:57.616+0000] {logging_mixin.py:188} INFO - [2026-02-22T13:59:57.616+0000] {dagbag.py:545} INFO - Filling up the DagBag from /opt/airflow/dags/ga_etl_dag.py
[2026-02-22T13:59:57.622+0000] {processor.py:840} INFO - DAG(s) 'ga_etl_dag' retrieved from /opt/airflow/dags/ga_etl_dag.py
[2026-02-22T13:59:57.638+0000] {logging_mixin.py:188} INFO - [2026-02-22T13:59:57.638+0000] {dag.py:3089} INFO - Sync 1 DAGs
[2026-02-22T13:59:57.647+0000] {logging_mixin.py:188} INFO - [2026-02-22T13:59:57.647+0000] {dag.py:3947} INFO - Setting next_dagrun for ga_etl_dag to 2026-02-22 13:00:00+00:00, run_after=2026-02-22 14:00:00+00:00
[2026-02-22T13:59:57.656+0000] {processor.py:183} INFO - Processing /opt/airflow/dags/ga_etl_dag.py took 0.046 seconds
[2026-02-22T14:09:54.944+0000] {processor.py:161} INFO - Started process (PID=1025) to work on /opt/airflow/dags/ga_etl_dag.py
[2026-02-22T14:09:54.945+0000] {processor.py:830} INFO - Processing file /opt/airflow/dags/ga_etl_dag.py for tasks to queue
[2026-02-22T14:09:54.946+0000] {logging_mixin.py:188} INFO - [2026-02-22T14:09:54.945+0000] {dagbag.py:545} INFO - Filling up the DagBag from /opt/airflow/dags/ga_etl_dag.py
[2026-02-22T14:09:54.948+0000] {processor.py:840} INFO - DAG(s) 'ga_etl_dag' retrieved from /opt/airflow/dags/ga_etl_dag.py
[2026-02-22T14:09:54.958+0000] {logging_mixin.py:188} INFO - [2026-02-22T14:09:54.958+0000] {dag.py:3089} INFO - Sync 1 DAGs
[2026-02-22T14:09:54.971+0000] {processor.py:183} INFO - Processing /opt/airflow/dags/ga_etl_dag.py took 0.028 seconds
[2026-02-22T14:10:26.017+0000] {processor.py:161} INFO - Started process (PID=1048) to work on /opt/airflow/dags/ga_etl_dag.py
[2026-02-22T14:10:26.018+0000] {processor.py:830} INFO - Processing file /opt/airflow/dags/ga_etl_dag.py for tasks to queue
[2026-02-22T14:10:26.019+0000] {logging_mixin.py:188} INFO - [2026-02-22T14:10:26.019+0000] {dagbag.py:545} INFO - Filling up the DagBag from /opt/airflow/dags/ga_etl_dag.py
[2026-02-22T14:10:26.025+0000] {processor.py:840} INFO - DAG(s) 'ga_etl_dag' retrieved from /opt/airflow/dags/ga_etl_dag.py
[2026-02-22T14:10:26.044+0000] {logging_mixin.py:188} INFO - [2026-02-22T14:10:26.044+0000] {dag.py:3089} INFO - Sync 1 DAGs
[2026-02-22T14:10:26.053+0000] {logging_mixin.py:188} INFO - [2026-02-22T14:10:26.053+0000] {dag.py:3947} INFO - Setting next_dagrun for ga_etl_dag to 2026-02-22 14:00:00+00:00, run_after=2026-02-22 15:00:00+00:00
[2026-02-22T14:10:26.060+0000] {processor.py:183} INFO - Processing /opt/airflow/dags/ga_etl_dag.py took 0.048 seconds
[2026-02-22T14:10:57.133+0000] {processor.py:161} INFO - Started process (PID=1049) to work on /opt/airflow/dags/ga_etl_dag.py
[2026-02-22T14:10:57.134+0000] {processor.py:830} INFO - Processing file /opt/airflow/dags/ga_etl_dag.py for tasks to queue
[2026-02-22T14:10:57.135+0000] {logging_mixin.py:188} INFO - [2026-02-22T14:10:57.135+0000] {dagbag.py:545} INFO - Filling up the DagBag from /opt/airflow/dags/ga_etl_dag.py
[2026-02-22T14:10:57.141+0000] {processor.py:840} INFO - DAG(s) 'ga_etl_dag' retrieved from /opt/airflow/dags/ga_etl_dag.py
[2026-02-22T14:10:57.158+0000] {logging_mixin.py:188} INFO - [2026-02-22T14:10:57.158+0000] {dag.py:3089} INFO - Sync 1 DAGs
[2026-02-22T14:10:57.166+0000] {logging_mixin.py:188} INFO - [2026-02-22T14:10:57.166+0000] {dag.py:3947} INFO - Setting next_dagrun for ga_etl_dag to 2026-02-22 14:00:00+00:00, run_after=2026-02-22 15:00:00+00:00
[2026-02-22T14:10:57.174+0000] {processor.py:183} INFO - Processing /opt/airflow/dags/ga_etl_dag.py took 0.046 seconds
[2026-02-22T14:11:28.063+0000] {processor.py:161} INFO - Started process (PID=1050) to work on /opt/airflow/dags/ga_etl_dag.py
[2026-02-22T14:11:28.064+0000] {processor.py:830} INFO - Processing file /opt/airflow/dags/ga_etl_dag.py for tasks to queue
[2026-02-22T14:11:28.064+0000] {logging_mixin.py:188} INFO - [2026-02-22T14:11:28.064+0000] {dagbag.py:545} INFO - Filling up the DagBag from /opt/airflow/dags/ga_etl_dag.py
[2026-02-22T14:11:28.068+0000] {processor.py:840} INFO - DAG(s) 'ga_etl_dag' retrieved from /opt/airflow/dags/ga_etl_dag.py
[2026-02-22T14:11:28.081+0000] {logging_mixin.py:188} INFO - [2026-02-22T14:11:28.081+0000] {dag.py:3089} INFO - Sync 1 DAGs
[2026-02-22T14:11:28.088+0000] {logging_mixin.py:188} INFO - [2026-02-22T14:11:28.088+0000] {dag.py:3947} INFO - Setting next_dagrun for ga_etl_dag to 2026-02-22 14:00:00+00:00, run_after=2026-02-22 15:00:00+00:00
[2026-02-22T14:11:28.098+0000] {processor.py:183} INFO - Processing /opt/airflow/dags/ga_etl_dag.py took 0.038 seconds
[2026-02-22T14:11:58.311+0000] {processor.py:161} INFO - Started process (PID=1051) to work on /opt/airflow/dags/ga_etl_dag.py
[2026-02-22T14:11:58.312+0000] {processor.py:830} INFO - Processing file /opt/airflow/dags/ga_etl_dag.py for tasks to queue
[2026-02-22T14:11:58.313+0000] {logging_mixin.py:188} INFO - [2026-02-22T14:11:58.313+0000] {dagbag.py:545} INFO - Filling up the DagBag from /opt/airflow/dags/ga_etl_dag.py
[2026-02-22T14:11:58.318+0000] {processor.py:840} INFO - DAG(s) 'ga_etl_dag' retrieved from /opt/airflow/dags/ga_etl_dag.py
[2026-02-22T14:11:58.334+0000] {logging_mixin.py:188} INFO - [2026-02-22T14:11:58.334+0000] {dag.py:3089} INFO - Sync 1 DAGs
[2026-02-22T14:11:58.343+0000] {logging_mixin.py:188} INFO - [2026-02-22T14:11:58.343+0000] {dag.py:3947} INFO - Setting next_dagrun for ga_etl_dag to 2026-02-22 14:00:00+00:00, run_after=2026-02-22 15:00:00+00:00
[2026-02-22T14:11:58.354+0000] {processor.py:183} INFO - Processing /opt/airflow/dags/ga_etl_dag.py took 0.047 seconds
[2026-02-22T14:12:28.532+0000] {processor.py:161} INFO - Started process (PID=1052) to work on /opt/airflow/dags/ga_etl_dag.py
[2026-02-22T14:12:28.533+0000] {processor.py:830} INFO - Processing file /opt/airflow/dags/ga_etl_dag.py for tasks to queue
[2026-02-22T14:12:28.534+0000] {logging_mixin.py:188} INFO - [2026-02-22T14:12:28.533+0000] {dagbag.py:545} INFO - Filling up the DagBag from /opt/airflow/dags/ga_etl_dag.py
[2026-02-22T14:12:28.540+0000] {processor.py:840} INFO - DAG(s) 'ga_etl_dag' retrieved from /opt/airflow/dags/ga_etl_dag.py
[2026-02-22T14:12:28.554+0000] {logging_mixin.py:188} INFO - [2026-02-22T14:12:28.554+0000] {dag.py:3089} INFO - Sync 1 DAGs
[2026-02-22T14:12:28.563+0000] {logging_mixin.py:188} INFO - [2026-02-22T14:12:28.563+0000] {dag.py:3947} INFO - Setting next_dagrun for ga_etl_dag to 2026-02-22 14:00:00+00:00, run_after=2026-02-22 15:00:00+00:00
[2026-02-22T14:12:28.573+0000] {processor.py:183} INFO - Processing /opt/airflow/dags/ga_etl_dag.py took 0.048 seconds
[2026-02-22T14:12:58.732+0000] {processor.py:161} INFO - Started process (PID=1053) to work on /opt/airflow/dags/ga_etl_dag.py
[2026-02-22T14:12:58.733+0000] {processor.py:830} INFO - Processing file /opt/airflow/dags/ga_etl_dag.py for tasks to queue
[2026-02-22T14:12:58.734+0000] {logging_mixin.py:188} INFO - [2026-02-22T14:12:58.733+0000] {dagbag.py:545} INFO - Filling up the DagBag from /opt/airflow/dags/ga_etl_dag.py
[2026-02-22T14:12:58.739+0000] {processor.py:840} INFO - DAG(s) 'ga_etl_dag' retrieved from /opt/airflow/dags/ga_etl_dag.py
[2026-02-22T14:12:58.755+0000] {logging_mixin.py:188} INFO - [2026-02-22T14:12:58.755+0000] {dag.py:3089} INFO - Sync 1 DAGs
[2026-02-22T14:12:58.763+0000] {logging_mixin.py:188} INFO - [2026-02-22T14:12:58.763+0000] {dag.py:3947} INFO - Setting next_dagrun for ga_etl_dag to 2026-02-22 14:00:00+00:00, run_after=2026-02-22 15:00:00+00:00
[2026-02-22T14:12:58.771+0000] {processor.py:183} INFO - Processing /opt/airflow/dags/ga_etl_dag.py took 0.043 seconds
[2026-02-22T14:13:28.958+0000] {processor.py:161} INFO - Started process (PID=1054) to work on /opt/airflow/dags/ga_etl_dag.py
[2026-02-22T14:13:28.959+0000] {processor.py:830} INFO - Processing file /opt/airflow/dags/ga_etl_dag.py for tasks to queue
[2026-02-22T14:13:28.960+0000] {logging_mixin.py:188} INFO - [2026-02-22T14:13:28.960+0000] {dagbag.py:545} INFO - Filling up the DagBag from /opt/airflow/dags/ga_etl_dag.py
[2026-02-22T14:13:28.966+0000] {processor.py:840} INFO - DAG(s) 'ga_etl_dag' retrieved from /opt/airflow/dags/ga_etl_dag.py
[2026-02-22T14:13:28.983+0000] {logging_mixin.py:188} INFO - [2026-02-22T14:13:28.983+0000] {dag.py:3089} INFO - Sync 1 DAGs
[2026-02-22T14:13:28.992+0000] {logging_mixin.py:188} INFO - [2026-02-22T14:13:28.992+0000] {dag.py:3947} INFO - Setting next_dagrun for ga_etl_dag to 2026-02-22 14:00:00+00:00, run_after=2026-02-22 15:00:00+00:00
[2026-02-22T14:13:29.000+0000] {processor.py:183} INFO - Processing /opt/airflow/dags/ga_etl_dag.py took 0.047 seconds
[2026-02-22T14:13:59.192+0000] {processor.py:161} INFO - Started process (PID=1055) to work on /opt/airflow/dags/ga_etl_dag.py
[2026-02-22T14:13:59.193+0000] {processor.py:830} INFO - Processing file /opt/airflow/dags/ga_etl_dag.py for tasks to queue
[2026-02-22T14:13:59.194+0000] {logging_mixin.py:188} INFO - [2026-02-22T14:13:59.194+0000] {dagbag.py:545} INFO - Filling up the DagBag from /opt/airflow/dags/ga_etl_dag.py
[2026-02-22T14:13:59.200+0000] {processor.py:840} INFO - DAG(s) 'ga_etl_dag' retrieved from /opt/airflow/dags/ga_etl_dag.py
[2026-02-22T14:13:59.219+0000] {logging_mixin.py:188} INFO - [2026-02-22T14:13:59.219+0000] {dag.py:3089} INFO - Sync 1 DAGs
[2026-02-22T14:13:59.228+0000] {logging_mixin.py:188} INFO - [2026-02-22T14:13:59.227+0000] {dag.py:3947} INFO - Setting next_dagrun for ga_etl_dag to 2026-02-22 14:00:00+00:00, run_after=2026-02-22 15:00:00+00:00
[2026-02-22T14:13:59.236+0000] {processor.py:183} INFO - Processing /opt/airflow/dags/ga_etl_dag.py took 0.050 seconds
[2026-02-22T14:14:29.401+0000] {processor.py:161} INFO - Started process (PID=1056) to work on /opt/airflow/dags/ga_etl_dag.py
[2026-02-22T14:14:29.402+0000] {processor.py:830} INFO - Processing file /opt/airflow/dags/ga_etl_dag.py for tasks to queue
[2026-02-22T14:14:29.403+0000] {logging_mixin.py:188} INFO - [2026-02-22T14:14:29.403+0000] {dagbag.py:545} INFO - Filling up the DagBag from /opt/airflow/dags/ga_etl_dag.py
[2026-02-22T14:14:29.410+0000] {processor.py:840} INFO - DAG(s) 'ga_etl_dag' retrieved from /opt/airflow/dags/ga_etl_dag.py
[2026-02-22T14:14:29.427+0000] {logging_mixin.py:188} INFO - [2026-02-22T14:14:29.427+0000] {dag.py:3089} INFO - Sync 1 DAGs
[2026-02-22T14:14:29.436+0000] {logging_mixin.py:188} INFO - [2026-02-22T14:14:29.436+0000] {dag.py:3947} INFO - Setting next_dagrun for ga_etl_dag to 2026-02-22 14:00:00+00:00, run_after=2026-02-22 15:00:00+00:00
[2026-02-22T14:14:29.444+0000] {processor.py:183} INFO - Processing /opt/airflow/dags/ga_etl_dag.py took 0.048 seconds
[2026-02-22T14:14:59.624+0000] {processor.py:161} INFO - Started process (PID=1057) to work on /opt/airflow/dags/ga_etl_dag.py
[2026-02-22T14:14:59.625+0000] {processor.py:830} INFO - Processing file /opt/airflow/dags/ga_etl_dag.py for tasks to queue
[2026-02-22T14:14:59.626+0000] {logging_mixin.py:188} INFO - [2026-02-22T14:14:59.625+0000] {dagbag.py:545} INFO - Filling up the DagBag from /opt/airflow/dags/ga_etl_dag.py
[2026-02-22T14:14:59.631+0000] {processor.py:840} INFO - DAG(s) 'ga_etl_dag' retrieved from /opt/airflow/dags/ga_etl_dag.py
[2026-02-22T14:14:59.648+0000] {logging_mixin.py:188} INFO - [2026-02-22T14:14:59.648+0000] {dag.py:3089} INFO - Sync 1 DAGs
[2026-02-22T14:14:59.657+0000] {logging_mixin.py:188} INFO - [2026-02-22T14:14:59.657+0000] {dag.py:3947} INFO - Setting next_dagrun for ga_etl_dag to 2026-02-22 14:00:00+00:00, run_after=2026-02-22 15:00:00+00:00
[2026-02-22T14:14:59.666+0000] {processor.py:183} INFO - Processing /opt/airflow/dags/ga_etl_dag.py took 0.047 seconds
[2026-02-22T14:15:29.832+0000] {processor.py:161} INFO - Started process (PID=1058) to work on /opt/airflow/dags/ga_etl_dag.py
[2026-02-22T14:15:29.833+0000] {processor.py:830} INFO - Processing file /opt/airflow/dags/ga_etl_dag.py for tasks to queue
[2026-02-22T14:15:29.834+0000] {logging_mixin.py:188} INFO - [2026-02-22T14:15:29.833+0000] {dagbag.py:545} INFO - Filling up the DagBag from /opt/airflow/dags/ga_etl_dag.py
[2026-02-22T14:15:29.839+0000] {processor.py:840} INFO - DAG(s) 'ga_etl_dag' retrieved from /opt/airflow/dags/ga_etl_dag.py
[2026-02-22T14:15:29.856+0000] {logging_mixin.py:188} INFO - [2026-02-22T14:15:29.856+0000] {dag.py:3089} INFO - Sync 1 DAGs
[2026-02-22T14:15:29.865+0000] {logging_mixin.py:188} INFO - [2026-02-22T14:15:29.864+0000] {dag.py:3947} INFO - Setting next_dagrun for ga_etl_dag to 2026-02-22 14:00:00+00:00, run_after=2026-02-22 15:00:00+00:00
[2026-02-22T14:15:29.873+0000] {processor.py:183} INFO - Processing /opt/airflow/dags/ga_etl_dag.py took 0.046 seconds
[2026-02-22T14:15:59.956+0000] {processor.py:161} INFO - Started process (PID=1059) to work on /opt/airflow/dags/ga_etl_dag.py
[2026-02-22T14:15:59.957+0000] {processor.py:830} INFO - Processing file /opt/airflow/dags/ga_etl_dag.py for tasks to queue
[2026-02-22T14:15:59.957+0000] {logging_mixin.py:188} INFO - [2026-02-22T14:15:59.957+0000] {dagbag.py:545} INFO - Filling up the DagBag from /opt/airflow/dags/ga_etl_dag.py
[2026-02-22T14:15:59.963+0000] {processor.py:840} INFO - DAG(s) 'ga_etl_dag' retrieved from /opt/airflow/dags/ga_etl_dag.py
[2026-02-22T14:15:59.979+0000] {logging_mixin.py:188} INFO - [2026-02-22T14:15:59.979+0000] {dag.py:3089} INFO - Sync 1 DAGs
[2026-02-22T14:15:59.987+0000] {logging_mixin.py:188} INFO - [2026-02-22T14:15:59.987+0000] {dag.py:3947} INFO - Setting next_dagrun for ga_etl_dag to 2026-02-22 14:00:00+00:00, run_after=2026-02-22 15:00:00+00:00
[2026-02-22T14:15:59.996+0000] {processor.py:183} INFO - Processing /opt/airflow/dags/ga_etl_dag.py took 0.045 seconds
[2026-02-22T14:16:30.182+0000] {processor.py:161} INFO - Started process (PID=1060) to work on /opt/airflow/dags/ga_etl_dag.py
[2026-02-22T14:16:30.183+0000] {processor.py:830} INFO - Processing file /opt/airflow/dags/ga_etl_dag.py for tasks to queue
[2026-02-22T14:16:30.183+0000] {logging_mixin.py:188} INFO - [2026-02-22T14:16:30.183+0000] {dagbag.py:545} INFO - Filling up the DagBag from /opt/airflow/dags/ga_etl_dag.py
[2026-02-22T14:16:30.189+0000] {processor.py:840} INFO - DAG(s) 'ga_etl_dag' retrieved from /opt/airflow/dags/ga_etl_dag.py
[2026-02-22T14:16:30.206+0000] {logging_mixin.py:188} INFO - [2026-02-22T14:16:30.205+0000] {dag.py:3089} INFO - Sync 1 DAGs
[2026-02-22T14:16:30.217+0000] {logging_mixin.py:188} INFO - [2026-02-22T14:16:30.217+0000] {dag.py:3947} INFO - Setting next_dagrun for ga_etl_dag to 2026-02-22 14:00:00+00:00, run_after=2026-02-22 15:00:00+00:00
[2026-02-22T14:16:30.225+0000] {processor.py:183} INFO - Processing /opt/airflow/dags/ga_etl_dag.py took 0.048 seconds
[2026-02-22T14:17:00.399+0000] {processor.py:161} INFO - Started process (PID=1061) to work on /opt/airflow/dags/ga_etl_dag.py
[2026-02-22T14:17:00.400+0000] {processor.py:830} INFO - Processing file /opt/airflow/dags/ga_etl_dag.py for tasks to queue
[2026-02-22T14:17:00.401+0000] {logging_mixin.py:188} INFO - [2026-02-22T14:17:00.400+0000] {dagbag.py:545} INFO - Filling up the DagBag from /opt/airflow/dags/ga_etl_dag.py
[2026-02-22T14:17:00.406+0000] {processor.py:840} INFO - DAG(s) 'ga_etl_dag' retrieved from /opt/airflow/dags/ga_etl_dag.py
[2026-02-22T14:17:00.423+0000] {logging_mixin.py:188} INFO - [2026-02-22T14:17:00.423+0000] {dag.py:3089} INFO - Sync 1 DAGs
[2026-02-22T14:17:00.431+0000] {logging_mixin.py:188} INFO - [2026-02-22T14:17:00.431+0000] {dag.py:3947} INFO - Setting next_dagrun for ga_etl_dag to 2026-02-22 14:00:00+00:00, run_after=2026-02-22 15:00:00+00:00
[2026-02-22T14:17:00.440+0000] {processor.py:183} INFO - Processing /opt/airflow/dags/ga_etl_dag.py took 0.046 seconds
[2026-02-22T14:17:30.533+0000] {processor.py:161} INFO - Started process (PID=1062) to work on /opt/airflow/dags/ga_etl_dag.py
[2026-02-22T14:17:30.535+0000] {processor.py:830} INFO - Processing file /opt/airflow/dags/ga_etl_dag.py for tasks to queue
[2026-02-22T14:17:30.535+0000] {logging_mixin.py:188} INFO - [2026-02-22T14:17:30.535+0000] {dagbag.py:545} INFO - Filling up the DagBag from /opt/airflow/dags/ga_etl_dag.py
[2026-02-22T14:17:30.540+0000] {processor.py:840} INFO - DAG(s) 'ga_etl_dag' retrieved from /opt/airflow/dags/ga_etl_dag.py
[2026-02-22T14:17:30.557+0000] {logging_mixin.py:188} INFO - [2026-02-22T14:17:30.557+0000] {dag.py:3089} INFO - Sync 1 DAGs
[2026-02-22T14:17:30.566+0000] {logging_mixin.py:188} INFO - [2026-02-22T14:17:30.566+0000] {dag.py:3947} INFO - Setting next_dagrun for ga_etl_dag to 2026-02-22 14:00:00+00:00, run_after=2026-02-22 15:00:00+00:00
[2026-02-22T14:17:30.574+0000] {processor.py:183} INFO - Processing /opt/airflow/dags/ga_etl_dag.py took 0.045 seconds
[2026-02-22T14:18:00.751+0000] {processor.py:161} INFO - Started process (PID=1063) to work on /opt/airflow/dags/ga_etl_dag.py
[2026-02-22T14:18:00.752+0000] {processor.py:830} INFO - Processing file /opt/airflow/dags/ga_etl_dag.py for tasks to queue
[2026-02-22T14:18:00.753+0000] {logging_mixin.py:188} INFO - [2026-02-22T14:18:00.752+0000] {dagbag.py:545} INFO - Filling up the DagBag from /opt/airflow/dags/ga_etl_dag.py
[2026-02-22T14:18:00.763+0000] {processor.py:840} INFO - DAG(s) 'ga_etl_dag' retrieved from /opt/airflow/dags/ga_etl_dag.py
[2026-02-22T14:18:00.788+0000] {logging_mixin.py:188} INFO - [2026-02-22T14:18:00.787+0000] {dag.py:3089} INFO - Sync 1 DAGs
[2026-02-22T14:18:00.797+0000] {logging_mixin.py:188} INFO - [2026-02-22T14:18:00.797+0000] {dag.py:3947} INFO - Setting next_dagrun for ga_etl_dag to 2026-02-22 14:00:00+00:00, run_after=2026-02-22 15:00:00+00:00
[2026-02-22T14:18:00.807+0000] {processor.py:183} INFO - Processing /opt/airflow/dags/ga_etl_dag.py took 0.064 seconds
[2026-02-22T14:18:30.971+0000] {processor.py:161} INFO - Started process (PID=1064) to work on /opt/airflow/dags/ga_etl_dag.py
[2026-02-22T14:18:30.972+0000] {processor.py:830} INFO - Processing file /opt/airflow/dags/ga_etl_dag.py for tasks to queue
[2026-02-22T14:18:30.973+0000] {logging_mixin.py:188} INFO - [2026-02-22T14:18:30.973+0000] {dagbag.py:545} INFO - Filling up the DagBag from /opt/airflow/dags/ga_etl_dag.py
[2026-02-22T14:18:30.979+0000] {processor.py:840} INFO - DAG(s) 'ga_etl_dag' retrieved from /opt/airflow/dags/ga_etl_dag.py
[2026-02-22T14:18:30.996+0000] {logging_mixin.py:188} INFO - [2026-02-22T14:18:30.995+0000] {dag.py:3089} INFO - Sync 1 DAGs
[2026-02-22T14:18:31.005+0000] {logging_mixin.py:188} INFO - [2026-02-22T14:18:31.005+0000] {dag.py:3947} INFO - Setting next_dagrun for ga_etl_dag to 2026-02-22 14:00:00+00:00, run_after=2026-02-22 15:00:00+00:00
[2026-02-22T14:18:31.014+0000] {processor.py:183} INFO - Processing /opt/airflow/dags/ga_etl_dag.py took 0.047 seconds
[2026-02-22T14:19:01.189+0000] {processor.py:161} INFO - Started process (PID=1065) to work on /opt/airflow/dags/ga_etl_dag.py
[2026-02-22T14:19:01.190+0000] {processor.py:830} INFO - Processing file /opt/airflow/dags/ga_etl_dag.py for tasks to queue
[2026-02-22T14:19:01.190+0000] {logging_mixin.py:188} INFO - [2026-02-22T14:19:01.190+0000] {dagbag.py:545} INFO - Filling up the DagBag from /opt/airflow/dags/ga_etl_dag.py
[2026-02-22T14:19:01.196+0000] {processor.py:840} INFO - DAG(s) 'ga_etl_dag' retrieved from /opt/airflow/dags/ga_etl_dag.py
[2026-02-22T14:19:01.211+0000] {logging_mixin.py:188} INFO - [2026-02-22T14:19:01.211+0000] {dag.py:3089} INFO - Sync 1 DAGs
[2026-02-22T14:19:01.220+0000] {logging_mixin.py:188} INFO - [2026-02-22T14:19:01.220+0000] {dag.py:3947} INFO - Setting next_dagrun for ga_etl_dag to 2026-02-22 14:00:00+00:00, run_after=2026-02-22 15:00:00+00:00
[2026-02-22T14:19:01.230+0000] {processor.py:183} INFO - Processing /opt/airflow/dags/ga_etl_dag.py took 0.045 seconds
[2026-02-22T14:19:31.415+0000] {processor.py:161} INFO - Started process (PID=1066) to work on /opt/airflow/dags/ga_etl_dag.py
[2026-02-22T14:19:31.416+0000] {processor.py:830} INFO - Processing file /opt/airflow/dags/ga_etl_dag.py for tasks to queue
[2026-02-22T14:19:31.417+0000] {logging_mixin.py:188} INFO - [2026-02-22T14:19:31.417+0000] {dagbag.py:545} INFO - Filling up the DagBag from /opt/airflow/dags/ga_etl_dag.py
[2026-02-22T14:19:31.423+0000] {processor.py:840} INFO - DAG(s) 'ga_etl_dag' retrieved from /opt/airflow/dags/ga_etl_dag.py
[2026-02-22T14:19:31.439+0000] {logging_mixin.py:188} INFO - [2026-02-22T14:19:31.439+0000] {dag.py:3089} INFO - Sync 1 DAGs
[2026-02-22T14:19:31.448+0000] {logging_mixin.py:188} INFO - [2026-02-22T14:19:31.448+0000] {dag.py:3947} INFO - Setting next_dagrun for ga_etl_dag to 2026-02-22 14:00:00+00:00, run_after=2026-02-22 15:00:00+00:00
[2026-02-22T14:19:31.457+0000] {processor.py:183} INFO - Processing /opt/airflow/dags/ga_etl_dag.py took 0.047 seconds
[2026-02-22T14:20:01.635+0000] {processor.py:161} INFO - Started process (PID=1067) to work on /opt/airflow/dags/ga_etl_dag.py
[2026-02-22T14:20:01.636+0000] {processor.py:830} INFO - Processing file /opt/airflow/dags/ga_etl_dag.py for tasks to queue
[2026-02-22T14:20:01.636+0000] {logging_mixin.py:188} INFO - [2026-02-22T14:20:01.636+0000] {dagbag.py:545} INFO - Filling up the DagBag from /opt/airflow/dags/ga_etl_dag.py
[2026-02-22T14:20:01.642+0000] {processor.py:840} INFO - DAG(s) 'ga_etl_dag' retrieved from /opt/airflow/dags/ga_etl_dag.py
[2026-02-22T14:20:01.658+0000] {logging_mixin.py:188} INFO - [2026-02-22T14:20:01.658+0000] {dag.py:3089} INFO - Sync 1 DAGs
[2026-02-22T14:20:01.667+0000] {logging_mixin.py:188} INFO - [2026-02-22T14:20:01.667+0000] {dag.py:3947} INFO - Setting next_dagrun for ga_etl_dag to 2026-02-22 14:00:00+00:00, run_after=2026-02-22 15:00:00+00:00
[2026-02-22T14:20:01.676+0000] {processor.py:183} INFO - Processing /opt/airflow/dags/ga_etl_dag.py took 0.047 seconds
[2026-02-22T14:20:31.858+0000] {processor.py:161} INFO - Started process (PID=1068) to work on /opt/airflow/dags/ga_etl_dag.py
[2026-02-22T14:20:31.859+0000] {processor.py:830} INFO - Processing file /opt/airflow/dags/ga_etl_dag.py for tasks to queue
[2026-02-22T14:20:31.860+0000] {logging_mixin.py:188} INFO - [2026-02-22T14:20:31.860+0000] {dagbag.py:545} INFO - Filling up the DagBag from /opt/airflow/dags/ga_etl_dag.py
[2026-02-22T14:20:31.865+0000] {processor.py:840} INFO - DAG(s) 'ga_etl_dag' retrieved from /opt/airflow/dags/ga_etl_dag.py
[2026-02-22T14:20:31.879+0000] {logging_mixin.py:188} INFO - [2026-02-22T14:20:31.879+0000] {dag.py:3089} INFO - Sync 1 DAGs
[2026-02-22T14:20:31.887+0000] {logging_mixin.py:188} INFO - [2026-02-22T14:20:31.887+0000] {dag.py:3947} INFO - Setting next_dagrun for ga_etl_dag to 2026-02-22 14:00:00+00:00, run_after=2026-02-22 15:00:00+00:00
[2026-02-22T14:20:31.896+0000] {processor.py:183} INFO - Processing /opt/airflow/dags/ga_etl_dag.py took 0.042 seconds
[2026-02-22T14:21:02.088+0000] {processor.py:161} INFO - Started process (PID=1069) to work on /opt/airflow/dags/ga_etl_dag.py
[2026-02-22T14:21:02.089+0000] {processor.py:830} INFO - Processing file /opt/airflow/dags/ga_etl_dag.py for tasks to queue
[2026-02-22T14:21:02.090+0000] {logging_mixin.py:188} INFO - [2026-02-22T14:21:02.089+0000] {dagbag.py:545} INFO - Filling up the DagBag from /opt/airflow/dags/ga_etl_dag.py
[2026-02-22T14:21:02.095+0000] {processor.py:840} INFO - DAG(s) 'ga_etl_dag' retrieved from /opt/airflow/dags/ga_etl_dag.py
[2026-02-22T14:21:02.111+0000] {logging_mixin.py:188} INFO - [2026-02-22T14:21:02.111+0000] {dag.py:3089} INFO - Sync 1 DAGs
[2026-02-22T14:21:02.120+0000] {logging_mixin.py:188} INFO - [2026-02-22T14:21:02.120+0000] {dag.py:3947} INFO - Setting next_dagrun for ga_etl_dag to 2026-02-22 14:00:00+00:00, run_after=2026-02-22 15:00:00+00:00
[2026-02-22T14:21:02.128+0000] {processor.py:183} INFO - Processing /opt/airflow/dags/ga_etl_dag.py took 0.046 seconds
[2026-02-22T14:21:32.317+0000] {processor.py:161} INFO - Started process (PID=1070) to work on /opt/airflow/dags/ga_etl_dag.py
[2026-02-22T14:21:32.318+0000] {processor.py:830} INFO - Processing file /opt/airflow/dags/ga_etl_dag.py for tasks to queue
[2026-02-22T14:21:32.319+0000] {logging_mixin.py:188} INFO - [2026-02-22T14:21:32.319+0000] {dagbag.py:545} INFO - Filling up the DagBag from /opt/airflow/dags/ga_etl_dag.py
[2026-02-22T14:21:32.325+0000] {processor.py:840} INFO - DAG(s) 'ga_etl_dag' retrieved from /opt/airflow/dags/ga_etl_dag.py
[2026-02-22T14:21:32.342+0000] {logging_mixin.py:188} INFO - [2026-02-22T14:21:32.342+0000] {dag.py:3089} INFO - Sync 1 DAGs
[2026-02-22T14:21:32.351+0000] {logging_mixin.py:188} INFO - [2026-02-22T14:21:32.351+0000] {dag.py:3947} INFO - Setting next_dagrun for ga_etl_dag to 2026-02-22 14:00:00+00:00, run_after=2026-02-22 15:00:00+00:00
[2026-02-22T14:21:32.359+0000] {processor.py:183} INFO - Processing /opt/airflow/dags/ga_etl_dag.py took 0.047 seconds
[2026-02-22T14:22:02.503+0000] {processor.py:161} INFO - Started process (PID=1071) to work on /opt/airflow/dags/ga_etl_dag.py
[2026-02-22T14:22:02.504+0000] {processor.py:830} INFO - Processing file /opt/airflow/dags/ga_etl_dag.py for tasks to queue
[2026-02-22T14:22:02.504+0000] {logging_mixin.py:188} INFO - [2026-02-22T14:22:02.504+0000] {dagbag.py:545} INFO - Filling up the DagBag from /opt/airflow/dags/ga_etl_dag.py
[2026-02-22T14:22:02.506+0000] {processor.py:840} INFO - DAG(s) 'ga_etl_dag' retrieved from /opt/airflow/dags/ga_etl_dag.py
[2026-02-22T14:22:02.515+0000] {logging_mixin.py:188} INFO - [2026-02-22T14:22:02.515+0000] {dag.py:3089} INFO - Sync 1 DAGs
[2026-02-22T14:22:02.520+0000] {logging_mixin.py:188} INFO - [2026-02-22T14:22:02.520+0000] {dag.py:3947} INFO - Setting next_dagrun for ga_etl_dag to 2026-02-22 14:00:00+00:00, run_after=2026-02-22 15:00:00+00:00
[2026-02-22T14:22:02.528+0000] {processor.py:183} INFO - Processing /opt/airflow/dags/ga_etl_dag.py took 0.026 seconds
[2026-02-22T14:22:32.723+0000] {processor.py:161} INFO - Started process (PID=1072) to work on /opt/airflow/dags/ga_etl_dag.py
[2026-02-22T14:22:32.724+0000] {processor.py:830} INFO - Processing file /opt/airflow/dags/ga_etl_dag.py for tasks to queue
[2026-02-22T14:22:32.725+0000] {logging_mixin.py:188} INFO - [2026-02-22T14:22:32.724+0000] {dagbag.py:545} INFO - Filling up the DagBag from /opt/airflow/dags/ga_etl_dag.py
[2026-02-22T14:22:32.731+0000] {processor.py:840} INFO - DAG(s) 'ga_etl_dag' retrieved from /opt/airflow/dags/ga_etl_dag.py
[2026-02-22T14:22:32.750+0000] {logging_mixin.py:188} INFO - [2026-02-22T14:22:32.750+0000] {dag.py:3089} INFO - Sync 1 DAGs
[2026-02-22T14:22:32.759+0000] {logging_mixin.py:188} INFO - [2026-02-22T14:22:32.759+0000] {dag.py:3947} INFO - Setting next_dagrun for ga_etl_dag to 2026-02-22 14:00:00+00:00, run_after=2026-02-22 15:00:00+00:00
[2026-02-22T14:22:32.770+0000] {processor.py:183} INFO - Processing /opt/airflow/dags/ga_etl_dag.py took 0.052 seconds
[2026-02-22T14:23:02.892+0000] {processor.py:161} INFO - Started process (PID=1073) to work on /opt/airflow/dags/ga_etl_dag.py
[2026-02-22T14:23:02.893+0000] {processor.py:830} INFO - Processing file /opt/airflow/dags/ga_etl_dag.py for tasks to queue
[2026-02-22T14:23:02.893+0000] {logging_mixin.py:188} INFO - [2026-02-22T14:23:02.893+0000] {dagbag.py:545} INFO - Filling up the DagBag from /opt/airflow/dags/ga_etl_dag.py
[2026-02-22T14:23:02.899+0000] {processor.py:840} INFO - DAG(s) 'ga_etl_dag' retrieved from /opt/airflow/dags/ga_etl_dag.py
[2026-02-22T14:23:02.914+0000] {logging_mixin.py:188} INFO - [2026-02-22T14:23:02.914+0000] {dag.py:3089} INFO - Sync 1 DAGs
[2026-02-22T14:23:02.923+0000] {logging_mixin.py:188} INFO - [2026-02-22T14:23:02.922+0000] {dag.py:3947} INFO - Setting next_dagrun for ga_etl_dag to 2026-02-22 14:00:00+00:00, run_after=2026-02-22 15:00:00+00:00
[2026-02-22T14:23:02.931+0000] {processor.py:183} INFO - Processing /opt/airflow/dags/ga_etl_dag.py took 0.044 seconds
[2026-02-22T14:23:33.122+0000] {processor.py:161} INFO - Started process (PID=1074) to work on /opt/airflow/dags/ga_etl_dag.py
[2026-02-22T14:23:33.125+0000] {processor.py:830} INFO - Processing file /opt/airflow/dags/ga_etl_dag.py for tasks to queue
[2026-02-22T14:23:33.126+0000] {logging_mixin.py:188} INFO - [2026-02-22T14:23:33.126+0000] {dagbag.py:545} INFO - Filling up the DagBag from /opt/airflow/dags/ga_etl_dag.py
[2026-02-22T14:23:33.133+0000] {processor.py:840} INFO - DAG(s) 'ga_etl_dag' retrieved from /opt/airflow/dags/ga_etl_dag.py
[2026-02-22T14:23:33.149+0000] {logging_mixin.py:188} INFO - [2026-02-22T14:23:33.149+0000] {dag.py:3089} INFO - Sync 1 DAGs
[2026-02-22T14:23:33.157+0000] {logging_mixin.py:188} INFO - [2026-02-22T14:23:33.157+0000] {dag.py:3947} INFO - Setting next_dagrun for ga_etl_dag to 2026-02-22 14:00:00+00:00, run_after=2026-02-22 15:00:00+00:00
[2026-02-22T14:23:33.165+0000] {processor.py:183} INFO - Processing /opt/airflow/dags/ga_etl_dag.py took 0.049 seconds
[2026-02-22T14:24:03.347+0000] {processor.py:161} INFO - Started process (PID=1075) to work on /opt/airflow/dags/ga_etl_dag.py
[2026-02-22T14:24:03.348+0000] {processor.py:830} INFO - Processing file /opt/airflow/dags/ga_etl_dag.py for tasks to queue
[2026-02-22T14:24:03.348+0000] {logging_mixin.py:188} INFO - [2026-02-22T14:24:03.348+0000] {dagbag.py:545} INFO - Filling up the DagBag from /opt/airflow/dags/ga_etl_dag.py
[2026-02-22T14:24:03.354+0000] {processor.py:840} INFO - DAG(s) 'ga_etl_dag' retrieved from /opt/airflow/dags/ga_etl_dag.py
[2026-02-22T14:24:03.370+0000] {logging_mixin.py:188} INFO - [2026-02-22T14:24:03.370+0000] {dag.py:3089} INFO - Sync 1 DAGs
[2026-02-22T14:24:03.379+0000] {logging_mixin.py:188} INFO - [2026-02-22T14:24:03.379+0000] {dag.py:3947} INFO - Setting next_dagrun for ga_etl_dag to 2026-02-22 14:00:00+00:00, run_after=2026-02-22 15:00:00+00:00
[2026-02-22T14:24:03.388+0000] {processor.py:183} INFO - Processing /opt/airflow/dags/ga_etl_dag.py took 0.046 seconds
[2026-02-22T14:24:33.579+0000] {processor.py:161} INFO - Started process (PID=1076) to work on /opt/airflow/dags/ga_etl_dag.py
[2026-02-22T14:24:33.580+0000] {processor.py:830} INFO - Processing file /opt/airflow/dags/ga_etl_dag.py for tasks to queue
[2026-02-22T14:24:33.581+0000] {logging_mixin.py:188} INFO - [2026-02-22T14:24:33.581+0000] {dagbag.py:545} INFO - Filling up the DagBag from /opt/airflow/dags/ga_etl_dag.py
[2026-02-22T14:24:33.588+0000] {processor.py:840} INFO - DAG(s) 'ga_etl_dag' retrieved from /opt/airflow/dags/ga_etl_dag.py
[2026-02-22T14:24:33.607+0000] {logging_mixin.py:188} INFO - [2026-02-22T14:24:33.607+0000] {dag.py:3089} INFO - Sync 1 DAGs
[2026-02-22T14:24:33.617+0000] {logging_mixin.py:188} INFO - [2026-02-22T14:24:33.617+0000] {dag.py:3947} INFO - Setting next_dagrun for ga_etl_dag to 2026-02-22 14:00:00+00:00, run_after=2026-02-22 15:00:00+00:00
[2026-02-22T14:24:33.625+0000] {processor.py:183} INFO - Processing /opt/airflow/dags/ga_etl_dag.py took 0.052 seconds
[2026-02-22T14:25:03.799+0000] {processor.py:161} INFO - Started process (PID=1077) to work on /opt/airflow/dags/ga_etl_dag.py
[2026-02-22T14:25:03.799+0000] {processor.py:830} INFO - Processing file /opt/airflow/dags/ga_etl_dag.py for tasks to queue
[2026-02-22T14:25:03.800+0000] {logging_mixin.py:188} INFO - [2026-02-22T14:25:03.800+0000] {dagbag.py:545} INFO - Filling up the DagBag from /opt/airflow/dags/ga_etl_dag.py
[2026-02-22T14:25:03.804+0000] {processor.py:840} INFO - DAG(s) 'ga_etl_dag' retrieved from /opt/airflow/dags/ga_etl_dag.py
[2026-02-22T14:25:03.815+0000] {logging_mixin.py:188} INFO - [2026-02-22T14:25:03.815+0000] {dag.py:3089} INFO - Sync 1 DAGs
[2026-02-22T14:25:03.822+0000] {logging_mixin.py:188} INFO - [2026-02-22T14:25:03.821+0000] {dag.py:3947} INFO - Setting next_dagrun for ga_etl_dag to 2026-02-22 14:00:00+00:00, run_after=2026-02-22 15:00:00+00:00
[2026-02-22T14:25:03.829+0000] {processor.py:183} INFO - Processing /opt/airflow/dags/ga_etl_dag.py took 0.033 seconds
[2026-02-22T14:25:34.030+0000] {processor.py:161} INFO - Started process (PID=1078) to work on /opt/airflow/dags/ga_etl_dag.py
[2026-02-22T14:25:34.031+0000] {processor.py:830} INFO - Processing file /opt/airflow/dags/ga_etl_dag.py for tasks to queue
[2026-02-22T14:25:34.032+0000] {logging_mixin.py:188} INFO - [2026-02-22T14:25:34.032+0000] {dagbag.py:545} INFO - Filling up the DagBag from /opt/airflow/dags/ga_etl_dag.py
[2026-02-22T14:25:34.038+0000] {processor.py:840} INFO - DAG(s) 'ga_etl_dag' retrieved from /opt/airflow/dags/ga_etl_dag.py
[2026-02-22T14:25:34.055+0000] {logging_mixin.py:188} INFO - [2026-02-22T14:25:34.055+0000] {dag.py:3089} INFO - Sync 1 DAGs
[2026-02-22T14:25:34.064+0000] {logging_mixin.py:188} INFO - [2026-02-22T14:25:34.064+0000] {dag.py:3947} INFO - Setting next_dagrun for ga_etl_dag to 2026-02-22 14:00:00+00:00, run_after=2026-02-22 15:00:00+00:00
[2026-02-22T14:25:34.073+0000] {processor.py:183} INFO - Processing /opt/airflow/dags/ga_etl_dag.py took 0.048 seconds
[2026-02-22T14:26:04.259+0000] {processor.py:161} INFO - Started process (PID=1079) to work on /opt/airflow/dags/ga_etl_dag.py
[2026-02-22T14:26:04.260+0000] {processor.py:830} INFO - Processing file /opt/airflow/dags/ga_etl_dag.py for tasks to queue
[2026-02-22T14:26:04.261+0000] {logging_mixin.py:188} INFO - [2026-02-22T14:26:04.261+0000] {dagbag.py:545} INFO - Filling up the DagBag from /opt/airflow/dags/ga_etl_dag.py
[2026-02-22T14:26:04.267+0000] {processor.py:840} INFO - DAG(s) 'ga_etl_dag' retrieved from /opt/airflow/dags/ga_etl_dag.py
[2026-02-22T14:26:04.284+0000] {logging_mixin.py:188} INFO - [2026-02-22T14:26:04.284+0000] {dag.py:3089} INFO - Sync 1 DAGs
[2026-02-22T14:26:04.293+0000] {logging_mixin.py:188} INFO - [2026-02-22T14:26:04.293+0000] {dag.py:3947} INFO - Setting next_dagrun for ga_etl_dag to 2026-02-22 14:00:00+00:00, run_after=2026-02-22 15:00:00+00:00
[2026-02-22T14:26:04.302+0000] {processor.py:183} INFO - Processing /opt/airflow/dags/ga_etl_dag.py took 0.047 seconds
[2026-02-22T14:26:34.444+0000] {processor.py:161} INFO - Started process (PID=1080) to work on /opt/airflow/dags/ga_etl_dag.py
[2026-02-22T14:26:34.445+0000] {processor.py:830} INFO - Processing file /opt/airflow/dags/ga_etl_dag.py for tasks to queue
[2026-02-22T14:26:34.446+0000] {logging_mixin.py:188} INFO - [2026-02-22T14:26:34.446+0000] {dagbag.py:545} INFO - Filling up the DagBag from /opt/airflow/dags/ga_etl_dag.py
[2026-02-22T14:26:34.451+0000] {processor.py:840} INFO - DAG(s) 'ga_etl_dag' retrieved from /opt/airflow/dags/ga_etl_dag.py
[2026-02-22T14:26:34.467+0000] {logging_mixin.py:188} INFO - [2026-02-22T14:26:34.467+0000] {dag.py:3089} INFO - Sync 1 DAGs
[2026-02-22T14:26:34.478+0000] {logging_mixin.py:188} INFO - [2026-02-22T14:26:34.478+0000] {dag.py:3947} INFO - Setting next_dagrun for ga_etl_dag to 2026-02-22 14:00:00+00:00, run_after=2026-02-22 15:00:00+00:00
[2026-02-22T14:26:34.487+0000] {processor.py:183} INFO - Processing /opt/airflow/dags/ga_etl_dag.py took 0.048 seconds
[2026-02-22T14:27:04.660+0000] {processor.py:161} INFO - Started process (PID=1081) to work on /opt/airflow/dags/ga_etl_dag.py
[2026-02-22T14:27:04.661+0000] {processor.py:830} INFO - Processing file /opt/airflow/dags/ga_etl_dag.py for tasks to queue
[2026-02-22T14:27:04.662+0000] {logging_mixin.py:188} INFO - [2026-02-22T14:27:04.661+0000] {dagbag.py:545} INFO - Filling up the DagBag from /opt/airflow/dags/ga_etl_dag.py
[2026-02-22T14:27:04.667+0000] {processor.py:840} INFO - DAG(s) 'ga_etl_dag' retrieved from /opt/airflow/dags/ga_etl_dag.py
[2026-02-22T14:27:04.683+0000] {logging_mixin.py:188} INFO - [2026-02-22T14:27:04.683+0000] {dag.py:3089} INFO - Sync 1 DAGs
[2026-02-22T14:27:04.694+0000] {logging_mixin.py:188} INFO - [2026-02-22T14:27:04.694+0000] {dag.py:3947} INFO - Setting next_dagrun for ga_etl_dag to 2026-02-22 14:00:00+00:00, run_after=2026-02-22 15:00:00+00:00
[2026-02-22T14:27:04.703+0000] {processor.py:183} INFO - Processing /opt/airflow/dags/ga_etl_dag.py took 0.047 seconds
[2026-02-22T14:27:34.868+0000] {processor.py:161} INFO - Started process (PID=1082) to work on /opt/airflow/dags/ga_etl_dag.py
[2026-02-22T14:27:34.869+0000] {processor.py:830} INFO - Processing file /opt/airflow/dags/ga_etl_dag.py for tasks to queue
[2026-02-22T14:27:34.869+0000] {logging_mixin.py:188} INFO - [2026-02-22T14:27:34.869+0000] {dagbag.py:545} INFO - Filling up the DagBag from /opt/airflow/dags/ga_etl_dag.py
[2026-02-22T14:27:34.875+0000] {processor.py:840} INFO - DAG(s) 'ga_etl_dag' retrieved from /opt/airflow/dags/ga_etl_dag.py
[2026-02-22T14:27:34.888+0000] {logging_mixin.py:188} INFO - [2026-02-22T14:27:34.888+0000] {dag.py:3089} INFO - Sync 1 DAGs
[2026-02-22T14:27:34.900+0000] {logging_mixin.py:188} INFO - [2026-02-22T14:27:34.900+0000] {dag.py:3947} INFO - Setting next_dagrun for ga_etl_dag to 2026-02-22 14:00:00+00:00, run_after=2026-02-22 15:00:00+00:00
[2026-02-22T14:27:34.909+0000] {processor.py:183} INFO - Processing /opt/airflow/dags/ga_etl_dag.py took 0.046 seconds
[2026-02-22T14:28:05.083+0000] {processor.py:161} INFO - Started process (PID=1083) to work on /opt/airflow/dags/ga_etl_dag.py
[2026-02-22T14:28:05.083+0000] {processor.py:830} INFO - Processing file /opt/airflow/dags/ga_etl_dag.py for tasks to queue
[2026-02-22T14:28:05.084+0000] {logging_mixin.py:188} INFO - [2026-02-22T14:28:05.084+0000] {dagbag.py:545} INFO - Filling up the DagBag from /opt/airflow/dags/ga_etl_dag.py
[2026-02-22T14:28:05.088+0000] {processor.py:840} INFO - DAG(s) 'ga_etl_dag' retrieved from /opt/airflow/dags/ga_etl_dag.py
[2026-02-22T14:28:05.100+0000] {logging_mixin.py:188} INFO - [2026-02-22T14:28:05.100+0000] {dag.py:3089} INFO - Sync 1 DAGs
[2026-02-22T14:28:05.108+0000] {logging_mixin.py:188} INFO - [2026-02-22T14:28:05.108+0000] {dag.py:3947} INFO - Setting next_dagrun for ga_etl_dag to 2026-02-22 14:00:00+00:00, run_after=2026-02-22 15:00:00+00:00
[2026-02-22T14:28:05.116+0000] {processor.py:183} INFO - Processing /opt/airflow/dags/ga_etl_dag.py took 0.038 seconds
[2026-02-22T14:28:35.270+0000] {processor.py:161} INFO - Started process (PID=1084) to work on /opt/airflow/dags/ga_etl_dag.py
[2026-02-22T14:28:35.271+0000] {processor.py:830} INFO - Processing file /opt/airflow/dags/ga_etl_dag.py for tasks to queue
[2026-02-22T14:28:35.271+0000] {logging_mixin.py:188} INFO - [2026-02-22T14:28:35.271+0000] {dagbag.py:545} INFO - Filling up the DagBag from /opt/airflow/dags/ga_etl_dag.py
[2026-02-22T14:28:35.274+0000] {processor.py:840} INFO - DAG(s) 'ga_etl_dag' retrieved from /opt/airflow/dags/ga_etl_dag.py
[2026-02-22T14:28:35.284+0000] {logging_mixin.py:188} INFO - [2026-02-22T14:28:35.284+0000] {dag.py:3089} INFO - Sync 1 DAGs
[2026-02-22T14:28:35.291+0000] {logging_mixin.py:188} INFO - [2026-02-22T14:28:35.291+0000] {dag.py:3947} INFO - Setting next_dagrun for ga_etl_dag to 2026-02-22 14:00:00+00:00, run_after=2026-02-22 15:00:00+00:00
[2026-02-22T14:28:35.298+0000] {processor.py:183} INFO - Processing /opt/airflow/dags/ga_etl_dag.py took 0.031 seconds
[2026-02-22T14:29:05.471+0000] {processor.py:161} INFO - Started process (PID=1085) to work on /opt/airflow/dags/ga_etl_dag.py
[2026-02-22T14:29:05.471+0000] {processor.py:830} INFO - Processing file /opt/airflow/dags/ga_etl_dag.py for tasks to queue
[2026-02-22T14:29:05.472+0000] {logging_mixin.py:188} INFO - [2026-02-22T14:29:05.471+0000] {dagbag.py:545} INFO - Filling up the DagBag from /opt/airflow/dags/ga_etl_dag.py
[2026-02-22T14:29:05.474+0000] {processor.py:840} INFO - DAG(s) 'ga_etl_dag' retrieved from /opt/airflow/dags/ga_etl_dag.py
[2026-02-22T14:29:05.484+0000] {logging_mixin.py:188} INFO - [2026-02-22T14:29:05.484+0000] {dag.py:3089} INFO - Sync 1 DAGs
[2026-02-22T14:29:05.493+0000] {logging_mixin.py:188} INFO - [2026-02-22T14:29:05.493+0000] {dag.py:3947} INFO - Setting next_dagrun for ga_etl_dag to 2026-02-22 14:00:00+00:00, run_after=2026-02-22 15:00:00+00:00
[2026-02-22T14:29:05.502+0000] {processor.py:183} INFO - Processing /opt/airflow/dags/ga_etl_dag.py took 0.033 seconds
[2026-02-22T14:29:35.674+0000] {processor.py:161} INFO - Started process (PID=1086) to work on /opt/airflow/dags/ga_etl_dag.py
[2026-02-22T14:29:35.675+0000] {processor.py:830} INFO - Processing file /opt/airflow/dags/ga_etl_dag.py for tasks to queue
[2026-02-22T14:29:35.676+0000] {logging_mixin.py:188} INFO - [2026-02-22T14:29:35.676+0000] {dagbag.py:545} INFO - Filling up the DagBag from /opt/airflow/dags/ga_etl_dag.py
[2026-02-22T14:29:35.681+0000] {processor.py:840} INFO - DAG(s) 'ga_etl_dag' retrieved from /opt/airflow/dags/ga_etl_dag.py
[2026-02-22T14:29:35.691+0000] {logging_mixin.py:188} INFO - [2026-02-22T14:29:35.691+0000] {dag.py:3089} INFO - Sync 1 DAGs
[2026-02-22T14:29:35.700+0000] {logging_mixin.py:188} INFO - [2026-02-22T14:29:35.700+0000] {dag.py:3947} INFO - Setting next_dagrun for ga_etl_dag to 2026-02-22 14:00:00+00:00, run_after=2026-02-22 15:00:00+00:00
[2026-02-22T14:29:35.708+0000] {processor.py:183} INFO - Processing /opt/airflow/dags/ga_etl_dag.py took 0.037 seconds
[2026-02-22T14:30:05.897+0000] {processor.py:161} INFO - Started process (PID=1087) to work on /opt/airflow/dags/ga_etl_dag.py
[2026-02-22T14:30:05.898+0000] {processor.py:830} INFO - Processing file /opt/airflow/dags/ga_etl_dag.py for tasks to queue
[2026-02-22T14:30:05.899+0000] {logging_mixin.py:188} INFO - [2026-02-22T14:30:05.899+0000] {dagbag.py:545} INFO - Filling up the DagBag from /opt/airflow/dags/ga_etl_dag.py
[2026-02-22T14:30:05.902+0000] {processor.py:840} INFO - DAG(s) 'ga_etl_dag' retrieved from /opt/airflow/dags/ga_etl_dag.py
[2026-02-22T14:30:05.913+0000] {logging_mixin.py:188} INFO - [2026-02-22T14:30:05.913+0000] {dag.py:3089} INFO - Sync 1 DAGs
[2026-02-22T14:30:05.919+0000] {logging_mixin.py:188} INFO - [2026-02-22T14:30:05.919+0000] {dag.py:3947} INFO - Setting next_dagrun for ga_etl_dag to 2026-02-22 14:00:00+00:00, run_after=2026-02-22 15:00:00+00:00
[2026-02-22T14:30:05.927+0000] {processor.py:183} INFO - Processing /opt/airflow/dags/ga_etl_dag.py took 0.046 seconds
[2026-02-22T14:30:36.007+0000] {processor.py:161} INFO - Started process (PID=1088) to work on /opt/airflow/dags/ga_etl_dag.py
[2026-02-22T14:30:36.007+0000] {processor.py:830} INFO - Processing file /opt/airflow/dags/ga_etl_dag.py for tasks to queue
[2026-02-22T14:30:36.008+0000] {logging_mixin.py:188} INFO - [2026-02-22T14:30:36.008+0000] {dagbag.py:545} INFO - Filling up the DagBag from /opt/airflow/dags/ga_etl_dag.py
[2026-02-22T14:30:36.011+0000] {processor.py:840} INFO - DAG(s) 'ga_etl_dag' retrieved from /opt/airflow/dags/ga_etl_dag.py
[2026-02-22T14:30:36.021+0000] {logging_mixin.py:188} INFO - [2026-02-22T14:30:36.021+0000] {dag.py:3089} INFO - Sync 1 DAGs
[2026-02-22T14:30:36.031+0000] {logging_mixin.py:188} INFO - [2026-02-22T14:30:36.031+0000] {dag.py:3947} INFO - Setting next_dagrun for ga_etl_dag to 2026-02-22 14:00:00+00:00, run_after=2026-02-22 15:00:00+00:00
[2026-02-22T14:30:36.039+0000] {processor.py:183} INFO - Processing /opt/airflow/dags/ga_etl_dag.py took 0.035 seconds
[2026-02-22T14:31:06.214+0000] {processor.py:161} INFO - Started process (PID=1089) to work on /opt/airflow/dags/ga_etl_dag.py
[2026-02-22T14:31:06.214+0000] {processor.py:830} INFO - Processing file /opt/airflow/dags/ga_etl_dag.py for tasks to queue
[2026-02-22T14:31:06.215+0000] {logging_mixin.py:188} INFO - [2026-02-22T14:31:06.215+0000] {dagbag.py:545} INFO - Filling up the DagBag from /opt/airflow/dags/ga_etl_dag.py
[2026-02-22T14:31:06.219+0000] {processor.py:840} INFO - DAG(s) 'ga_etl_dag' retrieved from /opt/airflow/dags/ga_etl_dag.py
[2026-02-22T14:31:06.230+0000] {logging_mixin.py:188} INFO - [2026-02-22T14:31:06.230+0000] {dag.py:3089} INFO - Sync 1 DAGs
[2026-02-22T14:31:06.240+0000] {logging_mixin.py:188} INFO - [2026-02-22T14:31:06.240+0000] {dag.py:3947} INFO - Setting next_dagrun for ga_etl_dag to 2026-02-22 14:00:00+00:00, run_after=2026-02-22 15:00:00+00:00
[2026-02-22T14:31:06.247+0000] {processor.py:183} INFO - Processing /opt/airflow/dags/ga_etl_dag.py took 0.037 seconds
[2026-02-22T14:31:36.420+0000] {processor.py:161} INFO - Started process (PID=1090) to work on /opt/airflow/dags/ga_etl_dag.py
[2026-02-22T14:31:36.421+0000] {processor.py:830} INFO - Processing file /opt/airflow/dags/ga_etl_dag.py for tasks to queue
[2026-02-22T14:31:36.421+0000] {logging_mixin.py:188} INFO - [2026-02-22T14:31:36.421+0000] {dagbag.py:545} INFO - Filling up the DagBag from /opt/airflow/dags/ga_etl_dag.py
[2026-02-22T14:31:36.425+0000] {processor.py:840} INFO - DAG(s) 'ga_etl_dag' retrieved from /opt/airflow/dags/ga_etl_dag.py
[2026-02-22T14:31:36.437+0000] {logging_mixin.py:188} INFO - [2026-02-22T14:31:36.437+0000] {dag.py:3089} INFO - Sync 1 DAGs
[2026-02-22T14:31:36.445+0000] {logging_mixin.py:188} INFO - [2026-02-22T14:31:36.445+0000] {dag.py:3947} INFO - Setting next_dagrun for ga_etl_dag to 2026-02-22 14:00:00+00:00, run_after=2026-02-22 15:00:00+00:00
[2026-02-22T14:31:36.453+0000] {processor.py:183} INFO - Processing /opt/airflow/dags/ga_etl_dag.py took 0.038 seconds
[2026-02-22T14:32:06.631+0000] {processor.py:161} INFO - Started process (PID=1091) to work on /opt/airflow/dags/ga_etl_dag.py
[2026-02-22T14:32:06.631+0000] {processor.py:830} INFO - Processing file /opt/airflow/dags/ga_etl_dag.py for tasks to queue
[2026-02-22T14:32:06.632+0000] {logging_mixin.py:188} INFO - [2026-02-22T14:32:06.632+0000] {dagbag.py:545} INFO - Filling up the DagBag from /opt/airflow/dags/ga_etl_dag.py
[2026-02-22T14:32:06.635+0000] {processor.py:840} INFO - DAG(s) 'ga_etl_dag' retrieved from /opt/airflow/dags/ga_etl_dag.py
[2026-02-22T14:32:06.645+0000] {logging_mixin.py:188} INFO - [2026-02-22T14:32:06.645+0000] {dag.py:3089} INFO - Sync 1 DAGs
[2026-02-22T14:32:06.655+0000] {logging_mixin.py:188} INFO - [2026-02-22T14:32:06.655+0000] {dag.py:3947} INFO - Setting next_dagrun for ga_etl_dag to 2026-02-22 14:00:00+00:00, run_after=2026-02-22 15:00:00+00:00
[2026-02-22T14:32:06.663+0000] {processor.py:183} INFO - Processing /opt/airflow/dags/ga_etl_dag.py took 0.036 seconds
[2026-02-22T14:32:37.006+0000] {processor.py:161} INFO - Started process (PID=1092) to work on /opt/airflow/dags/ga_etl_dag.py
[2026-02-22T14:32:37.006+0000] {processor.py:830} INFO - Processing file /opt/airflow/dags/ga_etl_dag.py for tasks to queue
[2026-02-22T14:32:37.007+0000] {logging_mixin.py:188} INFO - [2026-02-22T14:32:37.006+0000] {dagbag.py:545} INFO - Filling up the DagBag from /opt/airflow/dags/ga_etl_dag.py
[2026-02-22T14:32:37.009+0000] {processor.py:840} INFO - DAG(s) 'ga_etl_dag' retrieved from /opt/airflow/dags/ga_etl_dag.py
[2026-02-22T14:32:37.019+0000] {logging_mixin.py:188} INFO - [2026-02-22T14:32:37.019+0000] {dag.py:3089} INFO - Sync 1 DAGs
[2026-02-22T14:32:37.028+0000] {logging_mixin.py:188} INFO - [2026-02-22T14:32:37.028+0000] {dag.py:3947} INFO - Setting next_dagrun for ga_etl_dag to 2026-02-22 14:00:00+00:00, run_after=2026-02-22 15:00:00+00:00
[2026-02-22T14:32:37.036+0000] {processor.py:183} INFO - Processing /opt/airflow/dags/ga_etl_dag.py took 0.033 seconds
[2026-02-22T14:33:07.254+0000] {processor.py:161} INFO - Started process (PID=1093) to work on /opt/airflow/dags/ga_etl_dag.py
[2026-02-22T14:33:07.256+0000] {processor.py:830} INFO - Processing file /opt/airflow/dags/ga_etl_dag.py for tasks to queue
[2026-02-22T14:33:07.257+0000] {logging_mixin.py:188} INFO - [2026-02-22T14:33:07.256+0000] {dagbag.py:545} INFO - Filling up the DagBag from /opt/airflow/dags/ga_etl_dag.py
[2026-02-22T14:33:07.264+0000] {processor.py:840} INFO - DAG(s) 'ga_etl_dag' retrieved from /opt/airflow/dags/ga_etl_dag.py
[2026-02-22T14:33:07.284+0000] {logging_mixin.py:188} INFO - [2026-02-22T14:33:07.284+0000] {dag.py:3089} INFO - Sync 1 DAGs
[2026-02-22T14:33:07.295+0000] {logging_mixin.py:188} INFO - [2026-02-22T14:33:07.295+0000] {dag.py:3947} INFO - Setting next_dagrun for ga_etl_dag to 2026-02-22 14:00:00+00:00, run_after=2026-02-22 15:00:00+00:00
[2026-02-22T14:33:07.306+0000] {processor.py:183} INFO - Processing /opt/airflow/dags/ga_etl_dag.py took 0.059 seconds
[2026-02-22T14:34:21.479+0000] {processor.py:161} INFO - Started process (PID=1094) to work on /opt/airflow/dags/ga_etl_dag.py
[2026-02-22T14:34:21.481+0000] {processor.py:830} INFO - Processing file /opt/airflow/dags/ga_etl_dag.py for tasks to queue
[2026-02-22T14:34:21.482+0000] {logging_mixin.py:188} INFO - [2026-02-22T14:34:21.481+0000] {dagbag.py:545} INFO - Filling up the DagBag from /opt/airflow/dags/ga_etl_dag.py
[2026-02-22T14:34:21.487+0000] {processor.py:840} INFO - DAG(s) 'ga_etl_dag' retrieved from /opt/airflow/dags/ga_etl_dag.py
[2026-02-22T14:34:21.502+0000] {logging_mixin.py:188} INFO - [2026-02-22T14:34:21.502+0000] {dag.py:3089} INFO - Sync 1 DAGs
[2026-02-22T14:34:21.514+0000] {logging_mixin.py:188} INFO - [2026-02-22T14:34:21.514+0000] {dag.py:3947} INFO - Setting next_dagrun for ga_etl_dag to 2026-02-22 14:00:00+00:00, run_after=2026-02-22 15:00:00+00:00
[2026-02-22T14:34:21.539+0000] {processor.py:183} INFO - Processing /opt/airflow/dags/ga_etl_dag.py took 0.062 seconds
[2026-02-22T14:34:51.721+0000] {processor.py:161} INFO - Started process (PID=1095) to work on /opt/airflow/dags/ga_etl_dag.py
[2026-02-22T14:34:51.722+0000] {processor.py:830} INFO - Processing file /opt/airflow/dags/ga_etl_dag.py for tasks to queue
[2026-02-22T14:34:51.723+0000] {logging_mixin.py:188} INFO - [2026-02-22T14:34:51.722+0000] {dagbag.py:545} INFO - Filling up the DagBag from /opt/airflow/dags/ga_etl_dag.py
[2026-02-22T14:34:51.727+0000] {processor.py:840} INFO - DAG(s) 'ga_etl_dag' retrieved from /opt/airflow/dags/ga_etl_dag.py
[2026-02-22T14:34:51.737+0000] {logging_mixin.py:188} INFO - [2026-02-22T14:34:51.737+0000] {dag.py:3089} INFO - Sync 1 DAGs
[2026-02-22T14:34:51.745+0000] {logging_mixin.py:188} INFO - [2026-02-22T14:34:51.744+0000] {dag.py:3947} INFO - Setting next_dagrun for ga_etl_dag to 2026-02-22 14:00:00+00:00, run_after=2026-02-22 15:00:00+00:00
[2026-02-22T14:34:51.756+0000] {processor.py:183} INFO - Processing /opt/airflow/dags/ga_etl_dag.py took 0.038 seconds
[2026-02-22T14:35:21.907+0000] {processor.py:161} INFO - Started process (PID=1096) to work on /opt/airflow/dags/ga_etl_dag.py
[2026-02-22T14:35:21.908+0000] {processor.py:830} INFO - Processing file /opt/airflow/dags/ga_etl_dag.py for tasks to queue
[2026-02-22T14:35:21.909+0000] {logging_mixin.py:188} INFO - [2026-02-22T14:35:21.908+0000] {dagbag.py:545} INFO - Filling up the DagBag from /opt/airflow/dags/ga_etl_dag.py
[2026-02-22T14:35:21.913+0000] {processor.py:840} INFO - DAG(s) 'ga_etl_dag' retrieved from /opt/airflow/dags/ga_etl_dag.py
[2026-02-22T14:35:21.928+0000] {logging_mixin.py:188} INFO - [2026-02-22T14:35:21.927+0000] {dag.py:3089} INFO - Sync 1 DAGs
[2026-02-22T14:35:21.938+0000] {logging_mixin.py:188} INFO - [2026-02-22T14:35:21.938+0000] {dag.py:3947} INFO - Setting next_dagrun for ga_etl_dag to 2026-02-22 14:00:00+00:00, run_after=2026-02-22 15:00:00+00:00
[2026-02-22T14:35:21.959+0000] {processor.py:183} INFO - Processing /opt/airflow/dags/ga_etl_dag.py took 0.054 seconds
[2026-02-22T14:36:47.530+0000] {processor.py:161} INFO - Started process (PID=1097) to work on /opt/airflow/dags/ga_etl_dag.py
[2026-02-22T14:36:47.531+0000] {processor.py:830} INFO - Processing file /opt/airflow/dags/ga_etl_dag.py for tasks to queue
[2026-02-22T14:36:47.531+0000] {logging_mixin.py:188} INFO - [2026-02-22T14:36:47.531+0000] {dagbag.py:545} INFO - Filling up the DagBag from /opt/airflow/dags/ga_etl_dag.py
[2026-02-22T14:36:47.534+0000] {processor.py:840} INFO - DAG(s) 'ga_etl_dag' retrieved from /opt/airflow/dags/ga_etl_dag.py
[2026-02-22T14:36:47.547+0000] {logging_mixin.py:188} INFO - [2026-02-22T14:36:47.546+0000] {dag.py:3089} INFO - Sync 1 DAGs
[2026-02-22T14:36:47.560+0000] {logging_mixin.py:188} INFO - [2026-02-22T14:36:47.560+0000] {dag.py:3947} INFO - Setting next_dagrun for ga_etl_dag to 2026-02-22 14:00:00+00:00, run_after=2026-02-22 15:00:00+00:00
[2026-02-22T14:36:47.587+0000] {processor.py:183} INFO - Processing /opt/airflow/dags/ga_etl_dag.py took 0.061 seconds
[2026-02-22T14:37:17.886+0000] {processor.py:161} INFO - Started process (PID=1098) to work on /opt/airflow/dags/ga_etl_dag.py
[2026-02-22T14:37:17.888+0000] {processor.py:830} INFO - Processing file /opt/airflow/dags/ga_etl_dag.py for tasks to queue
[2026-02-22T14:37:17.888+0000] {logging_mixin.py:188} INFO - [2026-02-22T14:37:17.888+0000] {dagbag.py:545} INFO - Filling up the DagBag from /opt/airflow/dags/ga_etl_dag.py
[2026-02-22T14:37:17.892+0000] {processor.py:840} INFO - DAG(s) 'ga_etl_dag' retrieved from /opt/airflow/dags/ga_etl_dag.py
[2026-02-22T14:37:17.909+0000] {logging_mixin.py:188} INFO - [2026-02-22T14:37:17.908+0000] {dag.py:3089} INFO - Sync 1 DAGs
[2026-02-22T14:37:17.919+0000] {logging_mixin.py:188} INFO - [2026-02-22T14:37:17.919+0000] {dag.py:3947} INFO - Setting next_dagrun for ga_etl_dag to 2026-02-22 14:00:00+00:00, run_after=2026-02-22 15:00:00+00:00
[2026-02-22T14:37:17.929+0000] {processor.py:183} INFO - Processing /opt/airflow/dags/ga_etl_dag.py took 0.047 seconds
[2026-02-22T14:38:15.423+0000] {processor.py:161} INFO - Started process (PID=1099) to work on /opt/airflow/dags/ga_etl_dag.py
[2026-02-22T14:38:15.424+0000] {processor.py:830} INFO - Processing file /opt/airflow/dags/ga_etl_dag.py for tasks to queue
[2026-02-22T14:38:15.425+0000] {logging_mixin.py:188} INFO - [2026-02-22T14:38:15.424+0000] {dagbag.py:545} INFO - Filling up the DagBag from /opt/airflow/dags/ga_etl_dag.py
[2026-02-22T14:38:15.430+0000] {processor.py:840} INFO - DAG(s) 'ga_etl_dag' retrieved from /opt/airflow/dags/ga_etl_dag.py
[2026-02-22T14:38:15.448+0000] {logging_mixin.py:188} INFO - [2026-02-22T14:38:15.448+0000] {dag.py:3089} INFO - Sync 1 DAGs
[2026-02-22T14:38:15.455+0000] {logging_mixin.py:188} INFO - [2026-02-22T14:38:15.455+0000] {dag.py:3947} INFO - Setting next_dagrun for ga_etl_dag to 2026-02-22 14:00:00+00:00, run_after=2026-02-22 15:00:00+00:00
[2026-02-22T14:38:15.463+0000] {processor.py:183} INFO - Processing /opt/airflow/dags/ga_etl_dag.py took 0.046 seconds
[2026-02-22T14:43:06.217+0000] {processor.py:161} INFO - Started process (PID=1100) to work on /opt/airflow/dags/ga_etl_dag.py
[2026-02-22T14:43:06.218+0000] {processor.py:830} INFO - Processing file /opt/airflow/dags/ga_etl_dag.py for tasks to queue
[2026-02-22T14:43:06.218+0000] {logging_mixin.py:188} INFO - [2026-02-22T14:43:06.218+0000] {dagbag.py:545} INFO - Filling up the DagBag from /opt/airflow/dags/ga_etl_dag.py
[2026-02-22T14:43:06.221+0000] {processor.py:840} INFO - DAG(s) 'ga_etl_dag' retrieved from /opt/airflow/dags/ga_etl_dag.py
[2026-02-22T14:43:06.232+0000] {logging_mixin.py:188} INFO - [2026-02-22T14:43:06.232+0000] {dag.py:3089} INFO - Sync 1 DAGs
[2026-02-22T14:43:06.238+0000] {logging_mixin.py:188} INFO - [2026-02-22T14:43:06.238+0000] {dag.py:3947} INFO - Setting next_dagrun for ga_etl_dag to 2026-02-22 14:00:00+00:00, run_after=2026-02-22 15:00:00+00:00
[2026-02-22T14:43:06.246+0000] {processor.py:183} INFO - Processing /opt/airflow/dags/ga_etl_dag.py took 0.031 seconds
[2026-02-22T14:43:37.343+0000] {processor.py:161} INFO - Started process (PID=1101) to work on /opt/airflow/dags/ga_etl_dag.py
[2026-02-22T14:43:37.343+0000] {processor.py:830} INFO - Processing file /opt/airflow/dags/ga_etl_dag.py for tasks to queue
[2026-02-22T14:43:37.344+0000] {logging_mixin.py:188} INFO - [2026-02-22T14:43:37.344+0000] {dagbag.py:545} INFO - Filling up the DagBag from /opt/airflow/dags/ga_etl_dag.py
[2026-02-22T14:43:37.348+0000] {processor.py:840} INFO - DAG(s) 'ga_etl_dag' retrieved from /opt/airflow/dags/ga_etl_dag.py
[2026-02-22T14:43:37.365+0000] {logging_mixin.py:188} INFO - [2026-02-22T14:43:37.364+0000] {dag.py:3089} INFO - Sync 1 DAGs
[2026-02-22T14:43:37.374+0000] {logging_mixin.py:188} INFO - [2026-02-22T14:43:37.373+0000] {dag.py:3947} INFO - Setting next_dagrun for ga_etl_dag to 2026-02-22 14:00:00+00:00, run_after=2026-02-22 15:00:00+00:00
[2026-02-22T14:43:37.417+0000] {processor.py:183} INFO - Processing /opt/airflow/dags/ga_etl_dag.py took 0.076 seconds
[2026-02-22T14:44:07.473+0000] {processor.py:161} INFO - Started process (PID=1102) to work on /opt/airflow/dags/ga_etl_dag.py
[2026-02-22T14:44:07.474+0000] {processor.py:830} INFO - Processing file /opt/airflow/dags/ga_etl_dag.py for tasks to queue
[2026-02-22T14:44:07.474+0000] {logging_mixin.py:188} INFO - [2026-02-22T14:44:07.474+0000] {dagbag.py:545} INFO - Filling up the DagBag from /opt/airflow/dags/ga_etl_dag.py
[2026-02-22T14:44:07.477+0000] {processor.py:840} INFO - DAG(s) 'ga_etl_dag' retrieved from /opt/airflow/dags/ga_etl_dag.py
[2026-02-22T14:44:07.489+0000] {logging_mixin.py:188} INFO - [2026-02-22T14:44:07.489+0000] {dag.py:3089} INFO - Sync 1 DAGs
[2026-02-22T14:44:07.495+0000] {logging_mixin.py:188} INFO - [2026-02-22T14:44:07.495+0000] {dag.py:3947} INFO - Setting next_dagrun for ga_etl_dag to 2026-02-22 14:00:00+00:00, run_after=2026-02-22 15:00:00+00:00
[2026-02-22T14:44:07.503+0000] {processor.py:183} INFO - Processing /opt/airflow/dags/ga_etl_dag.py took 0.034 seconds
[2026-02-22T14:44:37.768+0000] {processor.py:161} INFO - Started process (PID=1103) to work on /opt/airflow/dags/ga_etl_dag.py
[2026-02-22T14:44:37.775+0000] {processor.py:830} INFO - Processing file /opt/airflow/dags/ga_etl_dag.py for tasks to queue
[2026-02-22T14:44:37.777+0000] {logging_mixin.py:188} INFO - [2026-02-22T14:44:37.776+0000] {dagbag.py:545} INFO - Filling up the DagBag from /opt/airflow/dags/ga_etl_dag.py
[2026-02-22T14:44:37.793+0000] {processor.py:840} INFO - DAG(s) 'ga_etl_dag' retrieved from /opt/airflow/dags/ga_etl_dag.py
[2026-02-22T14:44:37.855+0000] {logging_mixin.py:188} INFO - [2026-02-22T14:44:37.855+0000] {dag.py:3089} INFO - Sync 1 DAGs
[2026-02-22T14:44:37.897+0000] {logging_mixin.py:188} INFO - [2026-02-22T14:44:37.896+0000] {dag.py:3947} INFO - Setting next_dagrun for ga_etl_dag to 2026-02-22 14:00:00+00:00, run_after=2026-02-22 15:00:00+00:00
[2026-02-22T14:44:37.965+0000] {processor.py:183} INFO - Processing /opt/airflow/dags/ga_etl_dag.py took 0.207 seconds
[2026-02-22T14:51:30.818+0000] {processor.py:161} INFO - Started process (PID=1104) to work on /opt/airflow/dags/ga_etl_dag.py
[2026-02-22T14:51:30.818+0000] {processor.py:830} INFO - Processing file /opt/airflow/dags/ga_etl_dag.py for tasks to queue
[2026-02-22T14:51:30.818+0000] {logging_mixin.py:188} INFO - [2026-02-22T14:51:30.818+0000] {dagbag.py:545} INFO - Filling up the DagBag from /opt/airflow/dags/ga_etl_dag.py
[2026-02-22T14:51:30.821+0000] {processor.py:840} INFO - DAG(s) 'ga_etl_dag' retrieved from /opt/airflow/dags/ga_etl_dag.py
[2026-02-22T14:51:30.833+0000] {logging_mixin.py:188} INFO - [2026-02-22T14:51:30.833+0000] {dag.py:3089} INFO - Sync 1 DAGs
[2026-02-22T14:51:30.840+0000] {logging_mixin.py:188} INFO - [2026-02-22T14:51:30.840+0000] {dag.py:3947} INFO - Setting next_dagrun for ga_etl_dag to 2026-02-22 14:00:00+00:00, run_after=2026-02-22 15:00:00+00:00
[2026-02-22T14:51:30.849+0000] {processor.py:183} INFO - Processing /opt/airflow/dags/ga_etl_dag.py took 0.035 seconds
[2026-02-22T14:52:00.925+0000] {processor.py:161} INFO - Started process (PID=1105) to work on /opt/airflow/dags/ga_etl_dag.py
[2026-02-22T14:52:00.925+0000] {processor.py:830} INFO - Processing file /opt/airflow/dags/ga_etl_dag.py for tasks to queue
[2026-02-22T14:52:00.926+0000] {logging_mixin.py:188} INFO - [2026-02-22T14:52:00.926+0000] {dagbag.py:545} INFO - Filling up the DagBag from /opt/airflow/dags/ga_etl_dag.py
[2026-02-22T14:52:00.929+0000] {processor.py:840} INFO - DAG(s) 'ga_etl_dag' retrieved from /opt/airflow/dags/ga_etl_dag.py
[2026-02-22T14:52:00.942+0000] {logging_mixin.py:188} INFO - [2026-02-22T14:52:00.942+0000] {dag.py:3089} INFO - Sync 1 DAGs
[2026-02-22T14:52:00.953+0000] {logging_mixin.py:188} INFO - [2026-02-22T14:52:00.953+0000] {dag.py:3947} INFO - Setting next_dagrun for ga_etl_dag to 2026-02-22 14:00:00+00:00, run_after=2026-02-22 15:00:00+00:00
[2026-02-22T14:52:00.972+0000] {processor.py:183} INFO - Processing /opt/airflow/dags/ga_etl_dag.py took 0.051 seconds
[2026-02-22T15:07:28.718+0000] {processor.py:161} INFO - Started process (PID=1106) to work on /opt/airflow/dags/ga_etl_dag.py
[2026-02-22T15:07:28.718+0000] {processor.py:830} INFO - Processing file /opt/airflow/dags/ga_etl_dag.py for tasks to queue
[2026-02-22T15:07:28.719+0000] {logging_mixin.py:188} INFO - [2026-02-22T15:07:28.719+0000] {dagbag.py:545} INFO - Filling up the DagBag from /opt/airflow/dags/ga_etl_dag.py
[2026-02-22T15:07:28.722+0000] {processor.py:840} INFO - DAG(s) 'ga_etl_dag' retrieved from /opt/airflow/dags/ga_etl_dag.py
[2026-02-22T15:07:28.734+0000] {logging_mixin.py:188} INFO - [2026-02-22T15:07:28.734+0000] {dag.py:3089} INFO - Sync 1 DAGs
[2026-02-22T15:07:28.740+0000] {logging_mixin.py:188} INFO - [2026-02-22T15:07:28.740+0000] {dag.py:3947} INFO - Setting next_dagrun for ga_etl_dag to 2026-02-22 14:00:00+00:00, run_after=2026-02-22 15:00:00+00:00
[2026-02-22T15:07:28.749+0000] {processor.py:183} INFO - Processing /opt/airflow/dags/ga_etl_dag.py took 0.035 seconds
[2026-02-22T16:09:34.971+0000] {processor.py:161} INFO - Started process (PID=1132) to work on /opt/airflow/dags/ga_etl_dag.py
[2026-02-22T16:09:34.972+0000] {processor.py:830} INFO - Processing file /opt/airflow/dags/ga_etl_dag.py for tasks to queue
[2026-02-22T16:09:34.973+0000] {logging_mixin.py:188} INFO - [2026-02-22T16:09:34.973+0000] {dagbag.py:545} INFO - Filling up the DagBag from /opt/airflow/dags/ga_etl_dag.py
[2026-02-22T16:09:34.979+0000] {processor.py:840} INFO - DAG(s) 'ga_etl_dag' retrieved from /opt/airflow/dags/ga_etl_dag.py
[2026-02-22T16:09:35.000+0000] {logging_mixin.py:188} INFO - [2026-02-22T16:09:35.000+0000] {dag.py:3089} INFO - Sync 1 DAGs
[2026-02-22T16:09:35.026+0000] {processor.py:183} INFO - Processing /opt/airflow/dags/ga_etl_dag.py took 0.058 seconds
