[2026-02-21T04:24:10.868+0000] {processor.py:161} INFO - Started process (PID=772) to work on /opt/airflow/dags/ga_etl_dag.py
[2026-02-21T04:24:10.868+0000] {processor.py:830} INFO - Processing file /opt/airflow/dags/ga_etl_dag.py for tasks to queue
[2026-02-21T04:24:10.869+0000] {logging_mixin.py:188} INFO - [2026-02-21T04:24:10.869+0000] {dagbag.py:545} INFO - Filling up the DagBag from /opt/airflow/dags/ga_etl_dag.py
[2026-02-21T04:24:10.876+0000] {processor.py:840} INFO - DAG(s) 'ga_etl_dag' retrieved from /opt/airflow/dags/ga_etl_dag.py
[2026-02-21T04:24:10.970+0000] {logging_mixin.py:188} INFO - [2026-02-21T04:24:10.970+0000] {dag.py:3089} INFO - Sync 1 DAGs
[2026-02-21T04:24:10.995+0000] {processor.py:183} INFO - Processing /opt/airflow/dags/ga_etl_dag.py took 0.132 seconds
[2026-02-21T04:45:08.163+0000] {processor.py:161} INFO - Started process (PID=807) to work on /opt/airflow/dags/ga_etl_dag.py
[2026-02-21T04:45:08.163+0000] {processor.py:830} INFO - Processing file /opt/airflow/dags/ga_etl_dag.py for tasks to queue
[2026-02-21T04:45:08.164+0000] {logging_mixin.py:188} INFO - [2026-02-21T04:45:08.164+0000] {dagbag.py:545} INFO - Filling up the DagBag from /opt/airflow/dags/ga_etl_dag.py
[2026-02-21T04:45:08.169+0000] {processor.py:840} INFO - DAG(s) 'ga_etl_dag' retrieved from /opt/airflow/dags/ga_etl_dag.py
[2026-02-21T04:45:08.185+0000] {logging_mixin.py:188} INFO - [2026-02-21T04:45:08.185+0000] {dag.py:3089} INFO - Sync 1 DAGs
[2026-02-21T04:45:08.217+0000] {processor.py:183} INFO - Processing /opt/airflow/dags/ga_etl_dag.py took 0.058 seconds
[2026-02-21T19:48:48.126+0000] {processor.py:161} INFO - Started process (PID=821) to work on /opt/airflow/dags/ga_etl_dag.py
[2026-02-21T19:48:48.127+0000] {processor.py:830} INFO - Processing file /opt/airflow/dags/ga_etl_dag.py for tasks to queue
[2026-02-21T19:48:48.128+0000] {logging_mixin.py:188} INFO - [2026-02-21T19:48:48.128+0000] {dagbag.py:545} INFO - Filling up the DagBag from /opt/airflow/dags/ga_etl_dag.py
[2026-02-21T19:48:48.133+0000] {processor.py:840} INFO - DAG(s) 'ga_etl_dag' retrieved from /opt/airflow/dags/ga_etl_dag.py
[2026-02-21T19:48:48.149+0000] {logging_mixin.py:188} INFO - [2026-02-21T19:48:48.149+0000] {dag.py:3089} INFO - Sync 1 DAGs
[2026-02-21T19:48:48.174+0000] {processor.py:183} INFO - Processing /opt/airflow/dags/ga_etl_dag.py took 0.051 seconds
[2026-02-21T21:16:00.456+0000] {processor.py:161} INFO - Started process (PID=833) to work on /opt/airflow/dags/ga_etl_dag.py
[2026-02-21T21:16:00.456+0000] {processor.py:830} INFO - Processing file /opt/airflow/dags/ga_etl_dag.py for tasks to queue
[2026-02-21T21:16:00.457+0000] {logging_mixin.py:188} INFO - [2026-02-21T21:16:00.457+0000] {dagbag.py:545} INFO - Filling up the DagBag from /opt/airflow/dags/ga_etl_dag.py
[2026-02-21T21:16:00.462+0000] {processor.py:840} INFO - DAG(s) 'ga_etl_dag' retrieved from /opt/airflow/dags/ga_etl_dag.py
[2026-02-21T21:16:00.481+0000] {logging_mixin.py:188} INFO - [2026-02-21T21:16:00.481+0000] {dag.py:3089} INFO - Sync 1 DAGs
[2026-02-21T21:16:00.511+0000] {processor.py:183} INFO - Processing /opt/airflow/dags/ga_etl_dag.py took 0.059 seconds
