[2026-02-19T12:31:05.313+0000] {processor.py:161} INFO - Started process (PID=369) to work on /opt/airflow/dags/ga_etl_dag.py
[2026-02-19T12:31:05.314+0000] {processor.py:830} INFO - Processing file /opt/airflow/dags/ga_etl_dag.py for tasks to queue
[2026-02-19T12:31:05.315+0000] {logging_mixin.py:188} INFO - [2026-02-19T12:31:05.314+0000] {dagbag.py:545} INFO - Filling up the DagBag from /opt/airflow/dags/ga_etl_dag.py
[2026-02-19T12:31:05.323+0000] {processor.py:840} INFO - DAG(s) 'ga_etl_dag' retrieved from /opt/airflow/dags/ga_etl_dag.py
[2026-02-19T12:31:05.424+0000] {logging_mixin.py:188} INFO - [2026-02-19T12:31:05.424+0000] {dag.py:3089} INFO - Sync 1 DAGs
[2026-02-19T12:31:05.453+0000] {processor.py:183} INFO - Processing /opt/airflow/dags/ga_etl_dag.py took 0.144 seconds
[2026-02-19T12:46:21.000+0000] {processor.py:161} INFO - Started process (PID=417) to work on /opt/airflow/dags/ga_etl_dag.py
[2026-02-19T12:46:21.001+0000] {processor.py:830} INFO - Processing file /opt/airflow/dags/ga_etl_dag.py for tasks to queue
[2026-02-19T12:46:21.002+0000] {logging_mixin.py:188} INFO - [2026-02-19T12:46:21.001+0000] {dagbag.py:545} INFO - Filling up the DagBag from /opt/airflow/dags/ga_etl_dag.py
[2026-02-19T12:46:21.009+0000] {processor.py:840} INFO - DAG(s) 'ga_etl_dag' retrieved from /opt/airflow/dags/ga_etl_dag.py
[2026-02-19T12:46:21.037+0000] {logging_mixin.py:188} INFO - [2026-02-19T12:46:21.037+0000] {dag.py:3089} INFO - Sync 1 DAGs
[2026-02-19T12:46:21.068+0000] {processor.py:183} INFO - Processing /opt/airflow/dags/ga_etl_dag.py took 0.072 seconds
[2026-02-19T12:46:51.944+0000] {processor.py:161} INFO - Started process (PID=440) to work on /opt/airflow/dags/ga_etl_dag.py
[2026-02-19T12:46:51.945+0000] {processor.py:830} INFO - Processing file /opt/airflow/dags/ga_etl_dag.py for tasks to queue
[2026-02-19T12:46:51.946+0000] {logging_mixin.py:188} INFO - [2026-02-19T12:46:51.946+0000] {dagbag.py:545} INFO - Filling up the DagBag from /opt/airflow/dags/ga_etl_dag.py
[2026-02-19T12:46:51.953+0000] {processor.py:840} INFO - DAG(s) 'ga_etl_dag' retrieved from /opt/airflow/dags/ga_etl_dag.py
[2026-02-19T12:46:51.973+0000] {logging_mixin.py:188} INFO - [2026-02-19T12:46:51.972+0000] {dag.py:3089} INFO - Sync 1 DAGs
[2026-02-19T12:46:51.985+0000] {logging_mixin.py:188} INFO - [2026-02-19T12:46:51.985+0000] {dag.py:3947} INFO - Setting next_dagrun for ga_etl_dag to 2026-02-19 12:00:00+00:00, run_after=2026-02-19 13:00:00+00:00
[2026-02-19T12:46:52.000+0000] {processor.py:183} INFO - Processing /opt/airflow/dags/ga_etl_dag.py took 0.061 seconds
[2026-02-19T12:47:22.192+0000] {processor.py:161} INFO - Started process (PID=441) to work on /opt/airflow/dags/ga_etl_dag.py
[2026-02-19T12:47:22.193+0000] {processor.py:830} INFO - Processing file /opt/airflow/dags/ga_etl_dag.py for tasks to queue
[2026-02-19T12:47:22.193+0000] {logging_mixin.py:188} INFO - [2026-02-19T12:47:22.193+0000] {dagbag.py:545} INFO - Filling up the DagBag from /opt/airflow/dags/ga_etl_dag.py
[2026-02-19T12:47:22.198+0000] {processor.py:840} INFO - DAG(s) 'ga_etl_dag' retrieved from /opt/airflow/dags/ga_etl_dag.py
[2026-02-19T12:47:22.215+0000] {logging_mixin.py:188} INFO - [2026-02-19T12:47:22.215+0000] {dag.py:3089} INFO - Sync 1 DAGs
[2026-02-19T12:47:22.228+0000] {logging_mixin.py:188} INFO - [2026-02-19T12:47:22.228+0000] {dag.py:3947} INFO - Setting next_dagrun for ga_etl_dag to 2026-02-19 12:00:00+00:00, run_after=2026-02-19 13:00:00+00:00
[2026-02-19T12:47:22.242+0000] {processor.py:183} INFO - Processing /opt/airflow/dags/ga_etl_dag.py took 0.054 seconds
[2026-02-19T12:47:52.437+0000] {processor.py:161} INFO - Started process (PID=442) to work on /opt/airflow/dags/ga_etl_dag.py
[2026-02-19T12:47:52.438+0000] {processor.py:830} INFO - Processing file /opt/airflow/dags/ga_etl_dag.py for tasks to queue
[2026-02-19T12:47:52.439+0000] {logging_mixin.py:188} INFO - [2026-02-19T12:47:52.439+0000] {dagbag.py:545} INFO - Filling up the DagBag from /opt/airflow/dags/ga_etl_dag.py
[2026-02-19T12:47:52.444+0000] {processor.py:840} INFO - DAG(s) 'ga_etl_dag' retrieved from /opt/airflow/dags/ga_etl_dag.py
[2026-02-19T12:47:52.465+0000] {logging_mixin.py:188} INFO - [2026-02-19T12:47:52.464+0000] {dag.py:3089} INFO - Sync 1 DAGs
[2026-02-19T12:47:52.475+0000] {logging_mixin.py:188} INFO - [2026-02-19T12:47:52.475+0000] {dag.py:3947} INFO - Setting next_dagrun for ga_etl_dag to 2026-02-19 12:00:00+00:00, run_after=2026-02-19 13:00:00+00:00
[2026-02-19T12:47:52.491+0000] {processor.py:183} INFO - Processing /opt/airflow/dags/ga_etl_dag.py took 0.058 seconds
[2026-02-19T12:48:22.677+0000] {processor.py:161} INFO - Started process (PID=443) to work on /opt/airflow/dags/ga_etl_dag.py
[2026-02-19T12:48:22.678+0000] {processor.py:830} INFO - Processing file /opt/airflow/dags/ga_etl_dag.py for tasks to queue
[2026-02-19T12:48:22.679+0000] {logging_mixin.py:188} INFO - [2026-02-19T12:48:22.679+0000] {dagbag.py:545} INFO - Filling up the DagBag from /opt/airflow/dags/ga_etl_dag.py
[2026-02-19T12:48:22.685+0000] {processor.py:840} INFO - DAG(s) 'ga_etl_dag' retrieved from /opt/airflow/dags/ga_etl_dag.py
[2026-02-19T12:48:22.705+0000] {logging_mixin.py:188} INFO - [2026-02-19T12:48:22.704+0000] {dag.py:3089} INFO - Sync 1 DAGs
[2026-02-19T12:48:22.716+0000] {logging_mixin.py:188} INFO - [2026-02-19T12:48:22.716+0000] {dag.py:3947} INFO - Setting next_dagrun for ga_etl_dag to 2026-02-19 12:00:00+00:00, run_after=2026-02-19 13:00:00+00:00
[2026-02-19T12:48:22.731+0000] {processor.py:183} INFO - Processing /opt/airflow/dags/ga_etl_dag.py took 0.059 seconds
[2026-02-19T12:48:52.930+0000] {processor.py:161} INFO - Started process (PID=444) to work on /opt/airflow/dags/ga_etl_dag.py
[2026-02-19T12:48:52.932+0000] {processor.py:830} INFO - Processing file /opt/airflow/dags/ga_etl_dag.py for tasks to queue
[2026-02-19T12:48:52.933+0000] {logging_mixin.py:188} INFO - [2026-02-19T12:48:52.932+0000] {dagbag.py:545} INFO - Filling up the DagBag from /opt/airflow/dags/ga_etl_dag.py
[2026-02-19T12:48:52.939+0000] {processor.py:840} INFO - DAG(s) 'ga_etl_dag' retrieved from /opt/airflow/dags/ga_etl_dag.py
[2026-02-19T12:48:52.958+0000] {logging_mixin.py:188} INFO - [2026-02-19T12:48:52.957+0000] {dag.py:3089} INFO - Sync 1 DAGs
[2026-02-19T12:48:52.970+0000] {logging_mixin.py:188} INFO - [2026-02-19T12:48:52.969+0000] {dag.py:3947} INFO - Setting next_dagrun for ga_etl_dag to 2026-02-19 12:00:00+00:00, run_after=2026-02-19 13:00:00+00:00
[2026-02-19T12:48:52.983+0000] {processor.py:183} INFO - Processing /opt/airflow/dags/ga_etl_dag.py took 0.059 seconds
[2026-02-19T12:49:23.129+0000] {processor.py:161} INFO - Started process (PID=445) to work on /opt/airflow/dags/ga_etl_dag.py
[2026-02-19T12:49:23.130+0000] {processor.py:830} INFO - Processing file /opt/airflow/dags/ga_etl_dag.py for tasks to queue
[2026-02-19T12:49:23.131+0000] {logging_mixin.py:188} INFO - [2026-02-19T12:49:23.130+0000] {dagbag.py:545} INFO - Filling up the DagBag from /opt/airflow/dags/ga_etl_dag.py
[2026-02-19T12:49:23.137+0000] {processor.py:840} INFO - DAG(s) 'ga_etl_dag' retrieved from /opt/airflow/dags/ga_etl_dag.py
[2026-02-19T12:49:23.157+0000] {logging_mixin.py:188} INFO - [2026-02-19T12:49:23.157+0000] {dag.py:3089} INFO - Sync 1 DAGs
[2026-02-19T12:49:23.170+0000] {logging_mixin.py:188} INFO - [2026-02-19T12:49:23.170+0000] {dag.py:3947} INFO - Setting next_dagrun for ga_etl_dag to 2026-02-19 12:00:00+00:00, run_after=2026-02-19 13:00:00+00:00
[2026-02-19T12:49:23.184+0000] {processor.py:183} INFO - Processing /opt/airflow/dags/ga_etl_dag.py took 0.062 seconds
[2026-02-19T12:49:53.367+0000] {processor.py:161} INFO - Started process (PID=446) to work on /opt/airflow/dags/ga_etl_dag.py
[2026-02-19T12:49:53.368+0000] {processor.py:830} INFO - Processing file /opt/airflow/dags/ga_etl_dag.py for tasks to queue
[2026-02-19T12:49:53.368+0000] {logging_mixin.py:188} INFO - [2026-02-19T12:49:53.368+0000] {dagbag.py:545} INFO - Filling up the DagBag from /opt/airflow/dags/ga_etl_dag.py
[2026-02-19T12:49:53.374+0000] {processor.py:840} INFO - DAG(s) 'ga_etl_dag' retrieved from /opt/airflow/dags/ga_etl_dag.py
[2026-02-19T12:49:53.394+0000] {logging_mixin.py:188} INFO - [2026-02-19T12:49:53.393+0000] {dag.py:3089} INFO - Sync 1 DAGs
[2026-02-19T12:49:53.406+0000] {logging_mixin.py:188} INFO - [2026-02-19T12:49:53.406+0000] {dag.py:3947} INFO - Setting next_dagrun for ga_etl_dag to 2026-02-19 12:00:00+00:00, run_after=2026-02-19 13:00:00+00:00
[2026-02-19T12:49:53.419+0000] {processor.py:183} INFO - Processing /opt/airflow/dags/ga_etl_dag.py took 0.059 seconds
[2026-02-19T12:50:23.584+0000] {processor.py:161} INFO - Started process (PID=447) to work on /opt/airflow/dags/ga_etl_dag.py
[2026-02-19T12:50:23.585+0000] {processor.py:830} INFO - Processing file /opt/airflow/dags/ga_etl_dag.py for tasks to queue
[2026-02-19T12:50:23.585+0000] {logging_mixin.py:188} INFO - [2026-02-19T12:50:23.585+0000] {dagbag.py:545} INFO - Filling up the DagBag from /opt/airflow/dags/ga_etl_dag.py
[2026-02-19T12:50:23.591+0000] {processor.py:840} INFO - DAG(s) 'ga_etl_dag' retrieved from /opt/airflow/dags/ga_etl_dag.py
[2026-02-19T12:50:23.612+0000] {logging_mixin.py:188} INFO - [2026-02-19T12:50:23.612+0000] {dag.py:3089} INFO - Sync 1 DAGs
[2026-02-19T12:50:23.624+0000] {logging_mixin.py:188} INFO - [2026-02-19T12:50:23.624+0000] {dag.py:3947} INFO - Setting next_dagrun for ga_etl_dag to 2026-02-19 12:00:00+00:00, run_after=2026-02-19 13:00:00+00:00
[2026-02-19T12:50:23.639+0000] {processor.py:183} INFO - Processing /opt/airflow/dags/ga_etl_dag.py took 0.062 seconds
[2026-02-19T12:50:53.822+0000] {processor.py:161} INFO - Started process (PID=448) to work on /opt/airflow/dags/ga_etl_dag.py
[2026-02-19T12:50:53.823+0000] {processor.py:830} INFO - Processing file /opt/airflow/dags/ga_etl_dag.py for tasks to queue
[2026-02-19T12:50:53.823+0000] {logging_mixin.py:188} INFO - [2026-02-19T12:50:53.823+0000] {dagbag.py:545} INFO - Filling up the DagBag from /opt/airflow/dags/ga_etl_dag.py
[2026-02-19T12:50:53.829+0000] {processor.py:840} INFO - DAG(s) 'ga_etl_dag' retrieved from /opt/airflow/dags/ga_etl_dag.py
[2026-02-19T12:50:53.847+0000] {logging_mixin.py:188} INFO - [2026-02-19T12:50:53.847+0000] {dag.py:3089} INFO - Sync 1 DAGs
[2026-02-19T12:50:53.857+0000] {logging_mixin.py:188} INFO - [2026-02-19T12:50:53.857+0000] {dag.py:3947} INFO - Setting next_dagrun for ga_etl_dag to 2026-02-19 12:00:00+00:00, run_after=2026-02-19 13:00:00+00:00
[2026-02-19T12:50:53.872+0000] {processor.py:183} INFO - Processing /opt/airflow/dags/ga_etl_dag.py took 0.055 seconds
[2026-02-19T12:51:24.071+0000] {processor.py:161} INFO - Started process (PID=449) to work on /opt/airflow/dags/ga_etl_dag.py
[2026-02-19T12:51:24.072+0000] {processor.py:830} INFO - Processing file /opt/airflow/dags/ga_etl_dag.py for tasks to queue
[2026-02-19T12:51:24.073+0000] {logging_mixin.py:188} INFO - [2026-02-19T12:51:24.073+0000] {dagbag.py:545} INFO - Filling up the DagBag from /opt/airflow/dags/ga_etl_dag.py
[2026-02-19T12:51:24.079+0000] {processor.py:840} INFO - DAG(s) 'ga_etl_dag' retrieved from /opt/airflow/dags/ga_etl_dag.py
[2026-02-19T12:51:24.099+0000] {logging_mixin.py:188} INFO - [2026-02-19T12:51:24.099+0000] {dag.py:3089} INFO - Sync 1 DAGs
[2026-02-19T12:51:24.112+0000] {logging_mixin.py:188} INFO - [2026-02-19T12:51:24.112+0000] {dag.py:3947} INFO - Setting next_dagrun for ga_etl_dag to 2026-02-19 12:00:00+00:00, run_after=2026-02-19 13:00:00+00:00
[2026-02-19T12:51:24.126+0000] {processor.py:183} INFO - Processing /opt/airflow/dags/ga_etl_dag.py took 0.060 seconds
[2026-02-19T12:51:54.309+0000] {processor.py:161} INFO - Started process (PID=450) to work on /opt/airflow/dags/ga_etl_dag.py
[2026-02-19T12:51:54.310+0000] {processor.py:830} INFO - Processing file /opt/airflow/dags/ga_etl_dag.py for tasks to queue
[2026-02-19T12:51:54.311+0000] {logging_mixin.py:188} INFO - [2026-02-19T12:51:54.310+0000] {dagbag.py:545} INFO - Filling up the DagBag from /opt/airflow/dags/ga_etl_dag.py
[2026-02-19T12:51:54.318+0000] {processor.py:840} INFO - DAG(s) 'ga_etl_dag' retrieved from /opt/airflow/dags/ga_etl_dag.py
[2026-02-19T12:51:54.344+0000] {logging_mixin.py:188} INFO - [2026-02-19T12:51:54.343+0000] {dag.py:3089} INFO - Sync 1 DAGs
[2026-02-19T12:51:54.359+0000] {logging_mixin.py:188} INFO - [2026-02-19T12:51:54.359+0000] {dag.py:3947} INFO - Setting next_dagrun for ga_etl_dag to 2026-02-19 12:00:00+00:00, run_after=2026-02-19 13:00:00+00:00
[2026-02-19T12:51:54.374+0000] {processor.py:183} INFO - Processing /opt/airflow/dags/ga_etl_dag.py took 0.071 seconds
[2026-02-19T12:52:24.544+0000] {processor.py:161} INFO - Started process (PID=451) to work on /opt/airflow/dags/ga_etl_dag.py
[2026-02-19T12:52:24.545+0000] {processor.py:830} INFO - Processing file /opt/airflow/dags/ga_etl_dag.py for tasks to queue
[2026-02-19T12:52:24.546+0000] {logging_mixin.py:188} INFO - [2026-02-19T12:52:24.545+0000] {dagbag.py:545} INFO - Filling up the DagBag from /opt/airflow/dags/ga_etl_dag.py
[2026-02-19T12:52:24.552+0000] {processor.py:840} INFO - DAG(s) 'ga_etl_dag' retrieved from /opt/airflow/dags/ga_etl_dag.py
[2026-02-19T12:52:24.573+0000] {logging_mixin.py:188} INFO - [2026-02-19T12:52:24.572+0000] {dag.py:3089} INFO - Sync 1 DAGs
[2026-02-19T12:52:24.585+0000] {logging_mixin.py:188} INFO - [2026-02-19T12:52:24.585+0000] {dag.py:3947} INFO - Setting next_dagrun for ga_etl_dag to 2026-02-19 12:00:00+00:00, run_after=2026-02-19 13:00:00+00:00
[2026-02-19T12:52:24.600+0000] {processor.py:183} INFO - Processing /opt/airflow/dags/ga_etl_dag.py took 0.060 seconds
[2026-02-19T12:52:54.686+0000] {processor.py:161} INFO - Started process (PID=452) to work on /opt/airflow/dags/ga_etl_dag.py
[2026-02-19T12:52:54.687+0000] {processor.py:830} INFO - Processing file /opt/airflow/dags/ga_etl_dag.py for tasks to queue
[2026-02-19T12:52:54.687+0000] {logging_mixin.py:188} INFO - [2026-02-19T12:52:54.687+0000] {dagbag.py:545} INFO - Filling up the DagBag from /opt/airflow/dags/ga_etl_dag.py
[2026-02-19T12:52:54.694+0000] {processor.py:840} INFO - DAG(s) 'ga_etl_dag' retrieved from /opt/airflow/dags/ga_etl_dag.py
[2026-02-19T12:52:54.714+0000] {logging_mixin.py:188} INFO - [2026-02-19T12:52:54.714+0000] {dag.py:3089} INFO - Sync 1 DAGs
[2026-02-19T12:52:54.727+0000] {logging_mixin.py:188} INFO - [2026-02-19T12:52:54.727+0000] {dag.py:3947} INFO - Setting next_dagrun for ga_etl_dag to 2026-02-19 12:00:00+00:00, run_after=2026-02-19 13:00:00+00:00
[2026-02-19T12:52:54.741+0000] {processor.py:183} INFO - Processing /opt/airflow/dags/ga_etl_dag.py took 0.061 seconds
[2026-02-19T12:53:24.897+0000] {processor.py:161} INFO - Started process (PID=453) to work on /opt/airflow/dags/ga_etl_dag.py
[2026-02-19T12:53:24.898+0000] {processor.py:830} INFO - Processing file /opt/airflow/dags/ga_etl_dag.py for tasks to queue
[2026-02-19T12:53:24.899+0000] {logging_mixin.py:188} INFO - [2026-02-19T12:53:24.899+0000] {dagbag.py:545} INFO - Filling up the DagBag from /opt/airflow/dags/ga_etl_dag.py
[2026-02-19T12:53:24.906+0000] {processor.py:840} INFO - DAG(s) 'ga_etl_dag' retrieved from /opt/airflow/dags/ga_etl_dag.py
[2026-02-19T12:53:24.929+0000] {logging_mixin.py:188} INFO - [2026-02-19T12:53:24.929+0000] {dag.py:3089} INFO - Sync 1 DAGs
[2026-02-19T12:53:24.941+0000] {logging_mixin.py:188} INFO - [2026-02-19T12:53:24.941+0000] {dag.py:3947} INFO - Setting next_dagrun for ga_etl_dag to 2026-02-19 12:00:00+00:00, run_after=2026-02-19 13:00:00+00:00
[2026-02-19T12:53:24.957+0000] {processor.py:183} INFO - Processing /opt/airflow/dags/ga_etl_dag.py took 0.068 seconds
[2026-02-19T12:53:55.137+0000] {processor.py:161} INFO - Started process (PID=454) to work on /opt/airflow/dags/ga_etl_dag.py
[2026-02-19T12:53:55.138+0000] {processor.py:830} INFO - Processing file /opt/airflow/dags/ga_etl_dag.py for tasks to queue
[2026-02-19T12:53:55.139+0000] {logging_mixin.py:188} INFO - [2026-02-19T12:53:55.139+0000] {dagbag.py:545} INFO - Filling up the DagBag from /opt/airflow/dags/ga_etl_dag.py
[2026-02-19T12:53:55.146+0000] {processor.py:840} INFO - DAG(s) 'ga_etl_dag' retrieved from /opt/airflow/dags/ga_etl_dag.py
[2026-02-19T12:53:55.168+0000] {logging_mixin.py:188} INFO - [2026-02-19T12:53:55.168+0000] {dag.py:3089} INFO - Sync 1 DAGs
[2026-02-19T12:53:55.181+0000] {logging_mixin.py:188} INFO - [2026-02-19T12:53:55.181+0000] {dag.py:3947} INFO - Setting next_dagrun for ga_etl_dag to 2026-02-19 12:00:00+00:00, run_after=2026-02-19 13:00:00+00:00
[2026-02-19T12:53:55.198+0000] {processor.py:183} INFO - Processing /opt/airflow/dags/ga_etl_dag.py took 0.067 seconds
[2026-02-19T12:54:25.382+0000] {processor.py:161} INFO - Started process (PID=455) to work on /opt/airflow/dags/ga_etl_dag.py
[2026-02-19T12:54:25.383+0000] {processor.py:830} INFO - Processing file /opt/airflow/dags/ga_etl_dag.py for tasks to queue
[2026-02-19T12:54:25.384+0000] {logging_mixin.py:188} INFO - [2026-02-19T12:54:25.384+0000] {dagbag.py:545} INFO - Filling up the DagBag from /opt/airflow/dags/ga_etl_dag.py
[2026-02-19T12:54:25.390+0000] {processor.py:840} INFO - DAG(s) 'ga_etl_dag' retrieved from /opt/airflow/dags/ga_etl_dag.py
[2026-02-19T12:54:25.412+0000] {logging_mixin.py:188} INFO - [2026-02-19T12:54:25.411+0000] {dag.py:3089} INFO - Sync 1 DAGs
[2026-02-19T12:54:25.424+0000] {logging_mixin.py:188} INFO - [2026-02-19T12:54:25.424+0000] {dag.py:3947} INFO - Setting next_dagrun for ga_etl_dag to 2026-02-19 12:00:00+00:00, run_after=2026-02-19 13:00:00+00:00
[2026-02-19T12:54:25.439+0000] {processor.py:183} INFO - Processing /opt/airflow/dags/ga_etl_dag.py took 0.062 seconds
[2026-02-19T12:54:55.634+0000] {processor.py:161} INFO - Started process (PID=456) to work on /opt/airflow/dags/ga_etl_dag.py
[2026-02-19T12:54:55.635+0000] {processor.py:830} INFO - Processing file /opt/airflow/dags/ga_etl_dag.py for tasks to queue
[2026-02-19T12:54:55.636+0000] {logging_mixin.py:188} INFO - [2026-02-19T12:54:55.635+0000] {dagbag.py:545} INFO - Filling up the DagBag from /opt/airflow/dags/ga_etl_dag.py
[2026-02-19T12:54:55.642+0000] {processor.py:840} INFO - DAG(s) 'ga_etl_dag' retrieved from /opt/airflow/dags/ga_etl_dag.py
[2026-02-19T12:54:55.664+0000] {logging_mixin.py:188} INFO - [2026-02-19T12:54:55.664+0000] {dag.py:3089} INFO - Sync 1 DAGs
[2026-02-19T12:54:55.676+0000] {logging_mixin.py:188} INFO - [2026-02-19T12:54:55.676+0000] {dag.py:3947} INFO - Setting next_dagrun for ga_etl_dag to 2026-02-19 12:00:00+00:00, run_after=2026-02-19 13:00:00+00:00
[2026-02-19T12:54:55.691+0000] {processor.py:183} INFO - Processing /opt/airflow/dags/ga_etl_dag.py took 0.063 seconds
[2026-02-19T12:55:25.856+0000] {processor.py:161} INFO - Started process (PID=457) to work on /opt/airflow/dags/ga_etl_dag.py
[2026-02-19T12:55:25.857+0000] {processor.py:830} INFO - Processing file /opt/airflow/dags/ga_etl_dag.py for tasks to queue
[2026-02-19T12:55:25.858+0000] {logging_mixin.py:188} INFO - [2026-02-19T12:55:25.857+0000] {dagbag.py:545} INFO - Filling up the DagBag from /opt/airflow/dags/ga_etl_dag.py
[2026-02-19T12:55:25.863+0000] {processor.py:840} INFO - DAG(s) 'ga_etl_dag' retrieved from /opt/airflow/dags/ga_etl_dag.py
[2026-02-19T12:55:25.885+0000] {logging_mixin.py:188} INFO - [2026-02-19T12:55:25.885+0000] {dag.py:3089} INFO - Sync 1 DAGs
[2026-02-19T12:55:25.907+0000] {logging_mixin.py:188} INFO - [2026-02-19T12:55:25.907+0000] {dag.py:3947} INFO - Setting next_dagrun for ga_etl_dag to 2026-02-19 12:00:00+00:00, run_after=2026-02-19 13:00:00+00:00
[2026-02-19T12:55:25.923+0000] {processor.py:183} INFO - Processing /opt/airflow/dags/ga_etl_dag.py took 0.071 seconds
[2026-02-19T12:55:56.089+0000] {processor.py:161} INFO - Started process (PID=458) to work on /opt/airflow/dags/ga_etl_dag.py
[2026-02-19T12:55:56.090+0000] {processor.py:830} INFO - Processing file /opt/airflow/dags/ga_etl_dag.py for tasks to queue
[2026-02-19T12:55:56.090+0000] {logging_mixin.py:188} INFO - [2026-02-19T12:55:56.090+0000] {dagbag.py:545} INFO - Filling up the DagBag from /opt/airflow/dags/ga_etl_dag.py
[2026-02-19T12:55:56.095+0000] {processor.py:840} INFO - DAG(s) 'ga_etl_dag' retrieved from /opt/airflow/dags/ga_etl_dag.py
[2026-02-19T12:55:56.114+0000] {logging_mixin.py:188} INFO - [2026-02-19T12:55:56.114+0000] {dag.py:3089} INFO - Sync 1 DAGs
[2026-02-19T12:55:56.126+0000] {logging_mixin.py:188} INFO - [2026-02-19T12:55:56.126+0000] {dag.py:3947} INFO - Setting next_dagrun for ga_etl_dag to 2026-02-19 12:00:00+00:00, run_after=2026-02-19 13:00:00+00:00
[2026-02-19T12:55:56.144+0000] {processor.py:183} INFO - Processing /opt/airflow/dags/ga_etl_dag.py took 0.059 seconds
[2026-02-19T12:56:26.333+0000] {processor.py:161} INFO - Started process (PID=459) to work on /opt/airflow/dags/ga_etl_dag.py
[2026-02-19T12:56:26.333+0000] {processor.py:830} INFO - Processing file /opt/airflow/dags/ga_etl_dag.py for tasks to queue
[2026-02-19T12:56:26.334+0000] {logging_mixin.py:188} INFO - [2026-02-19T12:56:26.334+0000] {dagbag.py:545} INFO - Filling up the DagBag from /opt/airflow/dags/ga_etl_dag.py
[2026-02-19T12:56:26.339+0000] {processor.py:840} INFO - DAG(s) 'ga_etl_dag' retrieved from /opt/airflow/dags/ga_etl_dag.py
[2026-02-19T12:56:26.356+0000] {logging_mixin.py:188} INFO - [2026-02-19T12:56:26.355+0000] {dag.py:3089} INFO - Sync 1 DAGs
[2026-02-19T12:56:26.366+0000] {logging_mixin.py:188} INFO - [2026-02-19T12:56:26.366+0000] {dag.py:3947} INFO - Setting next_dagrun for ga_etl_dag to 2026-02-19 12:00:00+00:00, run_after=2026-02-19 13:00:00+00:00
[2026-02-19T12:56:26.380+0000] {processor.py:183} INFO - Processing /opt/airflow/dags/ga_etl_dag.py took 0.051 seconds
[2026-02-19T12:56:56.551+0000] {processor.py:161} INFO - Started process (PID=460) to work on /opt/airflow/dags/ga_etl_dag.py
[2026-02-19T12:56:56.552+0000] {processor.py:830} INFO - Processing file /opt/airflow/dags/ga_etl_dag.py for tasks to queue
[2026-02-19T12:56:56.553+0000] {logging_mixin.py:188} INFO - [2026-02-19T12:56:56.552+0000] {dagbag.py:545} INFO - Filling up the DagBag from /opt/airflow/dags/ga_etl_dag.py
[2026-02-19T12:56:56.557+0000] {processor.py:840} INFO - DAG(s) 'ga_etl_dag' retrieved from /opt/airflow/dags/ga_etl_dag.py
[2026-02-19T12:56:56.571+0000] {logging_mixin.py:188} INFO - [2026-02-19T12:56:56.571+0000] {dag.py:3089} INFO - Sync 1 DAGs
[2026-02-19T12:56:56.580+0000] {logging_mixin.py:188} INFO - [2026-02-19T12:56:56.580+0000] {dag.py:3947} INFO - Setting next_dagrun for ga_etl_dag to 2026-02-19 12:00:00+00:00, run_after=2026-02-19 13:00:00+00:00
[2026-02-19T12:56:56.594+0000] {processor.py:183} INFO - Processing /opt/airflow/dags/ga_etl_dag.py took 0.046 seconds
[2026-02-19T12:57:26.748+0000] {processor.py:161} INFO - Started process (PID=461) to work on /opt/airflow/dags/ga_etl_dag.py
[2026-02-19T12:57:26.749+0000] {processor.py:830} INFO - Processing file /opt/airflow/dags/ga_etl_dag.py for tasks to queue
[2026-02-19T12:57:26.750+0000] {logging_mixin.py:188} INFO - [2026-02-19T12:57:26.750+0000] {dagbag.py:545} INFO - Filling up the DagBag from /opt/airflow/dags/ga_etl_dag.py
[2026-02-19T12:57:26.756+0000] {processor.py:840} INFO - DAG(s) 'ga_etl_dag' retrieved from /opt/airflow/dags/ga_etl_dag.py
[2026-02-19T12:57:26.773+0000] {logging_mixin.py:188} INFO - [2026-02-19T12:57:26.773+0000] {dag.py:3089} INFO - Sync 1 DAGs
[2026-02-19T12:57:26.785+0000] {logging_mixin.py:188} INFO - [2026-02-19T12:57:26.785+0000] {dag.py:3947} INFO - Setting next_dagrun for ga_etl_dag to 2026-02-19 12:00:00+00:00, run_after=2026-02-19 13:00:00+00:00
[2026-02-19T12:57:26.799+0000] {processor.py:183} INFO - Processing /opt/airflow/dags/ga_etl_dag.py took 0.056 seconds
[2026-02-19T12:57:56.978+0000] {processor.py:161} INFO - Started process (PID=462) to work on /opt/airflow/dags/ga_etl_dag.py
[2026-02-19T12:57:56.979+0000] {processor.py:830} INFO - Processing file /opt/airflow/dags/ga_etl_dag.py for tasks to queue
[2026-02-19T12:57:56.980+0000] {logging_mixin.py:188} INFO - [2026-02-19T12:57:56.980+0000] {dagbag.py:545} INFO - Filling up the DagBag from /opt/airflow/dags/ga_etl_dag.py
[2026-02-19T12:57:56.985+0000] {processor.py:840} INFO - DAG(s) 'ga_etl_dag' retrieved from /opt/airflow/dags/ga_etl_dag.py
[2026-02-19T12:57:57.004+0000] {logging_mixin.py:188} INFO - [2026-02-19T12:57:57.004+0000] {dag.py:3089} INFO - Sync 1 DAGs
[2026-02-19T12:57:57.015+0000] {logging_mixin.py:188} INFO - [2026-02-19T12:57:57.015+0000] {dag.py:3947} INFO - Setting next_dagrun for ga_etl_dag to 2026-02-19 12:00:00+00:00, run_after=2026-02-19 13:00:00+00:00
[2026-02-19T12:57:57.030+0000] {processor.py:183} INFO - Processing /opt/airflow/dags/ga_etl_dag.py took 0.056 seconds
[2026-02-19T13:09:13.476+0000] {processor.py:161} INFO - Started process (PID=463) to work on /opt/airflow/dags/ga_etl_dag.py
[2026-02-19T13:09:13.477+0000] {processor.py:830} INFO - Processing file /opt/airflow/dags/ga_etl_dag.py for tasks to queue
[2026-02-19T13:09:13.478+0000] {logging_mixin.py:188} INFO - [2026-02-19T13:09:13.477+0000] {dagbag.py:545} INFO - Filling up the DagBag from /opt/airflow/dags/ga_etl_dag.py
[2026-02-19T13:09:13.483+0000] {processor.py:840} INFO - DAG(s) 'ga_etl_dag' retrieved from /opt/airflow/dags/ga_etl_dag.py
[2026-02-19T13:09:13.504+0000] {logging_mixin.py:188} INFO - [2026-02-19T13:09:13.504+0000] {dag.py:3089} INFO - Sync 1 DAGs
[2026-02-19T13:09:13.517+0000] {logging_mixin.py:188} INFO - [2026-02-19T13:09:13.517+0000] {dag.py:3947} INFO - Setting next_dagrun for ga_etl_dag to 2026-02-19 12:00:00+00:00, run_after=2026-02-19 13:00:00+00:00
[2026-02-19T13:09:13.535+0000] {processor.py:183} INFO - Processing /opt/airflow/dags/ga_etl_dag.py took 0.064 seconds
[2026-02-19T14:29:24.844+0000] {processor.py:161} INFO - Started process (PID=489) to work on /opt/airflow/dags/ga_etl_dag.py
[2026-02-19T14:29:24.845+0000] {processor.py:830} INFO - Processing file /opt/airflow/dags/ga_etl_dag.py for tasks to queue
[2026-02-19T14:29:24.846+0000] {logging_mixin.py:188} INFO - [2026-02-19T14:29:24.845+0000] {dagbag.py:545} INFO - Filling up the DagBag from /opt/airflow/dags/ga_etl_dag.py
[2026-02-19T14:29:24.853+0000] {processor.py:840} INFO - DAG(s) 'ga_etl_dag' retrieved from /opt/airflow/dags/ga_etl_dag.py
[2026-02-19T14:29:24.882+0000] {logging_mixin.py:188} INFO - [2026-02-19T14:29:24.882+0000] {dag.py:3089} INFO - Sync 1 DAGs
[2026-02-19T14:29:24.909+0000] {processor.py:183} INFO - Processing /opt/airflow/dags/ga_etl_dag.py took 0.069 seconds
[2026-02-19T14:44:20.583+0000] {processor.py:161} INFO - Started process (PID=537) to work on /opt/airflow/dags/ga_etl_dag.py
[2026-02-19T14:44:20.585+0000] {processor.py:830} INFO - Processing file /opt/airflow/dags/ga_etl_dag.py for tasks to queue
[2026-02-19T14:44:20.586+0000] {logging_mixin.py:188} INFO - [2026-02-19T14:44:20.586+0000] {dagbag.py:545} INFO - Filling up the DagBag from /opt/airflow/dags/ga_etl_dag.py
[2026-02-19T14:44:20.592+0000] {processor.py:840} INFO - DAG(s) 'ga_etl_dag' retrieved from /opt/airflow/dags/ga_etl_dag.py
[2026-02-19T14:44:20.612+0000] {logging_mixin.py:188} INFO - [2026-02-19T14:44:20.612+0000] {dag.py:3089} INFO - Sync 1 DAGs
[2026-02-19T14:44:20.640+0000] {processor.py:183} INFO - Processing /opt/airflow/dags/ga_etl_dag.py took 0.061 seconds
[2026-02-19T14:44:51.207+0000] {processor.py:161} INFO - Started process (PID=560) to work on /opt/airflow/dags/ga_etl_dag.py
[2026-02-19T14:44:51.208+0000] {processor.py:830} INFO - Processing file /opt/airflow/dags/ga_etl_dag.py for tasks to queue
[2026-02-19T14:44:51.209+0000] {logging_mixin.py:188} INFO - [2026-02-19T14:44:51.209+0000] {dagbag.py:545} INFO - Filling up the DagBag from /opt/airflow/dags/ga_etl_dag.py
[2026-02-19T14:44:51.213+0000] {processor.py:840} INFO - DAG(s) 'ga_etl_dag' retrieved from /opt/airflow/dags/ga_etl_dag.py
[2026-02-19T14:44:51.230+0000] {logging_mixin.py:188} INFO - [2026-02-19T14:44:51.229+0000] {dag.py:3089} INFO - Sync 1 DAGs
[2026-02-19T14:44:51.243+0000] {logging_mixin.py:188} INFO - [2026-02-19T14:44:51.243+0000] {dag.py:3947} INFO - Setting next_dagrun for ga_etl_dag to 2026-02-19 14:00:00+00:00, run_after=2026-02-19 15:00:00+00:00
[2026-02-19T14:44:51.256+0000] {processor.py:183} INFO - Processing /opt/airflow/dags/ga_etl_dag.py took 0.053 seconds
[2026-02-19T14:45:21.588+0000] {processor.py:161} INFO - Started process (PID=561) to work on /opt/airflow/dags/ga_etl_dag.py
[2026-02-19T14:45:21.589+0000] {processor.py:830} INFO - Processing file /opt/airflow/dags/ga_etl_dag.py for tasks to queue
[2026-02-19T14:45:21.590+0000] {logging_mixin.py:188} INFO - [2026-02-19T14:45:21.589+0000] {dagbag.py:545} INFO - Filling up the DagBag from /opt/airflow/dags/ga_etl_dag.py
[2026-02-19T14:45:21.595+0000] {processor.py:840} INFO - DAG(s) 'ga_etl_dag' retrieved from /opt/airflow/dags/ga_etl_dag.py
[2026-02-19T14:45:21.614+0000] {logging_mixin.py:188} INFO - [2026-02-19T14:45:21.614+0000] {dag.py:3089} INFO - Sync 1 DAGs
[2026-02-19T14:45:21.625+0000] {logging_mixin.py:188} INFO - [2026-02-19T14:45:21.624+0000] {dag.py:3947} INFO - Setting next_dagrun for ga_etl_dag to 2026-02-19 14:00:00+00:00, run_after=2026-02-19 15:00:00+00:00
[2026-02-19T14:45:21.642+0000] {processor.py:183} INFO - Processing /opt/airflow/dags/ga_etl_dag.py took 0.058 seconds
[2026-02-19T14:45:52.304+0000] {processor.py:161} INFO - Started process (PID=562) to work on /opt/airflow/dags/ga_etl_dag.py
[2026-02-19T14:45:52.305+0000] {processor.py:830} INFO - Processing file /opt/airflow/dags/ga_etl_dag.py for tasks to queue
[2026-02-19T14:45:52.306+0000] {logging_mixin.py:188} INFO - [2026-02-19T14:45:52.306+0000] {dagbag.py:545} INFO - Filling up the DagBag from /opt/airflow/dags/ga_etl_dag.py
[2026-02-19T14:45:52.311+0000] {processor.py:840} INFO - DAG(s) 'ga_etl_dag' retrieved from /opt/airflow/dags/ga_etl_dag.py
[2026-02-19T14:45:52.330+0000] {logging_mixin.py:188} INFO - [2026-02-19T14:45:52.330+0000] {dag.py:3089} INFO - Sync 1 DAGs
[2026-02-19T14:45:52.341+0000] {logging_mixin.py:188} INFO - [2026-02-19T14:45:52.341+0000] {dag.py:3947} INFO - Setting next_dagrun for ga_etl_dag to 2026-02-19 14:00:00+00:00, run_after=2026-02-19 15:00:00+00:00
[2026-02-19T14:45:52.355+0000] {processor.py:183} INFO - Processing /opt/airflow/dags/ga_etl_dag.py took 0.056 seconds
[2026-02-19T14:46:22.526+0000] {processor.py:161} INFO - Started process (PID=563) to work on /opt/airflow/dags/ga_etl_dag.py
[2026-02-19T14:46:22.526+0000] {processor.py:830} INFO - Processing file /opt/airflow/dags/ga_etl_dag.py for tasks to queue
[2026-02-19T14:46:22.527+0000] {logging_mixin.py:188} INFO - [2026-02-19T14:46:22.527+0000] {dagbag.py:545} INFO - Filling up the DagBag from /opt/airflow/dags/ga_etl_dag.py
[2026-02-19T14:46:22.533+0000] {processor.py:840} INFO - DAG(s) 'ga_etl_dag' retrieved from /opt/airflow/dags/ga_etl_dag.py
[2026-02-19T14:46:22.551+0000] {logging_mixin.py:188} INFO - [2026-02-19T14:46:22.551+0000] {dag.py:3089} INFO - Sync 1 DAGs
[2026-02-19T14:46:22.562+0000] {logging_mixin.py:188} INFO - [2026-02-19T14:46:22.562+0000] {dag.py:3947} INFO - Setting next_dagrun for ga_etl_dag to 2026-02-19 14:00:00+00:00, run_after=2026-02-19 15:00:00+00:00
[2026-02-19T14:46:22.577+0000] {processor.py:183} INFO - Processing /opt/airflow/dags/ga_etl_dag.py took 0.056 seconds
[2026-02-19T14:46:52.744+0000] {processor.py:161} INFO - Started process (PID=564) to work on /opt/airflow/dags/ga_etl_dag.py
[2026-02-19T14:46:52.745+0000] {processor.py:830} INFO - Processing file /opt/airflow/dags/ga_etl_dag.py for tasks to queue
[2026-02-19T14:46:52.745+0000] {logging_mixin.py:188} INFO - [2026-02-19T14:46:52.745+0000] {dagbag.py:545} INFO - Filling up the DagBag from /opt/airflow/dags/ga_etl_dag.py
[2026-02-19T14:46:52.750+0000] {processor.py:840} INFO - DAG(s) 'ga_etl_dag' retrieved from /opt/airflow/dags/ga_etl_dag.py
[2026-02-19T14:46:52.768+0000] {logging_mixin.py:188} INFO - [2026-02-19T14:46:52.768+0000] {dag.py:3089} INFO - Sync 1 DAGs
[2026-02-19T14:46:52.778+0000] {logging_mixin.py:188} INFO - [2026-02-19T14:46:52.778+0000] {dag.py:3947} INFO - Setting next_dagrun for ga_etl_dag to 2026-02-19 14:00:00+00:00, run_after=2026-02-19 15:00:00+00:00
[2026-02-19T14:46:52.792+0000] {processor.py:183} INFO - Processing /opt/airflow/dags/ga_etl_dag.py took 0.052 seconds
[2026-02-19T14:47:22.961+0000] {processor.py:161} INFO - Started process (PID=565) to work on /opt/airflow/dags/ga_etl_dag.py
[2026-02-19T14:47:22.962+0000] {processor.py:830} INFO - Processing file /opt/airflow/dags/ga_etl_dag.py for tasks to queue
[2026-02-19T14:47:22.963+0000] {logging_mixin.py:188} INFO - [2026-02-19T14:47:22.962+0000] {dagbag.py:545} INFO - Filling up the DagBag from /opt/airflow/dags/ga_etl_dag.py
[2026-02-19T14:47:22.969+0000] {processor.py:840} INFO - DAG(s) 'ga_etl_dag' retrieved from /opt/airflow/dags/ga_etl_dag.py
[2026-02-19T14:47:22.989+0000] {logging_mixin.py:188} INFO - [2026-02-19T14:47:22.988+0000] {dag.py:3089} INFO - Sync 1 DAGs
[2026-02-19T14:47:23.002+0000] {logging_mixin.py:188} INFO - [2026-02-19T14:47:23.002+0000] {dag.py:3947} INFO - Setting next_dagrun for ga_etl_dag to 2026-02-19 14:00:00+00:00, run_after=2026-02-19 15:00:00+00:00
[2026-02-19T14:47:23.023+0000] {processor.py:183} INFO - Processing /opt/airflow/dags/ga_etl_dag.py took 0.066 seconds
[2026-02-19T14:47:53.184+0000] {processor.py:161} INFO - Started process (PID=566) to work on /opt/airflow/dags/ga_etl_dag.py
[2026-02-19T14:47:53.185+0000] {processor.py:830} INFO - Processing file /opt/airflow/dags/ga_etl_dag.py for tasks to queue
[2026-02-19T14:47:53.186+0000] {logging_mixin.py:188} INFO - [2026-02-19T14:47:53.185+0000] {dagbag.py:545} INFO - Filling up the DagBag from /opt/airflow/dags/ga_etl_dag.py
[2026-02-19T14:47:53.194+0000] {processor.py:840} INFO - DAG(s) 'ga_etl_dag' retrieved from /opt/airflow/dags/ga_etl_dag.py
[2026-02-19T14:47:53.218+0000] {logging_mixin.py:188} INFO - [2026-02-19T14:47:53.218+0000] {dag.py:3089} INFO - Sync 1 DAGs
[2026-02-19T14:47:53.231+0000] {logging_mixin.py:188} INFO - [2026-02-19T14:47:53.231+0000] {dag.py:3947} INFO - Setting next_dagrun for ga_etl_dag to 2026-02-19 14:00:00+00:00, run_after=2026-02-19 15:00:00+00:00
[2026-02-19T14:47:53.262+0000] {processor.py:183} INFO - Processing /opt/airflow/dags/ga_etl_dag.py took 0.083 seconds
[2026-02-19T14:48:23.404+0000] {processor.py:161} INFO - Started process (PID=567) to work on /opt/airflow/dags/ga_etl_dag.py
[2026-02-19T14:48:23.405+0000] {processor.py:830} INFO - Processing file /opt/airflow/dags/ga_etl_dag.py for tasks to queue
[2026-02-19T14:48:23.406+0000] {logging_mixin.py:188} INFO - [2026-02-19T14:48:23.406+0000] {dagbag.py:545} INFO - Filling up the DagBag from /opt/airflow/dags/ga_etl_dag.py
[2026-02-19T14:48:23.413+0000] {processor.py:840} INFO - DAG(s) 'ga_etl_dag' retrieved from /opt/airflow/dags/ga_etl_dag.py
[2026-02-19T14:48:23.437+0000] {logging_mixin.py:188} INFO - [2026-02-19T14:48:23.437+0000] {dag.py:3089} INFO - Sync 1 DAGs
[2026-02-19T14:48:23.450+0000] {logging_mixin.py:188} INFO - [2026-02-19T14:48:23.450+0000] {dag.py:3947} INFO - Setting next_dagrun for ga_etl_dag to 2026-02-19 14:00:00+00:00, run_after=2026-02-19 15:00:00+00:00
[2026-02-19T14:48:23.466+0000] {processor.py:183} INFO - Processing /opt/airflow/dags/ga_etl_dag.py took 0.070 seconds
[2026-02-19T14:48:53.643+0000] {processor.py:161} INFO - Started process (PID=568) to work on /opt/airflow/dags/ga_etl_dag.py
[2026-02-19T14:48:53.645+0000] {processor.py:830} INFO - Processing file /opt/airflow/dags/ga_etl_dag.py for tasks to queue
[2026-02-19T14:48:53.646+0000] {logging_mixin.py:188} INFO - [2026-02-19T14:48:53.645+0000] {dagbag.py:545} INFO - Filling up the DagBag from /opt/airflow/dags/ga_etl_dag.py
[2026-02-19T14:48:53.655+0000] {processor.py:840} INFO - DAG(s) 'ga_etl_dag' retrieved from /opt/airflow/dags/ga_etl_dag.py
[2026-02-19T14:48:53.682+0000] {logging_mixin.py:188} INFO - [2026-02-19T14:48:53.681+0000] {dag.py:3089} INFO - Sync 1 DAGs
[2026-02-19T14:48:53.697+0000] {logging_mixin.py:188} INFO - [2026-02-19T14:48:53.696+0000] {dag.py:3947} INFO - Setting next_dagrun for ga_etl_dag to 2026-02-19 14:00:00+00:00, run_after=2026-02-19 15:00:00+00:00
[2026-02-19T14:48:53.713+0000] {processor.py:183} INFO - Processing /opt/airflow/dags/ga_etl_dag.py took 0.076 seconds
[2026-02-19T14:49:23.787+0000] {processor.py:161} INFO - Started process (PID=569) to work on /opt/airflow/dags/ga_etl_dag.py
[2026-02-19T14:49:23.791+0000] {processor.py:830} INFO - Processing file /opt/airflow/dags/ga_etl_dag.py for tasks to queue
[2026-02-19T14:49:23.792+0000] {logging_mixin.py:188} INFO - [2026-02-19T14:49:23.791+0000] {dagbag.py:545} INFO - Filling up the DagBag from /opt/airflow/dags/ga_etl_dag.py
[2026-02-19T14:49:23.797+0000] {processor.py:840} INFO - DAG(s) 'ga_etl_dag' retrieved from /opt/airflow/dags/ga_etl_dag.py
[2026-02-19T14:49:23.816+0000] {logging_mixin.py:188} INFO - [2026-02-19T14:49:23.816+0000] {dag.py:3089} INFO - Sync 1 DAGs
[2026-02-19T14:49:23.827+0000] {logging_mixin.py:188} INFO - [2026-02-19T14:49:23.827+0000] {dag.py:3947} INFO - Setting next_dagrun for ga_etl_dag to 2026-02-19 14:00:00+00:00, run_after=2026-02-19 15:00:00+00:00
[2026-02-19T14:49:23.841+0000] {processor.py:183} INFO - Processing /opt/airflow/dags/ga_etl_dag.py took 0.059 seconds
[2026-02-19T14:49:54.008+0000] {processor.py:161} INFO - Started process (PID=570) to work on /opt/airflow/dags/ga_etl_dag.py
[2026-02-19T14:49:54.008+0000] {processor.py:830} INFO - Processing file /opt/airflow/dags/ga_etl_dag.py for tasks to queue
[2026-02-19T14:49:54.009+0000] {logging_mixin.py:188} INFO - [2026-02-19T14:49:54.009+0000] {dagbag.py:545} INFO - Filling up the DagBag from /opt/airflow/dags/ga_etl_dag.py
[2026-02-19T14:49:54.015+0000] {processor.py:840} INFO - DAG(s) 'ga_etl_dag' retrieved from /opt/airflow/dags/ga_etl_dag.py
[2026-02-19T14:49:54.033+0000] {logging_mixin.py:188} INFO - [2026-02-19T14:49:54.033+0000] {dag.py:3089} INFO - Sync 1 DAGs
[2026-02-19T14:49:54.045+0000] {logging_mixin.py:188} INFO - [2026-02-19T14:49:54.044+0000] {dag.py:3947} INFO - Setting next_dagrun for ga_etl_dag to 2026-02-19 14:00:00+00:00, run_after=2026-02-19 15:00:00+00:00
[2026-02-19T14:49:54.059+0000] {processor.py:183} INFO - Processing /opt/airflow/dags/ga_etl_dag.py took 0.056 seconds
[2026-02-19T14:50:24.237+0000] {processor.py:161} INFO - Started process (PID=571) to work on /opt/airflow/dags/ga_etl_dag.py
[2026-02-19T14:50:24.238+0000] {processor.py:830} INFO - Processing file /opt/airflow/dags/ga_etl_dag.py for tasks to queue
[2026-02-19T14:50:24.239+0000] {logging_mixin.py:188} INFO - [2026-02-19T14:50:24.238+0000] {dagbag.py:545} INFO - Filling up the DagBag from /opt/airflow/dags/ga_etl_dag.py
[2026-02-19T14:50:24.245+0000] {processor.py:840} INFO - DAG(s) 'ga_etl_dag' retrieved from /opt/airflow/dags/ga_etl_dag.py
[2026-02-19T14:50:24.263+0000] {logging_mixin.py:188} INFO - [2026-02-19T14:50:24.263+0000] {dag.py:3089} INFO - Sync 1 DAGs
[2026-02-19T14:50:24.275+0000] {logging_mixin.py:188} INFO - [2026-02-19T14:50:24.275+0000] {dag.py:3947} INFO - Setting next_dagrun for ga_etl_dag to 2026-02-19 14:00:00+00:00, run_after=2026-02-19 15:00:00+00:00
[2026-02-19T14:50:24.292+0000] {processor.py:183} INFO - Processing /opt/airflow/dags/ga_etl_dag.py took 0.060 seconds
[2026-02-19T14:50:54.403+0000] {processor.py:161} INFO - Started process (PID=572) to work on /opt/airflow/dags/ga_etl_dag.py
[2026-02-19T14:50:54.404+0000] {processor.py:830} INFO - Processing file /opt/airflow/dags/ga_etl_dag.py for tasks to queue
[2026-02-19T14:50:54.405+0000] {logging_mixin.py:188} INFO - [2026-02-19T14:50:54.405+0000] {dagbag.py:545} INFO - Filling up the DagBag from /opt/airflow/dags/ga_etl_dag.py
[2026-02-19T14:50:54.410+0000] {processor.py:840} INFO - DAG(s) 'ga_etl_dag' retrieved from /opt/airflow/dags/ga_etl_dag.py
[2026-02-19T14:50:54.428+0000] {logging_mixin.py:188} INFO - [2026-02-19T14:50:54.427+0000] {dag.py:3089} INFO - Sync 1 DAGs
[2026-02-19T14:50:54.439+0000] {logging_mixin.py:188} INFO - [2026-02-19T14:50:54.439+0000] {dag.py:3947} INFO - Setting next_dagrun for ga_etl_dag to 2026-02-19 14:00:00+00:00, run_after=2026-02-19 15:00:00+00:00
[2026-02-19T14:50:54.453+0000] {processor.py:183} INFO - Processing /opt/airflow/dags/ga_etl_dag.py took 0.054 seconds
[2026-02-19T14:51:24.615+0000] {processor.py:161} INFO - Started process (PID=573) to work on /opt/airflow/dags/ga_etl_dag.py
[2026-02-19T14:51:24.616+0000] {processor.py:830} INFO - Processing file /opt/airflow/dags/ga_etl_dag.py for tasks to queue
[2026-02-19T14:51:24.616+0000] {logging_mixin.py:188} INFO - [2026-02-19T14:51:24.616+0000] {dagbag.py:545} INFO - Filling up the DagBag from /opt/airflow/dags/ga_etl_dag.py
[2026-02-19T14:51:24.622+0000] {processor.py:840} INFO - DAG(s) 'ga_etl_dag' retrieved from /opt/airflow/dags/ga_etl_dag.py
[2026-02-19T14:51:24.640+0000] {logging_mixin.py:188} INFO - [2026-02-19T14:51:24.640+0000] {dag.py:3089} INFO - Sync 1 DAGs
[2026-02-19T14:51:24.651+0000] {logging_mixin.py:188} INFO - [2026-02-19T14:51:24.651+0000] {dag.py:3947} INFO - Setting next_dagrun for ga_etl_dag to 2026-02-19 14:00:00+00:00, run_after=2026-02-19 15:00:00+00:00
[2026-02-19T14:51:24.665+0000] {processor.py:183} INFO - Processing /opt/airflow/dags/ga_etl_dag.py took 0.055 seconds
[2026-02-19T14:51:54.842+0000] {processor.py:161} INFO - Started process (PID=574) to work on /opt/airflow/dags/ga_etl_dag.py
[2026-02-19T14:51:54.843+0000] {processor.py:830} INFO - Processing file /opt/airflow/dags/ga_etl_dag.py for tasks to queue
[2026-02-19T14:51:54.844+0000] {logging_mixin.py:188} INFO - [2026-02-19T14:51:54.844+0000] {dagbag.py:545} INFO - Filling up the DagBag from /opt/airflow/dags/ga_etl_dag.py
[2026-02-19T14:51:54.850+0000] {processor.py:840} INFO - DAG(s) 'ga_etl_dag' retrieved from /opt/airflow/dags/ga_etl_dag.py
[2026-02-19T14:51:54.868+0000] {logging_mixin.py:188} INFO - [2026-02-19T14:51:54.868+0000] {dag.py:3089} INFO - Sync 1 DAGs
[2026-02-19T14:51:54.879+0000] {logging_mixin.py:188} INFO - [2026-02-19T14:51:54.879+0000] {dag.py:3947} INFO - Setting next_dagrun for ga_etl_dag to 2026-02-19 14:00:00+00:00, run_after=2026-02-19 15:00:00+00:00
[2026-02-19T14:51:54.893+0000] {processor.py:183} INFO - Processing /opt/airflow/dags/ga_etl_dag.py took 0.056 seconds
[2026-02-19T14:52:25.073+0000] {processor.py:161} INFO - Started process (PID=575) to work on /opt/airflow/dags/ga_etl_dag.py
[2026-02-19T14:52:25.074+0000] {processor.py:830} INFO - Processing file /opt/airflow/dags/ga_etl_dag.py for tasks to queue
[2026-02-19T14:52:25.075+0000] {logging_mixin.py:188} INFO - [2026-02-19T14:52:25.075+0000] {dagbag.py:545} INFO - Filling up the DagBag from /opt/airflow/dags/ga_etl_dag.py
[2026-02-19T14:52:25.080+0000] {processor.py:840} INFO - DAG(s) 'ga_etl_dag' retrieved from /opt/airflow/dags/ga_etl_dag.py
[2026-02-19T14:52:25.098+0000] {logging_mixin.py:188} INFO - [2026-02-19T14:52:25.098+0000] {dag.py:3089} INFO - Sync 1 DAGs
[2026-02-19T14:52:25.109+0000] {logging_mixin.py:188} INFO - [2026-02-19T14:52:25.109+0000] {dag.py:3947} INFO - Setting next_dagrun for ga_etl_dag to 2026-02-19 14:00:00+00:00, run_after=2026-02-19 15:00:00+00:00
[2026-02-19T14:52:25.123+0000] {processor.py:183} INFO - Processing /opt/airflow/dags/ga_etl_dag.py took 0.055 seconds
[2026-02-19T14:52:55.307+0000] {processor.py:161} INFO - Started process (PID=576) to work on /opt/airflow/dags/ga_etl_dag.py
[2026-02-19T14:52:55.308+0000] {processor.py:830} INFO - Processing file /opt/airflow/dags/ga_etl_dag.py for tasks to queue
[2026-02-19T14:52:55.309+0000] {logging_mixin.py:188} INFO - [2026-02-19T14:52:55.309+0000] {dagbag.py:545} INFO - Filling up the DagBag from /opt/airflow/dags/ga_etl_dag.py
[2026-02-19T14:52:55.314+0000] {processor.py:840} INFO - DAG(s) 'ga_etl_dag' retrieved from /opt/airflow/dags/ga_etl_dag.py
[2026-02-19T14:52:55.333+0000] {logging_mixin.py:188} INFO - [2026-02-19T14:52:55.333+0000] {dag.py:3089} INFO - Sync 1 DAGs
[2026-02-19T14:52:55.344+0000] {logging_mixin.py:188} INFO - [2026-02-19T14:52:55.344+0000] {dag.py:3947} INFO - Setting next_dagrun for ga_etl_dag to 2026-02-19 14:00:00+00:00, run_after=2026-02-19 15:00:00+00:00
[2026-02-19T14:52:55.358+0000] {processor.py:183} INFO - Processing /opt/airflow/dags/ga_etl_dag.py took 0.056 seconds
[2026-02-19T14:53:28.591+0000] {processor.py:161} INFO - Started process (PID=577) to work on /opt/airflow/dags/ga_etl_dag.py
[2026-02-19T14:53:28.593+0000] {processor.py:830} INFO - Processing file /opt/airflow/dags/ga_etl_dag.py for tasks to queue
[2026-02-19T14:53:28.593+0000] {logging_mixin.py:188} INFO - [2026-02-19T14:53:28.593+0000] {dagbag.py:545} INFO - Filling up the DagBag from /opt/airflow/dags/ga_etl_dag.py
[2026-02-19T14:53:28.600+0000] {processor.py:840} INFO - DAG(s) 'ga_etl_dag' retrieved from /opt/airflow/dags/ga_etl_dag.py
[2026-02-19T14:53:28.622+0000] {logging_mixin.py:188} INFO - [2026-02-19T14:53:28.622+0000] {dag.py:3089} INFO - Sync 1 DAGs
[2026-02-19T14:53:28.635+0000] {logging_mixin.py:188} INFO - [2026-02-19T14:53:28.635+0000] {dag.py:3947} INFO - Setting next_dagrun for ga_etl_dag to 2026-02-19 14:00:00+00:00, run_after=2026-02-19 15:00:00+00:00
[2026-02-19T14:53:28.650+0000] {processor.py:183} INFO - Processing /opt/airflow/dags/ga_etl_dag.py took 0.064 seconds
[2026-02-19T14:53:58.809+0000] {processor.py:161} INFO - Started process (PID=578) to work on /opt/airflow/dags/ga_etl_dag.py
[2026-02-19T14:53:58.809+0000] {processor.py:830} INFO - Processing file /opt/airflow/dags/ga_etl_dag.py for tasks to queue
[2026-02-19T14:53:58.810+0000] {logging_mixin.py:188} INFO - [2026-02-19T14:53:58.810+0000] {dagbag.py:545} INFO - Filling up the DagBag from /opt/airflow/dags/ga_etl_dag.py
[2026-02-19T14:53:58.815+0000] {processor.py:840} INFO - DAG(s) 'ga_etl_dag' retrieved from /opt/airflow/dags/ga_etl_dag.py
[2026-02-19T14:53:58.832+0000] {logging_mixin.py:188} INFO - [2026-02-19T14:53:58.832+0000] {dag.py:3089} INFO - Sync 1 DAGs
[2026-02-19T14:53:58.843+0000] {logging_mixin.py:188} INFO - [2026-02-19T14:53:58.843+0000] {dag.py:3947} INFO - Setting next_dagrun for ga_etl_dag to 2026-02-19 14:00:00+00:00, run_after=2026-02-19 15:00:00+00:00
[2026-02-19T14:53:58.857+0000] {processor.py:183} INFO - Processing /opt/airflow/dags/ga_etl_dag.py took 0.052 seconds
[2026-02-19T14:54:29.077+0000] {processor.py:161} INFO - Started process (PID=579) to work on /opt/airflow/dags/ga_etl_dag.py
[2026-02-19T14:54:29.077+0000] {processor.py:830} INFO - Processing file /opt/airflow/dags/ga_etl_dag.py for tasks to queue
[2026-02-19T14:54:29.078+0000] {logging_mixin.py:188} INFO - [2026-02-19T14:54:29.077+0000] {dagbag.py:545} INFO - Filling up the DagBag from /opt/airflow/dags/ga_etl_dag.py
[2026-02-19T14:54:29.082+0000] {processor.py:840} INFO - DAG(s) 'ga_etl_dag' retrieved from /opt/airflow/dags/ga_etl_dag.py
[2026-02-19T14:54:29.096+0000] {logging_mixin.py:188} INFO - [2026-02-19T14:54:29.096+0000] {dag.py:3089} INFO - Sync 1 DAGs
[2026-02-19T14:54:29.105+0000] {logging_mixin.py:188} INFO - [2026-02-19T14:54:29.105+0000] {dag.py:3947} INFO - Setting next_dagrun for ga_etl_dag to 2026-02-19 14:00:00+00:00, run_after=2026-02-19 15:00:00+00:00
[2026-02-19T14:54:29.117+0000] {processor.py:183} INFO - Processing /opt/airflow/dags/ga_etl_dag.py took 0.044 seconds
[2026-02-19T14:54:59.349+0000] {processor.py:161} INFO - Started process (PID=580) to work on /opt/airflow/dags/ga_etl_dag.py
[2026-02-19T14:54:59.350+0000] {processor.py:830} INFO - Processing file /opt/airflow/dags/ga_etl_dag.py for tasks to queue
[2026-02-19T14:54:59.351+0000] {logging_mixin.py:188} INFO - [2026-02-19T14:54:59.351+0000] {dagbag.py:545} INFO - Filling up the DagBag from /opt/airflow/dags/ga_etl_dag.py
[2026-02-19T14:54:59.357+0000] {processor.py:840} INFO - DAG(s) 'ga_etl_dag' retrieved from /opt/airflow/dags/ga_etl_dag.py
[2026-02-19T14:54:59.374+0000] {logging_mixin.py:188} INFO - [2026-02-19T14:54:59.374+0000] {dag.py:3089} INFO - Sync 1 DAGs
[2026-02-19T14:54:59.385+0000] {logging_mixin.py:188} INFO - [2026-02-19T14:54:59.385+0000] {dag.py:3947} INFO - Setting next_dagrun for ga_etl_dag to 2026-02-19 14:00:00+00:00, run_after=2026-02-19 15:00:00+00:00
[2026-02-19T14:54:59.399+0000] {processor.py:183} INFO - Processing /opt/airflow/dags/ga_etl_dag.py took 0.055 seconds
[2026-02-19T14:55:29.628+0000] {processor.py:161} INFO - Started process (PID=581) to work on /opt/airflow/dags/ga_etl_dag.py
[2026-02-19T14:55:29.628+0000] {processor.py:830} INFO - Processing file /opt/airflow/dags/ga_etl_dag.py for tasks to queue
[2026-02-19T14:55:29.629+0000] {logging_mixin.py:188} INFO - [2026-02-19T14:55:29.629+0000] {dagbag.py:545} INFO - Filling up the DagBag from /opt/airflow/dags/ga_etl_dag.py
[2026-02-19T14:55:29.635+0000] {processor.py:840} INFO - DAG(s) 'ga_etl_dag' retrieved from /opt/airflow/dags/ga_etl_dag.py
[2026-02-19T14:55:29.654+0000] {logging_mixin.py:188} INFO - [2026-02-19T14:55:29.653+0000] {dag.py:3089} INFO - Sync 1 DAGs
[2026-02-19T14:55:29.665+0000] {logging_mixin.py:188} INFO - [2026-02-19T14:55:29.665+0000] {dag.py:3947} INFO - Setting next_dagrun for ga_etl_dag to 2026-02-19 14:00:00+00:00, run_after=2026-02-19 15:00:00+00:00
[2026-02-19T14:55:29.679+0000] {processor.py:183} INFO - Processing /opt/airflow/dags/ga_etl_dag.py took 0.056 seconds
[2026-02-19T14:55:59.909+0000] {processor.py:161} INFO - Started process (PID=582) to work on /opt/airflow/dags/ga_etl_dag.py
[2026-02-19T14:55:59.910+0000] {processor.py:830} INFO - Processing file /opt/airflow/dags/ga_etl_dag.py for tasks to queue
[2026-02-19T14:55:59.911+0000] {logging_mixin.py:188} INFO - [2026-02-19T14:55:59.911+0000] {dagbag.py:545} INFO - Filling up the DagBag from /opt/airflow/dags/ga_etl_dag.py
[2026-02-19T14:55:59.919+0000] {processor.py:840} INFO - DAG(s) 'ga_etl_dag' retrieved from /opt/airflow/dags/ga_etl_dag.py
[2026-02-19T14:55:59.945+0000] {logging_mixin.py:188} INFO - [2026-02-19T14:55:59.945+0000] {dag.py:3089} INFO - Sync 1 DAGs
[2026-02-19T14:55:59.960+0000] {logging_mixin.py:188} INFO - [2026-02-19T14:55:59.960+0000] {dag.py:3947} INFO - Setting next_dagrun for ga_etl_dag to 2026-02-19 14:00:00+00:00, run_after=2026-02-19 15:00:00+00:00
[2026-02-19T14:55:59.976+0000] {processor.py:183} INFO - Processing /opt/airflow/dags/ga_etl_dag.py took 0.074 seconds
[2026-02-19T14:56:30.177+0000] {processor.py:161} INFO - Started process (PID=583) to work on /opt/airflow/dags/ga_etl_dag.py
[2026-02-19T14:56:30.179+0000] {processor.py:830} INFO - Processing file /opt/airflow/dags/ga_etl_dag.py for tasks to queue
[2026-02-19T14:56:30.180+0000] {logging_mixin.py:188} INFO - [2026-02-19T14:56:30.179+0000] {dagbag.py:545} INFO - Filling up the DagBag from /opt/airflow/dags/ga_etl_dag.py
[2026-02-19T14:56:30.185+0000] {processor.py:840} INFO - DAG(s) 'ga_etl_dag' retrieved from /opt/airflow/dags/ga_etl_dag.py
[2026-02-19T14:56:30.205+0000] {logging_mixin.py:188} INFO - [2026-02-19T14:56:30.205+0000] {dag.py:3089} INFO - Sync 1 DAGs
[2026-02-19T14:56:30.217+0000] {logging_mixin.py:188} INFO - [2026-02-19T14:56:30.217+0000] {dag.py:3947} INFO - Setting next_dagrun for ga_etl_dag to 2026-02-19 14:00:00+00:00, run_after=2026-02-19 15:00:00+00:00
[2026-02-19T14:56:30.231+0000] {processor.py:183} INFO - Processing /opt/airflow/dags/ga_etl_dag.py took 0.058 seconds
[2026-02-19T14:57:00.444+0000] {processor.py:161} INFO - Started process (PID=584) to work on /opt/airflow/dags/ga_etl_dag.py
[2026-02-19T14:57:00.445+0000] {processor.py:830} INFO - Processing file /opt/airflow/dags/ga_etl_dag.py for tasks to queue
[2026-02-19T14:57:00.446+0000] {logging_mixin.py:188} INFO - [2026-02-19T14:57:00.445+0000] {dagbag.py:545} INFO - Filling up the DagBag from /opt/airflow/dags/ga_etl_dag.py
[2026-02-19T14:57:00.452+0000] {processor.py:840} INFO - DAG(s) 'ga_etl_dag' retrieved from /opt/airflow/dags/ga_etl_dag.py
[2026-02-19T14:57:00.471+0000] {logging_mixin.py:188} INFO - [2026-02-19T14:57:00.471+0000] {dag.py:3089} INFO - Sync 1 DAGs
[2026-02-19T14:57:00.483+0000] {logging_mixin.py:188} INFO - [2026-02-19T14:57:00.483+0000] {dag.py:3947} INFO - Setting next_dagrun for ga_etl_dag to 2026-02-19 14:00:00+00:00, run_after=2026-02-19 15:00:00+00:00
[2026-02-19T14:57:00.497+0000] {processor.py:183} INFO - Processing /opt/airflow/dags/ga_etl_dag.py took 0.058 seconds
[2026-02-19T14:57:30.716+0000] {processor.py:161} INFO - Started process (PID=585) to work on /opt/airflow/dags/ga_etl_dag.py
[2026-02-19T14:57:30.716+0000] {processor.py:830} INFO - Processing file /opt/airflow/dags/ga_etl_dag.py for tasks to queue
[2026-02-19T14:57:30.717+0000] {logging_mixin.py:188} INFO - [2026-02-19T14:57:30.717+0000] {dagbag.py:545} INFO - Filling up the DagBag from /opt/airflow/dags/ga_etl_dag.py
[2026-02-19T14:57:30.721+0000] {processor.py:840} INFO - DAG(s) 'ga_etl_dag' retrieved from /opt/airflow/dags/ga_etl_dag.py
[2026-02-19T14:57:30.737+0000] {logging_mixin.py:188} INFO - [2026-02-19T14:57:30.737+0000] {dag.py:3089} INFO - Sync 1 DAGs
[2026-02-19T14:57:30.747+0000] {logging_mixin.py:188} INFO - [2026-02-19T14:57:30.747+0000] {dag.py:3947} INFO - Setting next_dagrun for ga_etl_dag to 2026-02-19 14:00:00+00:00, run_after=2026-02-19 15:00:00+00:00
[2026-02-19T14:57:30.761+0000] {processor.py:183} INFO - Processing /opt/airflow/dags/ga_etl_dag.py took 0.048 seconds
[2026-02-19T14:58:01.008+0000] {processor.py:161} INFO - Started process (PID=586) to work on /opt/airflow/dags/ga_etl_dag.py
[2026-02-19T14:58:01.009+0000] {processor.py:830} INFO - Processing file /opt/airflow/dags/ga_etl_dag.py for tasks to queue
[2026-02-19T14:58:01.009+0000] {logging_mixin.py:188} INFO - [2026-02-19T14:58:01.009+0000] {dagbag.py:545} INFO - Filling up the DagBag from /opt/airflow/dags/ga_etl_dag.py
[2026-02-19T14:58:01.015+0000] {processor.py:840} INFO - DAG(s) 'ga_etl_dag' retrieved from /opt/airflow/dags/ga_etl_dag.py
[2026-02-19T14:58:01.033+0000] {logging_mixin.py:188} INFO - [2026-02-19T14:58:01.033+0000] {dag.py:3089} INFO - Sync 1 DAGs
[2026-02-19T14:58:01.044+0000] {logging_mixin.py:188} INFO - [2026-02-19T14:58:01.044+0000] {dag.py:3947} INFO - Setting next_dagrun for ga_etl_dag to 2026-02-19 14:00:00+00:00, run_after=2026-02-19 15:00:00+00:00
[2026-02-19T14:58:01.058+0000] {processor.py:183} INFO - Processing /opt/airflow/dags/ga_etl_dag.py took 0.055 seconds
[2026-02-19T14:58:31.279+0000] {processor.py:161} INFO - Started process (PID=587) to work on /opt/airflow/dags/ga_etl_dag.py
[2026-02-19T14:58:31.280+0000] {processor.py:830} INFO - Processing file /opt/airflow/dags/ga_etl_dag.py for tasks to queue
[2026-02-19T14:58:31.281+0000] {logging_mixin.py:188} INFO - [2026-02-19T14:58:31.281+0000] {dagbag.py:545} INFO - Filling up the DagBag from /opt/airflow/dags/ga_etl_dag.py
[2026-02-19T14:58:31.287+0000] {processor.py:840} INFO - DAG(s) 'ga_etl_dag' retrieved from /opt/airflow/dags/ga_etl_dag.py
[2026-02-19T14:58:31.309+0000] {logging_mixin.py:188} INFO - [2026-02-19T14:58:31.308+0000] {dag.py:3089} INFO - Sync 1 DAGs
[2026-02-19T14:58:31.321+0000] {logging_mixin.py:188} INFO - [2026-02-19T14:58:31.321+0000] {dag.py:3947} INFO - Setting next_dagrun for ga_etl_dag to 2026-02-19 14:00:00+00:00, run_after=2026-02-19 15:00:00+00:00
[2026-02-19T14:58:31.336+0000] {processor.py:183} INFO - Processing /opt/airflow/dags/ga_etl_dag.py took 0.063 seconds
[2026-02-19T14:59:01.493+0000] {processor.py:161} INFO - Started process (PID=588) to work on /opt/airflow/dags/ga_etl_dag.py
[2026-02-19T14:59:01.493+0000] {processor.py:830} INFO - Processing file /opt/airflow/dags/ga_etl_dag.py for tasks to queue
[2026-02-19T14:59:01.494+0000] {logging_mixin.py:188} INFO - [2026-02-19T14:59:01.494+0000] {dagbag.py:545} INFO - Filling up the DagBag from /opt/airflow/dags/ga_etl_dag.py
[2026-02-19T14:59:01.500+0000] {processor.py:840} INFO - DAG(s) 'ga_etl_dag' retrieved from /opt/airflow/dags/ga_etl_dag.py
[2026-02-19T14:59:01.518+0000] {logging_mixin.py:188} INFO - [2026-02-19T14:59:01.518+0000] {dag.py:3089} INFO - Sync 1 DAGs
[2026-02-19T14:59:01.529+0000] {logging_mixin.py:188} INFO - [2026-02-19T14:59:01.529+0000] {dag.py:3947} INFO - Setting next_dagrun for ga_etl_dag to 2026-02-19 14:00:00+00:00, run_after=2026-02-19 15:00:00+00:00
[2026-02-19T14:59:01.544+0000] {processor.py:183} INFO - Processing /opt/airflow/dags/ga_etl_dag.py took 0.056 seconds
[2026-02-19T14:59:31.721+0000] {processor.py:161} INFO - Started process (PID=589) to work on /opt/airflow/dags/ga_etl_dag.py
[2026-02-19T14:59:31.722+0000] {processor.py:830} INFO - Processing file /opt/airflow/dags/ga_etl_dag.py for tasks to queue
[2026-02-19T14:59:31.723+0000] {logging_mixin.py:188} INFO - [2026-02-19T14:59:31.722+0000] {dagbag.py:545} INFO - Filling up the DagBag from /opt/airflow/dags/ga_etl_dag.py
[2026-02-19T14:59:31.729+0000] {processor.py:840} INFO - DAG(s) 'ga_etl_dag' retrieved from /opt/airflow/dags/ga_etl_dag.py
[2026-02-19T14:59:31.749+0000] {logging_mixin.py:188} INFO - [2026-02-19T14:59:31.749+0000] {dag.py:3089} INFO - Sync 1 DAGs
[2026-02-19T14:59:31.761+0000] {logging_mixin.py:188} INFO - [2026-02-19T14:59:31.761+0000] {dag.py:3947} INFO - Setting next_dagrun for ga_etl_dag to 2026-02-19 14:00:00+00:00, run_after=2026-02-19 15:00:00+00:00
[2026-02-19T14:59:31.776+0000] {processor.py:183} INFO - Processing /opt/airflow/dags/ga_etl_dag.py took 0.060 seconds
[2026-02-19T15:00:04.384+0000] {processor.py:161} INFO - Started process (PID=602) to work on /opt/airflow/dags/ga_etl_dag.py
[2026-02-19T15:00:04.385+0000] {processor.py:830} INFO - Processing file /opt/airflow/dags/ga_etl_dag.py for tasks to queue
[2026-02-19T15:00:04.386+0000] {logging_mixin.py:188} INFO - [2026-02-19T15:00:04.385+0000] {dagbag.py:545} INFO - Filling up the DagBag from /opt/airflow/dags/ga_etl_dag.py
[2026-02-19T15:00:04.390+0000] {processor.py:840} INFO - DAG(s) 'ga_etl_dag' retrieved from /opt/airflow/dags/ga_etl_dag.py
[2026-02-19T15:00:04.410+0000] {logging_mixin.py:188} INFO - [2026-02-19T15:00:04.410+0000] {dag.py:3089} INFO - Sync 1 DAGs
[2026-02-19T15:00:04.434+0000] {processor.py:183} INFO - Processing /opt/airflow/dags/ga_etl_dag.py took 0.054 seconds
[2026-02-19T15:16:17.181+0000] {processor.py:161} INFO - Started process (PID=616) to work on /opt/airflow/dags/ga_etl_dag.py
[2026-02-19T15:16:17.182+0000] {processor.py:830} INFO - Processing file /opt/airflow/dags/ga_etl_dag.py for tasks to queue
[2026-02-19T15:16:17.183+0000] {logging_mixin.py:188} INFO - [2026-02-19T15:16:17.183+0000] {dagbag.py:545} INFO - Filling up the DagBag from /opt/airflow/dags/ga_etl_dag.py
[2026-02-19T15:16:17.191+0000] {processor.py:840} INFO - DAG(s) 'ga_etl_dag' retrieved from /opt/airflow/dags/ga_etl_dag.py
[2026-02-19T15:16:17.218+0000] {logging_mixin.py:188} INFO - [2026-02-19T15:16:17.217+0000] {dag.py:3089} INFO - Sync 1 DAGs
[2026-02-19T15:16:17.246+0000] {processor.py:183} INFO - Processing /opt/airflow/dags/ga_etl_dag.py took 0.069 seconds
[2026-02-19T15:16:48.275+0000] {processor.py:161} INFO - Started process (PID=639) to work on /opt/airflow/dags/ga_etl_dag.py
[2026-02-19T15:16:48.276+0000] {processor.py:830} INFO - Processing file /opt/airflow/dags/ga_etl_dag.py for tasks to queue
[2026-02-19T15:16:48.277+0000] {logging_mixin.py:188} INFO - [2026-02-19T15:16:48.277+0000] {dagbag.py:545} INFO - Filling up the DagBag from /opt/airflow/dags/ga_etl_dag.py
[2026-02-19T15:16:48.282+0000] {processor.py:840} INFO - DAG(s) 'ga_etl_dag' retrieved from /opt/airflow/dags/ga_etl_dag.py
[2026-02-19T15:16:48.297+0000] {logging_mixin.py:188} INFO - [2026-02-19T15:16:48.296+0000] {dag.py:3089} INFO - Sync 1 DAGs
[2026-02-19T15:16:48.307+0000] {logging_mixin.py:188} INFO - [2026-02-19T15:16:48.307+0000] {dag.py:3947} INFO - Setting next_dagrun for ga_etl_dag to 2026-02-19 15:00:00+00:00, run_after=2026-02-19 16:00:00+00:00
[2026-02-19T15:16:48.319+0000] {processor.py:183} INFO - Processing /opt/airflow/dags/ga_etl_dag.py took 0.049 seconds
[2026-02-19T15:17:18.476+0000] {processor.py:161} INFO - Started process (PID=640) to work on /opt/airflow/dags/ga_etl_dag.py
[2026-02-19T15:17:18.476+0000] {processor.py:830} INFO - Processing file /opt/airflow/dags/ga_etl_dag.py for tasks to queue
[2026-02-19T15:17:18.477+0000] {logging_mixin.py:188} INFO - [2026-02-19T15:17:18.477+0000] {dagbag.py:545} INFO - Filling up the DagBag from /opt/airflow/dags/ga_etl_dag.py
[2026-02-19T15:17:18.482+0000] {processor.py:840} INFO - DAG(s) 'ga_etl_dag' retrieved from /opt/airflow/dags/ga_etl_dag.py
[2026-02-19T15:17:18.500+0000] {logging_mixin.py:188} INFO - [2026-02-19T15:17:18.500+0000] {dag.py:3089} INFO - Sync 1 DAGs
[2026-02-19T15:17:18.511+0000] {logging_mixin.py:188} INFO - [2026-02-19T15:17:18.510+0000] {dag.py:3947} INFO - Setting next_dagrun for ga_etl_dag to 2026-02-19 15:00:00+00:00, run_after=2026-02-19 16:00:00+00:00
[2026-02-19T15:17:18.524+0000] {processor.py:183} INFO - Processing /opt/airflow/dags/ga_etl_dag.py took 0.053 seconds
[2026-02-19T15:17:48.746+0000] {processor.py:161} INFO - Started process (PID=641) to work on /opt/airflow/dags/ga_etl_dag.py
[2026-02-19T15:17:48.746+0000] {processor.py:830} INFO - Processing file /opt/airflow/dags/ga_etl_dag.py for tasks to queue
[2026-02-19T15:17:48.747+0000] {logging_mixin.py:188} INFO - [2026-02-19T15:17:48.747+0000] {dagbag.py:545} INFO - Filling up the DagBag from /opt/airflow/dags/ga_etl_dag.py
[2026-02-19T15:17:48.753+0000] {processor.py:840} INFO - DAG(s) 'ga_etl_dag' retrieved from /opt/airflow/dags/ga_etl_dag.py
[2026-02-19T15:17:48.775+0000] {logging_mixin.py:188} INFO - [2026-02-19T15:17:48.775+0000] {dag.py:3089} INFO - Sync 1 DAGs
[2026-02-19T15:17:48.786+0000] {logging_mixin.py:188} INFO - [2026-02-19T15:17:48.786+0000] {dag.py:3947} INFO - Setting next_dagrun for ga_etl_dag to 2026-02-19 15:00:00+00:00, run_after=2026-02-19 16:00:00+00:00
[2026-02-19T15:17:48.800+0000] {processor.py:183} INFO - Processing /opt/airflow/dags/ga_etl_dag.py took 0.059 seconds
[2026-02-19T15:18:19.023+0000] {processor.py:161} INFO - Started process (PID=642) to work on /opt/airflow/dags/ga_etl_dag.py
[2026-02-19T15:18:19.024+0000] {processor.py:830} INFO - Processing file /opt/airflow/dags/ga_etl_dag.py for tasks to queue
[2026-02-19T15:18:19.024+0000] {logging_mixin.py:188} INFO - [2026-02-19T15:18:19.024+0000] {dagbag.py:545} INFO - Filling up the DagBag from /opt/airflow/dags/ga_etl_dag.py
[2026-02-19T15:18:19.030+0000] {processor.py:840} INFO - DAG(s) 'ga_etl_dag' retrieved from /opt/airflow/dags/ga_etl_dag.py
[2026-02-19T15:18:19.049+0000] {logging_mixin.py:188} INFO - [2026-02-19T15:18:19.049+0000] {dag.py:3089} INFO - Sync 1 DAGs
[2026-02-19T15:18:19.061+0000] {logging_mixin.py:188} INFO - [2026-02-19T15:18:19.061+0000] {dag.py:3947} INFO - Setting next_dagrun for ga_etl_dag to 2026-02-19 15:00:00+00:00, run_after=2026-02-19 16:00:00+00:00
[2026-02-19T15:18:19.075+0000] {processor.py:183} INFO - Processing /opt/airflow/dags/ga_etl_dag.py took 0.057 seconds
[2026-02-19T15:18:49.283+0000] {processor.py:161} INFO - Started process (PID=643) to work on /opt/airflow/dags/ga_etl_dag.py
[2026-02-19T15:18:49.284+0000] {processor.py:830} INFO - Processing file /opt/airflow/dags/ga_etl_dag.py for tasks to queue
[2026-02-19T15:18:49.285+0000] {logging_mixin.py:188} INFO - [2026-02-19T15:18:49.285+0000] {dagbag.py:545} INFO - Filling up the DagBag from /opt/airflow/dags/ga_etl_dag.py
[2026-02-19T15:18:49.291+0000] {processor.py:840} INFO - DAG(s) 'ga_etl_dag' retrieved from /opt/airflow/dags/ga_etl_dag.py
[2026-02-19T15:18:49.309+0000] {logging_mixin.py:188} INFO - [2026-02-19T15:18:49.308+0000] {dag.py:3089} INFO - Sync 1 DAGs
[2026-02-19T15:18:49.320+0000] {logging_mixin.py:188} INFO - [2026-02-19T15:18:49.320+0000] {dag.py:3947} INFO - Setting next_dagrun for ga_etl_dag to 2026-02-19 15:00:00+00:00, run_after=2026-02-19 16:00:00+00:00
[2026-02-19T15:18:49.334+0000] {processor.py:183} INFO - Processing /opt/airflow/dags/ga_etl_dag.py took 0.055 seconds
[2026-02-19T15:19:19.553+0000] {processor.py:161} INFO - Started process (PID=644) to work on /opt/airflow/dags/ga_etl_dag.py
[2026-02-19T15:19:19.554+0000] {processor.py:830} INFO - Processing file /opt/airflow/dags/ga_etl_dag.py for tasks to queue
[2026-02-19T15:19:19.555+0000] {logging_mixin.py:188} INFO - [2026-02-19T15:19:19.554+0000] {dagbag.py:545} INFO - Filling up the DagBag from /opt/airflow/dags/ga_etl_dag.py
[2026-02-19T15:19:19.561+0000] {processor.py:840} INFO - DAG(s) 'ga_etl_dag' retrieved from /opt/airflow/dags/ga_etl_dag.py
[2026-02-19T15:19:19.581+0000] {logging_mixin.py:188} INFO - [2026-02-19T15:19:19.581+0000] {dag.py:3089} INFO - Sync 1 DAGs
[2026-02-19T15:19:19.592+0000] {logging_mixin.py:188} INFO - [2026-02-19T15:19:19.592+0000] {dag.py:3947} INFO - Setting next_dagrun for ga_etl_dag to 2026-02-19 15:00:00+00:00, run_after=2026-02-19 16:00:00+00:00
[2026-02-19T15:19:19.606+0000] {processor.py:183} INFO - Processing /opt/airflow/dags/ga_etl_dag.py took 0.058 seconds
[2026-02-19T15:19:49.827+0000] {processor.py:161} INFO - Started process (PID=645) to work on /opt/airflow/dags/ga_etl_dag.py
[2026-02-19T15:19:49.828+0000] {processor.py:830} INFO - Processing file /opt/airflow/dags/ga_etl_dag.py for tasks to queue
[2026-02-19T15:19:49.829+0000] {logging_mixin.py:188} INFO - [2026-02-19T15:19:49.828+0000] {dagbag.py:545} INFO - Filling up the DagBag from /opt/airflow/dags/ga_etl_dag.py
[2026-02-19T15:19:49.835+0000] {processor.py:840} INFO - DAG(s) 'ga_etl_dag' retrieved from /opt/airflow/dags/ga_etl_dag.py
[2026-02-19T15:19:49.855+0000] {logging_mixin.py:188} INFO - [2026-02-19T15:19:49.855+0000] {dag.py:3089} INFO - Sync 1 DAGs
[2026-02-19T15:19:49.866+0000] {logging_mixin.py:188} INFO - [2026-02-19T15:19:49.866+0000] {dag.py:3947} INFO - Setting next_dagrun for ga_etl_dag to 2026-02-19 15:00:00+00:00, run_after=2026-02-19 16:00:00+00:00
[2026-02-19T15:19:49.880+0000] {processor.py:183} INFO - Processing /opt/airflow/dags/ga_etl_dag.py took 0.058 seconds
[2026-02-19T15:36:17.987+0000] {processor.py:161} INFO - Started process (PID=646) to work on /opt/airflow/dags/ga_etl_dag.py
[2026-02-19T15:36:17.988+0000] {processor.py:830} INFO - Processing file /opt/airflow/dags/ga_etl_dag.py for tasks to queue
[2026-02-19T15:36:17.989+0000] {logging_mixin.py:188} INFO - [2026-02-19T15:36:17.988+0000] {dagbag.py:545} INFO - Filling up the DagBag from /opt/airflow/dags/ga_etl_dag.py
[2026-02-19T15:36:17.994+0000] {processor.py:840} INFO - DAG(s) 'ga_etl_dag' retrieved from /opt/airflow/dags/ga_etl_dag.py
[2026-02-19T15:36:18.011+0000] {logging_mixin.py:188} INFO - [2026-02-19T15:36:18.011+0000] {dag.py:3089} INFO - Sync 1 DAGs
[2026-02-19T15:36:18.021+0000] {logging_mixin.py:188} INFO - [2026-02-19T15:36:18.021+0000] {dag.py:3947} INFO - Setting next_dagrun for ga_etl_dag to 2026-02-19 15:00:00+00:00, run_after=2026-02-19 16:00:00+00:00
[2026-02-19T15:36:18.035+0000] {processor.py:183} INFO - Processing /opt/airflow/dags/ga_etl_dag.py took 0.052 seconds
[2026-02-19T15:36:48.240+0000] {processor.py:161} INFO - Started process (PID=647) to work on /opt/airflow/dags/ga_etl_dag.py
[2026-02-19T15:36:48.241+0000] {processor.py:830} INFO - Processing file /opt/airflow/dags/ga_etl_dag.py for tasks to queue
[2026-02-19T15:36:48.242+0000] {logging_mixin.py:188} INFO - [2026-02-19T15:36:48.241+0000] {dagbag.py:545} INFO - Filling up the DagBag from /opt/airflow/dags/ga_etl_dag.py
[2026-02-19T15:36:48.248+0000] {processor.py:840} INFO - DAG(s) 'ga_etl_dag' retrieved from /opt/airflow/dags/ga_etl_dag.py
[2026-02-19T15:36:48.266+0000] {logging_mixin.py:188} INFO - [2026-02-19T15:36:48.266+0000] {dag.py:3089} INFO - Sync 1 DAGs
[2026-02-19T15:36:48.277+0000] {logging_mixin.py:188} INFO - [2026-02-19T15:36:48.277+0000] {dag.py:3947} INFO - Setting next_dagrun for ga_etl_dag to 2026-02-19 15:00:00+00:00, run_after=2026-02-19 16:00:00+00:00
[2026-02-19T15:36:48.291+0000] {processor.py:183} INFO - Processing /opt/airflow/dags/ga_etl_dag.py took 0.056 seconds
[2026-02-19T17:05:36.920+0000] {processor.py:161} INFO - Started process (PID=648) to work on /opt/airflow/dags/ga_etl_dag.py
[2026-02-19T17:05:36.923+0000] {processor.py:830} INFO - Processing file /opt/airflow/dags/ga_etl_dag.py for tasks to queue
[2026-02-19T17:05:36.923+0000] {logging_mixin.py:188} INFO - [2026-02-19T17:05:36.923+0000] {dagbag.py:545} INFO - Filling up the DagBag from /opt/airflow/dags/ga_etl_dag.py
[2026-02-19T17:05:36.929+0000] {processor.py:840} INFO - DAG(s) 'ga_etl_dag' retrieved from /opt/airflow/dags/ga_etl_dag.py
[2026-02-19T17:05:36.951+0000] {logging_mixin.py:188} INFO - [2026-02-19T17:05:36.951+0000] {dag.py:3089} INFO - Sync 1 DAGs
[2026-02-19T17:05:36.968+0000] {logging_mixin.py:188} INFO - [2026-02-19T17:05:36.968+0000] {dag.py:3947} INFO - Setting next_dagrun for ga_etl_dag to 2026-02-19 16:00:00+00:00, run_after=2026-02-19 17:00:00+00:00
[2026-02-19T17:05:37.000+0000] {processor.py:183} INFO - Processing /opt/airflow/dags/ga_etl_dag.py took 0.084 seconds
