[2026-02-17T12:06:06.021+0000] {processor.py:161} INFO - Started process (PID=27) to work on /opt/airflow/dags/ga_etl_dag.py
[2026-02-17T12:06:06.022+0000] {processor.py:830} INFO - Processing file /opt/airflow/dags/ga_etl_dag.py for tasks to queue
[2026-02-17T12:06:06.023+0000] {logging_mixin.py:188} INFO - [2026-02-17T12:06:06.023+0000] {dagbag.py:545} INFO - Filling up the DagBag from /opt/airflow/dags/ga_etl_dag.py
[2026-02-17T12:06:06.033+0000] {processor.py:840} INFO - DAG(s) 'ga_etl_dag' retrieved from /opt/airflow/dags/ga_etl_dag.py
[2026-02-17T12:06:06.037+0000] {logging_mixin.py:188} INFO - [2026-02-17T12:06:06.037+0000] {dag.py:3089} INFO - Sync 1 DAGs
[2026-02-17T12:06:06.050+0000] {logging_mixin.py:188} INFO - [2026-02-17T12:06:06.050+0000] {dag.py:3947} INFO - Setting next_dagrun for ga_etl_dag to 2026-02-17 11:00:00+00:00, run_after=2026-02-17 12:00:00+00:00
[2026-02-17T12:06:06.073+0000] {processor.py:183} INFO - Processing /opt/airflow/dags/ga_etl_dag.py took 0.056 seconds
[2026-02-17T12:17:16.228+0000] {processor.py:161} INFO - Started process (PID=53) to work on /opt/airflow/dags/ga_etl_dag.py
[2026-02-17T12:17:16.229+0000] {processor.py:830} INFO - Processing file /opt/airflow/dags/ga_etl_dag.py for tasks to queue
[2026-02-17T12:17:16.230+0000] {logging_mixin.py:188} INFO - [2026-02-17T12:17:16.229+0000] {dagbag.py:545} INFO - Filling up the DagBag from /opt/airflow/dags/ga_etl_dag.py
[2026-02-17T12:17:16.234+0000] {processor.py:840} INFO - DAG(s) 'ga_etl_dag' retrieved from /opt/airflow/dags/ga_etl_dag.py
[2026-02-17T12:17:16.330+0000] {logging_mixin.py:188} INFO - [2026-02-17T12:17:16.330+0000] {dag.py:3089} INFO - Sync 1 DAGs
[2026-02-17T12:17:16.336+0000] {logging_mixin.py:188} INFO - [2026-02-17T12:17:16.336+0000] {dag.py:3947} INFO - Setting next_dagrun for ga_etl_dag to 2026-02-17 12:00:00+00:00, run_after=2026-02-17 13:00:00+00:00
[2026-02-17T12:17:16.343+0000] {processor.py:183} INFO - Processing /opt/airflow/dags/ga_etl_dag.py took 0.118 seconds
[2026-02-17T12:27:01.816+0000] {processor.py:161} INFO - Started process (PID=26) to work on /opt/airflow/dags/ga_etl_dag.py
[2026-02-17T12:27:01.817+0000] {processor.py:830} INFO - Processing file /opt/airflow/dags/ga_etl_dag.py for tasks to queue
[2026-02-17T12:27:01.818+0000] {logging_mixin.py:188} INFO - [2026-02-17T12:27:01.818+0000] {dagbag.py:545} INFO - Filling up the DagBag from /opt/airflow/dags/ga_etl_dag.py
[2026-02-17T12:27:01.824+0000] {processor.py:840} INFO - DAG(s) 'ga_etl_dag' retrieved from /opt/airflow/dags/ga_etl_dag.py
[2026-02-17T12:27:01.861+0000] {logging_mixin.py:188} INFO - [2026-02-17T12:27:01.861+0000] {dag.py:3089} INFO - Sync 1 DAGs
[2026-02-17T12:27:01.877+0000] {processor.py:183} INFO - Processing /opt/airflow/dags/ga_etl_dag.py took 0.062 seconds
[2026-02-17T12:29:10.477+0000] {processor.py:161} INFO - Started process (PID=53) to work on /opt/airflow/dags/ga_etl_dag.py
[2026-02-17T12:29:10.478+0000] {processor.py:830} INFO - Processing file /opt/airflow/dags/ga_etl_dag.py for tasks to queue
[2026-02-17T12:29:10.478+0000] {logging_mixin.py:188} INFO - [2026-02-17T12:29:10.478+0000] {dagbag.py:545} INFO - Filling up the DagBag from /opt/airflow/dags/ga_etl_dag.py
[2026-02-17T12:29:10.481+0000] {processor.py:840} INFO - DAG(s) 'ga_etl_dag' retrieved from /opt/airflow/dags/ga_etl_dag.py
[2026-02-17T12:29:10.493+0000] {logging_mixin.py:188} INFO - [2026-02-17T12:29:10.493+0000] {dag.py:3089} INFO - Sync 1 DAGs
[2026-02-17T12:29:10.506+0000] {processor.py:183} INFO - Processing /opt/airflow/dags/ga_etl_dag.py took 0.031 seconds
[2026-02-17T12:36:57.693+0000] {processor.py:161} INFO - Started process (PID=79) to work on /opt/airflow/dags/ga_etl_dag.py
[2026-02-17T12:36:57.693+0000] {processor.py:830} INFO - Processing file /opt/airflow/dags/ga_etl_dag.py for tasks to queue
[2026-02-17T12:36:57.693+0000] {logging_mixin.py:188} INFO - [2026-02-17T12:36:57.693+0000] {dagbag.py:545} INFO - Filling up the DagBag from /opt/airflow/dags/ga_etl_dag.py
[2026-02-17T12:36:57.697+0000] {processor.py:840} INFO - DAG(s) 'ga_etl_dag' retrieved from /opt/airflow/dags/ga_etl_dag.py
[2026-02-17T12:36:57.708+0000] {logging_mixin.py:188} INFO - [2026-02-17T12:36:57.707+0000] {dag.py:3089} INFO - Sync 1 DAGs
[2026-02-17T12:36:57.721+0000] {processor.py:183} INFO - Processing /opt/airflow/dags/ga_etl_dag.py took 0.030 seconds
[2026-02-17T12:47:57.505+0000] {processor.py:161} INFO - Started process (PID=127) to work on /opt/airflow/dags/ga_etl_dag.py
[2026-02-17T12:47:57.505+0000] {processor.py:830} INFO - Processing file /opt/airflow/dags/ga_etl_dag.py for tasks to queue
[2026-02-17T12:47:57.506+0000] {logging_mixin.py:188} INFO - [2026-02-17T12:47:57.506+0000] {dagbag.py:545} INFO - Filling up the DagBag from /opt/airflow/dags/ga_etl_dag.py
[2026-02-17T12:47:57.509+0000] {processor.py:840} INFO - DAG(s) 'ga_etl_dag' retrieved from /opt/airflow/dags/ga_etl_dag.py
[2026-02-17T12:47:57.528+0000] {logging_mixin.py:188} INFO - [2026-02-17T12:47:57.528+0000] {dag.py:3089} INFO - Sync 1 DAGs
[2026-02-17T12:47:57.542+0000] {processor.py:183} INFO - Processing /opt/airflow/dags/ga_etl_dag.py took 0.039 seconds
[2026-02-17T12:48:28.562+0000] {processor.py:161} INFO - Started process (PID=150) to work on /opt/airflow/dags/ga_etl_dag.py
[2026-02-17T12:48:28.562+0000] {processor.py:830} INFO - Processing file /opt/airflow/dags/ga_etl_dag.py for tasks to queue
[2026-02-17T12:48:28.563+0000] {logging_mixin.py:188} INFO - [2026-02-17T12:48:28.563+0000] {dagbag.py:545} INFO - Filling up the DagBag from /opt/airflow/dags/ga_etl_dag.py
[2026-02-17T12:48:28.568+0000] {processor.py:840} INFO - DAG(s) 'ga_etl_dag' retrieved from /opt/airflow/dags/ga_etl_dag.py
[2026-02-17T12:48:28.589+0000] {logging_mixin.py:188} INFO - [2026-02-17T12:48:28.589+0000] {dag.py:3089} INFO - Sync 1 DAGs
[2026-02-17T12:48:28.601+0000] {logging_mixin.py:188} INFO - [2026-02-17T12:48:28.601+0000] {dag.py:3947} INFO - Setting next_dagrun for ga_etl_dag to 2026-02-17 12:00:00+00:00, run_after=2026-02-17 13:00:00+00:00
[2026-02-17T12:48:28.616+0000] {processor.py:183} INFO - Processing /opt/airflow/dags/ga_etl_dag.py took 0.059 seconds
[2026-02-17T13:03:16.918+0000] {processor.py:161} INFO - Started process (PID=151) to work on /opt/airflow/dags/ga_etl_dag.py
[2026-02-17T13:03:16.919+0000] {processor.py:830} INFO - Processing file /opt/airflow/dags/ga_etl_dag.py for tasks to queue
[2026-02-17T13:03:16.920+0000] {logging_mixin.py:188} INFO - [2026-02-17T13:03:16.920+0000] {dagbag.py:545} INFO - Filling up the DagBag from /opt/airflow/dags/ga_etl_dag.py
[2026-02-17T13:03:16.924+0000] {processor.py:840} INFO - DAG(s) 'ga_etl_dag' retrieved from /opt/airflow/dags/ga_etl_dag.py
[2026-02-17T13:03:16.945+0000] {logging_mixin.py:188} INFO - [2026-02-17T13:03:16.944+0000] {dag.py:3089} INFO - Sync 1 DAGs
[2026-02-17T13:03:16.956+0000] {logging_mixin.py:188} INFO - [2026-02-17T13:03:16.956+0000] {dag.py:3947} INFO - Setting next_dagrun for ga_etl_dag to 2026-02-17 12:00:00+00:00, run_after=2026-02-17 13:00:00+00:00
[2026-02-17T13:03:16.979+0000] {processor.py:183} INFO - Processing /opt/airflow/dags/ga_etl_dag.py took 0.067 seconds
[2026-02-17T22:45:55.205+0000] {processor.py:161} INFO - Started process (PID=177) to work on /opt/airflow/dags/ga_etl_dag.py
[2026-02-17T22:45:55.206+0000] {processor.py:830} INFO - Processing file /opt/airflow/dags/ga_etl_dag.py for tasks to queue
[2026-02-17T22:45:55.207+0000] {logging_mixin.py:188} INFO - [2026-02-17T22:45:55.206+0000] {dagbag.py:545} INFO - Filling up the DagBag from /opt/airflow/dags/ga_etl_dag.py
[2026-02-17T22:45:55.214+0000] {processor.py:840} INFO - DAG(s) 'ga_etl_dag' retrieved from /opt/airflow/dags/ga_etl_dag.py
[2026-02-17T22:45:55.239+0000] {logging_mixin.py:188} INFO - [2026-02-17T22:45:55.239+0000] {dag.py:3089} INFO - Sync 1 DAGs
[2026-02-17T22:45:55.268+0000] {processor.py:183} INFO - Processing /opt/airflow/dags/ga_etl_dag.py took 0.066 seconds
