[2026-02-20T01:19:01.500+0000] {processor.py:161} INFO - Started process (PID=674) to work on /opt/airflow/dags/ga_etl_dag.py
[2026-02-20T01:19:01.501+0000] {processor.py:830} INFO - Processing file /opt/airflow/dags/ga_etl_dag.py for tasks to queue
[2026-02-20T01:19:01.502+0000] {logging_mixin.py:188} INFO - [2026-02-20T01:19:01.502+0000] {dagbag.py:545} INFO - Filling up the DagBag from /opt/airflow/dags/ga_etl_dag.py
[2026-02-20T01:19:01.515+0000] {processor.py:840} INFO - DAG(s) 'ga_etl_dag' retrieved from /opt/airflow/dags/ga_etl_dag.py
[2026-02-20T01:19:01.626+0000] {logging_mixin.py:188} INFO - [2026-02-20T01:19:01.625+0000] {dag.py:3089} INFO - Sync 1 DAGs
[2026-02-20T01:19:01.665+0000] {processor.py:183} INFO - Processing /opt/airflow/dags/ga_etl_dag.py took 0.170 seconds
[2026-02-20T02:44:01.517+0000] {processor.py:161} INFO - Started process (PID=697) to work on /opt/airflow/dags/ga_etl_dag.py
[2026-02-20T02:44:01.518+0000] {processor.py:830} INFO - Processing file /opt/airflow/dags/ga_etl_dag.py for tasks to queue
[2026-02-20T02:44:01.520+0000] {logging_mixin.py:188} INFO - [2026-02-20T02:44:01.520+0000] {dagbag.py:545} INFO - Filling up the DagBag from /opt/airflow/dags/ga_etl_dag.py
[2026-02-20T02:44:01.527+0000] {processor.py:840} INFO - DAG(s) 'ga_etl_dag' retrieved from /opt/airflow/dags/ga_etl_dag.py
[2026-02-20T02:44:01.553+0000] {logging_mixin.py:188} INFO - [2026-02-20T02:44:01.553+0000] {dag.py:3089} INFO - Sync 1 DAGs
[2026-02-20T02:44:01.587+0000] {processor.py:183} INFO - Processing /opt/airflow/dags/ga_etl_dag.py took 0.073 seconds
[2026-02-20T09:41:33.694+0000] {processor.py:161} INFO - Started process (PID=723) to work on /opt/airflow/dags/ga_etl_dag.py
[2026-02-20T09:41:33.695+0000] {processor.py:830} INFO - Processing file /opt/airflow/dags/ga_etl_dag.py for tasks to queue
[2026-02-20T09:41:33.696+0000] {logging_mixin.py:188} INFO - [2026-02-20T09:41:33.695+0000] {dagbag.py:545} INFO - Filling up the DagBag from /opt/airflow/dags/ga_etl_dag.py
[2026-02-20T09:41:33.701+0000] {processor.py:840} INFO - DAG(s) 'ga_etl_dag' retrieved from /opt/airflow/dags/ga_etl_dag.py
[2026-02-20T09:41:33.720+0000] {logging_mixin.py:188} INFO - [2026-02-20T09:41:33.720+0000] {dag.py:3089} INFO - Sync 1 DAGs
[2026-02-20T09:41:33.746+0000] {processor.py:183} INFO - Processing /opt/airflow/dags/ga_etl_dag.py took 0.055 seconds
[2026-02-20T09:46:41.807+0000] {processor.py:161} INFO - Started process (PID=746) to work on /opt/airflow/dags/ga_etl_dag.py
[2026-02-20T09:46:41.809+0000] {processor.py:830} INFO - Processing file /opt/airflow/dags/ga_etl_dag.py for tasks to queue
[2026-02-20T09:46:41.810+0000] {logging_mixin.py:188} INFO - [2026-02-20T09:46:41.809+0000] {dagbag.py:545} INFO - Filling up the DagBag from /opt/airflow/dags/ga_etl_dag.py
[2026-02-20T09:46:41.817+0000] {processor.py:840} INFO - DAG(s) 'ga_etl_dag' retrieved from /opt/airflow/dags/ga_etl_dag.py
[2026-02-20T09:46:41.843+0000] {logging_mixin.py:188} INFO - [2026-02-20T09:46:41.842+0000] {dag.py:3089} INFO - Sync 1 DAGs
[2026-02-20T09:46:41.876+0000] {processor.py:183} INFO - Processing /opt/airflow/dags/ga_etl_dag.py took 0.075 seconds
