[2026-03-01T07:51:24.925+0000] {processor.py:161} INFO - Started process (PID=4940) to work on /opt/airflow/dags/ga_etl_dag.py
[2026-03-01T07:51:24.925+0000] {processor.py:830} INFO - Processing file /opt/airflow/dags/ga_etl_dag.py for tasks to queue
[2026-03-01T07:51:24.926+0000] {logging_mixin.py:188} INFO - [2026-03-01T07:51:24.926+0000] {dagbag.py:545} INFO - Filling up the DagBag from /opt/airflow/dags/ga_etl_dag.py
[2026-03-01T07:51:24.933+0000] {processor.py:840} INFO - DAG(s) 'ga_etl_dag' retrieved from /opt/airflow/dags/ga_etl_dag.py
[2026-03-01T07:51:25.030+0000] {logging_mixin.py:188} INFO - [2026-03-01T07:51:25.029+0000] {dag.py:3089} INFO - Sync 1 DAGs
[2026-03-01T07:51:25.054+0000] {processor.py:183} INFO - Processing /opt/airflow/dags/ga_etl_dag.py took 0.133 seconds
[2026-03-01T14:12:50.948+0000] {processor.py:161} INFO - Started process (PID=4988) to work on /opt/airflow/dags/ga_etl_dag.py
[2026-03-01T14:12:50.949+0000] {processor.py:830} INFO - Processing file /opt/airflow/dags/ga_etl_dag.py for tasks to queue
[2026-03-01T14:12:50.949+0000] {logging_mixin.py:188} INFO - [2026-03-01T14:12:50.949+0000] {dagbag.py:545} INFO - Filling up the DagBag from /opt/airflow/dags/ga_etl_dag.py
[2026-03-01T14:12:50.955+0000] {processor.py:840} INFO - DAG(s) 'ga_etl_dag' retrieved from /opt/airflow/dags/ga_etl_dag.py
[2026-03-01T14:12:50.978+0000] {logging_mixin.py:188} INFO - [2026-03-01T14:12:50.978+0000] {dag.py:3089} INFO - Sync 1 DAGs
[2026-03-01T14:12:51.014+0000] {processor.py:183} INFO - Processing /opt/airflow/dags/ga_etl_dag.py took 0.070 seconds
[2026-03-01T14:27:52.280+0000] {processor.py:161} INFO - Started process (PID=5036) to work on /opt/airflow/dags/ga_etl_dag.py
[2026-03-01T14:27:52.281+0000] {processor.py:830} INFO - Processing file /opt/airflow/dags/ga_etl_dag.py for tasks to queue
[2026-03-01T14:27:52.282+0000] {logging_mixin.py:188} INFO - [2026-03-01T14:27:52.282+0000] {dagbag.py:545} INFO - Filling up the DagBag from /opt/airflow/dags/ga_etl_dag.py
[2026-03-01T14:27:52.292+0000] {processor.py:840} INFO - DAG(s) 'ga_etl_dag' retrieved from /opt/airflow/dags/ga_etl_dag.py
[2026-03-01T14:27:52.322+0000] {logging_mixin.py:188} INFO - [2026-03-01T14:27:52.322+0000] {dag.py:3089} INFO - Sync 1 DAGs
[2026-03-01T14:27:52.353+0000] {processor.py:183} INFO - Processing /opt/airflow/dags/ga_etl_dag.py took 0.078 seconds
[2026-03-01T14:28:22.556+0000] {processor.py:161} INFO - Started process (PID=5059) to work on /opt/airflow/dags/ga_etl_dag.py
[2026-03-01T14:28:22.557+0000] {processor.py:830} INFO - Processing file /opt/airflow/dags/ga_etl_dag.py for tasks to queue
[2026-03-01T14:28:22.558+0000] {logging_mixin.py:188} INFO - [2026-03-01T14:28:22.557+0000] {dagbag.py:545} INFO - Filling up the DagBag from /opt/airflow/dags/ga_etl_dag.py
[2026-03-01T14:28:22.563+0000] {processor.py:840} INFO - DAG(s) 'ga_etl_dag' retrieved from /opt/airflow/dags/ga_etl_dag.py
[2026-03-01T14:28:22.592+0000] {logging_mixin.py:188} INFO - [2026-03-01T14:28:22.592+0000] {dag.py:3089} INFO - Sync 1 DAGs
[2026-03-01T14:28:22.610+0000] {logging_mixin.py:188} INFO - [2026-03-01T14:28:22.609+0000] {dag.py:3947} INFO - Setting next_dagrun for ga_etl_dag to 2026-03-01 14:00:00+00:00, run_after=2026-03-01 15:00:00+00:00
[2026-03-01T14:28:22.627+0000] {processor.py:183} INFO - Processing /opt/airflow/dags/ga_etl_dag.py took 0.077 seconds
[2026-03-01T14:28:53.273+0000] {processor.py:161} INFO - Started process (PID=5060) to work on /opt/airflow/dags/ga_etl_dag.py
[2026-03-01T14:28:53.274+0000] {processor.py:830} INFO - Processing file /opt/airflow/dags/ga_etl_dag.py for tasks to queue
[2026-03-01T14:28:53.275+0000] {logging_mixin.py:188} INFO - [2026-03-01T14:28:53.274+0000] {dagbag.py:545} INFO - Filling up the DagBag from /opt/airflow/dags/ga_etl_dag.py
[2026-03-01T14:28:53.281+0000] {processor.py:840} INFO - DAG(s) 'ga_etl_dag' retrieved from /opt/airflow/dags/ga_etl_dag.py
[2026-03-01T14:28:53.303+0000] {logging_mixin.py:188} INFO - [2026-03-01T14:28:53.303+0000] {dag.py:3089} INFO - Sync 1 DAGs
[2026-03-01T14:28:53.317+0000] {logging_mixin.py:188} INFO - [2026-03-01T14:28:53.317+0000] {dag.py:3947} INFO - Setting next_dagrun for ga_etl_dag to 2026-03-01 14:00:00+00:00, run_after=2026-03-01 15:00:00+00:00
[2026-03-01T14:28:53.333+0000] {processor.py:183} INFO - Processing /opt/airflow/dags/ga_etl_dag.py took 0.064 seconds
[2026-03-01T14:29:24.175+0000] {processor.py:161} INFO - Started process (PID=5061) to work on /opt/airflow/dags/ga_etl_dag.py
[2026-03-01T14:29:24.176+0000] {processor.py:830} INFO - Processing file /opt/airflow/dags/ga_etl_dag.py for tasks to queue
[2026-03-01T14:29:24.177+0000] {logging_mixin.py:188} INFO - [2026-03-01T14:29:24.177+0000] {dagbag.py:545} INFO - Filling up the DagBag from /opt/airflow/dags/ga_etl_dag.py
[2026-03-01T14:29:24.183+0000] {processor.py:840} INFO - DAG(s) 'ga_etl_dag' retrieved from /opt/airflow/dags/ga_etl_dag.py
[2026-03-01T14:29:24.205+0000] {logging_mixin.py:188} INFO - [2026-03-01T14:29:24.205+0000] {dag.py:3089} INFO - Sync 1 DAGs
[2026-03-01T14:29:24.218+0000] {logging_mixin.py:188} INFO - [2026-03-01T14:29:24.218+0000] {dag.py:3947} INFO - Setting next_dagrun for ga_etl_dag to 2026-03-01 14:00:00+00:00, run_after=2026-03-01 15:00:00+00:00
[2026-03-01T14:29:24.234+0000] {processor.py:183} INFO - Processing /opt/airflow/dags/ga_etl_dag.py took 0.063 seconds
[2026-03-01T14:29:54.330+0000] {processor.py:161} INFO - Started process (PID=5062) to work on /opt/airflow/dags/ga_etl_dag.py
[2026-03-01T14:29:54.331+0000] {processor.py:830} INFO - Processing file /opt/airflow/dags/ga_etl_dag.py for tasks to queue
[2026-03-01T14:29:54.331+0000] {logging_mixin.py:188} INFO - [2026-03-01T14:29:54.331+0000] {dagbag.py:545} INFO - Filling up the DagBag from /opt/airflow/dags/ga_etl_dag.py
[2026-03-01T14:29:54.337+0000] {processor.py:840} INFO - DAG(s) 'ga_etl_dag' retrieved from /opt/airflow/dags/ga_etl_dag.py
[2026-03-01T14:29:54.359+0000] {logging_mixin.py:188} INFO - [2026-03-01T14:29:54.359+0000] {dag.py:3089} INFO - Sync 1 DAGs
[2026-03-01T14:29:54.373+0000] {logging_mixin.py:188} INFO - [2026-03-01T14:29:54.373+0000] {dag.py:3947} INFO - Setting next_dagrun for ga_etl_dag to 2026-03-01 14:00:00+00:00, run_after=2026-03-01 15:00:00+00:00
[2026-03-01T14:29:54.394+0000] {processor.py:183} INFO - Processing /opt/airflow/dags/ga_etl_dag.py took 0.069 seconds
[2026-03-01T14:30:24.779+0000] {processor.py:161} INFO - Started process (PID=5063) to work on /opt/airflow/dags/ga_etl_dag.py
[2026-03-01T14:30:24.780+0000] {processor.py:830} INFO - Processing file /opt/airflow/dags/ga_etl_dag.py for tasks to queue
[2026-03-01T14:30:24.781+0000] {logging_mixin.py:188} INFO - [2026-03-01T14:30:24.780+0000] {dagbag.py:545} INFO - Filling up the DagBag from /opt/airflow/dags/ga_etl_dag.py
[2026-03-01T14:30:24.788+0000] {processor.py:840} INFO - DAG(s) 'ga_etl_dag' retrieved from /opt/airflow/dags/ga_etl_dag.py
[2026-03-01T14:30:24.808+0000] {logging_mixin.py:188} INFO - [2026-03-01T14:30:24.808+0000] {dag.py:3089} INFO - Sync 1 DAGs
[2026-03-01T14:30:24.821+0000] {logging_mixin.py:188} INFO - [2026-03-01T14:30:24.821+0000] {dag.py:3947} INFO - Setting next_dagrun for ga_etl_dag to 2026-03-01 14:00:00+00:00, run_after=2026-03-01 15:00:00+00:00
[2026-03-01T14:30:24.837+0000] {processor.py:183} INFO - Processing /opt/airflow/dags/ga_etl_dag.py took 0.062 seconds
[2026-03-01T14:30:55.104+0000] {processor.py:161} INFO - Started process (PID=5064) to work on /opt/airflow/dags/ga_etl_dag.py
[2026-03-01T14:30:55.105+0000] {processor.py:830} INFO - Processing file /opt/airflow/dags/ga_etl_dag.py for tasks to queue
[2026-03-01T14:30:55.106+0000] {logging_mixin.py:188} INFO - [2026-03-01T14:30:55.106+0000] {dagbag.py:545} INFO - Filling up the DagBag from /opt/airflow/dags/ga_etl_dag.py
[2026-03-01T14:30:55.111+0000] {processor.py:840} INFO - DAG(s) 'ga_etl_dag' retrieved from /opt/airflow/dags/ga_etl_dag.py
[2026-03-01T14:30:55.133+0000] {logging_mixin.py:188} INFO - [2026-03-01T14:30:55.132+0000] {dag.py:3089} INFO - Sync 1 DAGs
[2026-03-01T14:30:55.144+0000] {logging_mixin.py:188} INFO - [2026-03-01T14:30:55.144+0000] {dag.py:3947} INFO - Setting next_dagrun for ga_etl_dag to 2026-03-01 14:00:00+00:00, run_after=2026-03-01 15:00:00+00:00
[2026-03-01T14:30:55.160+0000] {processor.py:183} INFO - Processing /opt/airflow/dags/ga_etl_dag.py took 0.062 seconds
[2026-03-01T14:31:25.343+0000] {processor.py:161} INFO - Started process (PID=5065) to work on /opt/airflow/dags/ga_etl_dag.py
[2026-03-01T14:31:25.344+0000] {processor.py:830} INFO - Processing file /opt/airflow/dags/ga_etl_dag.py for tasks to queue
[2026-03-01T14:31:25.345+0000] {logging_mixin.py:188} INFO - [2026-03-01T14:31:25.345+0000] {dagbag.py:545} INFO - Filling up the DagBag from /opt/airflow/dags/ga_etl_dag.py
[2026-03-01T14:31:25.352+0000] {processor.py:840} INFO - DAG(s) 'ga_etl_dag' retrieved from /opt/airflow/dags/ga_etl_dag.py
[2026-03-01T14:31:25.377+0000] {logging_mixin.py:188} INFO - [2026-03-01T14:31:25.377+0000] {dag.py:3089} INFO - Sync 1 DAGs
[2026-03-01T14:31:25.393+0000] {logging_mixin.py:188} INFO - [2026-03-01T14:31:25.393+0000] {dag.py:3947} INFO - Setting next_dagrun for ga_etl_dag to 2026-03-01 14:00:00+00:00, run_after=2026-03-01 15:00:00+00:00
[2026-03-01T14:31:25.413+0000] {processor.py:183} INFO - Processing /opt/airflow/dags/ga_etl_dag.py took 0.074 seconds
[2026-03-01T14:31:55.457+0000] {processor.py:161} INFO - Started process (PID=5066) to work on /opt/airflow/dags/ga_etl_dag.py
[2026-03-01T14:31:55.458+0000] {processor.py:830} INFO - Processing file /opt/airflow/dags/ga_etl_dag.py for tasks to queue
[2026-03-01T14:31:55.459+0000] {logging_mixin.py:188} INFO - [2026-03-01T14:31:55.458+0000] {dagbag.py:545} INFO - Filling up the DagBag from /opt/airflow/dags/ga_etl_dag.py
[2026-03-01T14:31:55.465+0000] {processor.py:840} INFO - DAG(s) 'ga_etl_dag' retrieved from /opt/airflow/dags/ga_etl_dag.py
[2026-03-01T14:31:55.486+0000] {logging_mixin.py:188} INFO - [2026-03-01T14:31:55.486+0000] {dag.py:3089} INFO - Sync 1 DAGs
[2026-03-01T14:31:55.500+0000] {logging_mixin.py:188} INFO - [2026-03-01T14:31:55.500+0000] {dag.py:3947} INFO - Setting next_dagrun for ga_etl_dag to 2026-03-01 14:00:00+00:00, run_after=2026-03-01 15:00:00+00:00
[2026-03-01T14:31:55.515+0000] {processor.py:183} INFO - Processing /opt/airflow/dags/ga_etl_dag.py took 0.064 seconds
[2026-03-01T14:32:25.684+0000] {processor.py:161} INFO - Started process (PID=5067) to work on /opt/airflow/dags/ga_etl_dag.py
[2026-03-01T14:32:25.685+0000] {processor.py:830} INFO - Processing file /opt/airflow/dags/ga_etl_dag.py for tasks to queue
[2026-03-01T14:32:25.686+0000] {logging_mixin.py:188} INFO - [2026-03-01T14:32:25.686+0000] {dagbag.py:545} INFO - Filling up the DagBag from /opt/airflow/dags/ga_etl_dag.py
[2026-03-01T14:32:25.692+0000] {processor.py:840} INFO - DAG(s) 'ga_etl_dag' retrieved from /opt/airflow/dags/ga_etl_dag.py
[2026-03-01T14:32:25.716+0000] {logging_mixin.py:188} INFO - [2026-03-01T14:32:25.715+0000] {dag.py:3089} INFO - Sync 1 DAGs
[2026-03-01T14:32:25.728+0000] {logging_mixin.py:188} INFO - [2026-03-01T14:32:25.728+0000] {dag.py:3947} INFO - Setting next_dagrun for ga_etl_dag to 2026-03-01 14:00:00+00:00, run_after=2026-03-01 15:00:00+00:00
[2026-03-01T14:32:25.743+0000] {processor.py:183} INFO - Processing /opt/airflow/dags/ga_etl_dag.py took 0.064 seconds
[2026-03-01T14:32:55.916+0000] {processor.py:161} INFO - Started process (PID=5068) to work on /opt/airflow/dags/ga_etl_dag.py
[2026-03-01T14:32:55.917+0000] {processor.py:830} INFO - Processing file /opt/airflow/dags/ga_etl_dag.py for tasks to queue
[2026-03-01T14:32:55.918+0000] {logging_mixin.py:188} INFO - [2026-03-01T14:32:55.918+0000] {dagbag.py:545} INFO - Filling up the DagBag from /opt/airflow/dags/ga_etl_dag.py
[2026-03-01T14:32:55.923+0000] {processor.py:840} INFO - DAG(s) 'ga_etl_dag' retrieved from /opt/airflow/dags/ga_etl_dag.py
[2026-03-01T14:32:55.943+0000] {logging_mixin.py:188} INFO - [2026-03-01T14:32:55.942+0000] {dag.py:3089} INFO - Sync 1 DAGs
[2026-03-01T14:32:55.954+0000] {logging_mixin.py:188} INFO - [2026-03-01T14:32:55.954+0000] {dag.py:3947} INFO - Setting next_dagrun for ga_etl_dag to 2026-03-01 14:00:00+00:00, run_after=2026-03-01 15:00:00+00:00
[2026-03-01T14:32:55.970+0000] {processor.py:183} INFO - Processing /opt/airflow/dags/ga_etl_dag.py took 0.058 seconds
[2026-03-01T14:33:26.167+0000] {processor.py:161} INFO - Started process (PID=5069) to work on /opt/airflow/dags/ga_etl_dag.py
[2026-03-01T14:33:26.169+0000] {processor.py:830} INFO - Processing file /opt/airflow/dags/ga_etl_dag.py for tasks to queue
[2026-03-01T14:33:26.169+0000] {logging_mixin.py:188} INFO - [2026-03-01T14:33:26.169+0000] {dagbag.py:545} INFO - Filling up the DagBag from /opt/airflow/dags/ga_etl_dag.py
[2026-03-01T14:33:26.176+0000] {processor.py:840} INFO - DAG(s) 'ga_etl_dag' retrieved from /opt/airflow/dags/ga_etl_dag.py
[2026-03-01T14:33:26.196+0000] {logging_mixin.py:188} INFO - [2026-03-01T14:33:26.196+0000] {dag.py:3089} INFO - Sync 1 DAGs
[2026-03-01T14:33:26.209+0000] {logging_mixin.py:188} INFO - [2026-03-01T14:33:26.209+0000] {dag.py:3947} INFO - Setting next_dagrun for ga_etl_dag to 2026-03-01 14:00:00+00:00, run_after=2026-03-01 15:00:00+00:00
[2026-03-01T14:33:26.224+0000] {processor.py:183} INFO - Processing /opt/airflow/dags/ga_etl_dag.py took 0.063 seconds
[2026-03-01T14:33:56.425+0000] {processor.py:161} INFO - Started process (PID=5070) to work on /opt/airflow/dags/ga_etl_dag.py
[2026-03-01T14:33:56.426+0000] {processor.py:830} INFO - Processing file /opt/airflow/dags/ga_etl_dag.py for tasks to queue
[2026-03-01T14:33:56.428+0000] {logging_mixin.py:188} INFO - [2026-03-01T14:33:56.427+0000] {dagbag.py:545} INFO - Filling up the DagBag from /opt/airflow/dags/ga_etl_dag.py
[2026-03-01T14:33:56.436+0000] {processor.py:840} INFO - DAG(s) 'ga_etl_dag' retrieved from /opt/airflow/dags/ga_etl_dag.py
[2026-03-01T14:33:56.466+0000] {logging_mixin.py:188} INFO - [2026-03-01T14:33:56.465+0000] {dag.py:3089} INFO - Sync 1 DAGs
[2026-03-01T14:33:56.487+0000] {logging_mixin.py:188} INFO - [2026-03-01T14:33:56.487+0000] {dag.py:3947} INFO - Setting next_dagrun for ga_etl_dag to 2026-03-01 14:00:00+00:00, run_after=2026-03-01 15:00:00+00:00
[2026-03-01T14:33:56.511+0000] {processor.py:183} INFO - Processing /opt/airflow/dags/ga_etl_dag.py took 0.093 seconds
[2026-03-01T14:34:26.691+0000] {processor.py:161} INFO - Started process (PID=5071) to work on /opt/airflow/dags/ga_etl_dag.py
[2026-03-01T14:34:26.693+0000] {processor.py:830} INFO - Processing file /opt/airflow/dags/ga_etl_dag.py for tasks to queue
[2026-03-01T14:34:26.693+0000] {logging_mixin.py:188} INFO - [2026-03-01T14:34:26.693+0000] {dagbag.py:545} INFO - Filling up the DagBag from /opt/airflow/dags/ga_etl_dag.py
[2026-03-01T14:34:26.701+0000] {processor.py:840} INFO - DAG(s) 'ga_etl_dag' retrieved from /opt/airflow/dags/ga_etl_dag.py
[2026-03-01T14:34:26.727+0000] {logging_mixin.py:188} INFO - [2026-03-01T14:34:26.727+0000] {dag.py:3089} INFO - Sync 1 DAGs
[2026-03-01T14:34:26.742+0000] {logging_mixin.py:188} INFO - [2026-03-01T14:34:26.741+0000] {dag.py:3947} INFO - Setting next_dagrun for ga_etl_dag to 2026-03-01 14:00:00+00:00, run_after=2026-03-01 15:00:00+00:00
[2026-03-01T14:34:26.762+0000] {processor.py:183} INFO - Processing /opt/airflow/dags/ga_etl_dag.py took 0.078 seconds
[2026-03-01T14:34:56.932+0000] {processor.py:161} INFO - Started process (PID=5072) to work on /opt/airflow/dags/ga_etl_dag.py
[2026-03-01T14:34:56.933+0000] {processor.py:830} INFO - Processing file /opt/airflow/dags/ga_etl_dag.py for tasks to queue
[2026-03-01T14:34:56.934+0000] {logging_mixin.py:188} INFO - [2026-03-01T14:34:56.934+0000] {dagbag.py:545} INFO - Filling up the DagBag from /opt/airflow/dags/ga_etl_dag.py
[2026-03-01T14:34:56.940+0000] {processor.py:840} INFO - DAG(s) 'ga_etl_dag' retrieved from /opt/airflow/dags/ga_etl_dag.py
[2026-03-01T14:34:56.964+0000] {logging_mixin.py:188} INFO - [2026-03-01T14:34:56.964+0000] {dag.py:3089} INFO - Sync 1 DAGs
[2026-03-01T14:34:56.977+0000] {logging_mixin.py:188} INFO - [2026-03-01T14:34:56.976+0000] {dag.py:3947} INFO - Setting next_dagrun for ga_etl_dag to 2026-03-01 14:00:00+00:00, run_after=2026-03-01 15:00:00+00:00
[2026-03-01T14:34:56.995+0000] {processor.py:183} INFO - Processing /opt/airflow/dags/ga_etl_dag.py took 0.068 seconds
[2026-03-01T14:35:27.156+0000] {processor.py:161} INFO - Started process (PID=5073) to work on /opt/airflow/dags/ga_etl_dag.py
[2026-03-01T14:35:27.156+0000] {processor.py:830} INFO - Processing file /opt/airflow/dags/ga_etl_dag.py for tasks to queue
[2026-03-01T14:35:27.157+0000] {logging_mixin.py:188} INFO - [2026-03-01T14:35:27.157+0000] {dagbag.py:545} INFO - Filling up the DagBag from /opt/airflow/dags/ga_etl_dag.py
[2026-03-01T14:35:27.164+0000] {processor.py:840} INFO - DAG(s) 'ga_etl_dag' retrieved from /opt/airflow/dags/ga_etl_dag.py
[2026-03-01T14:35:27.184+0000] {logging_mixin.py:188} INFO - [2026-03-01T14:35:27.183+0000] {dag.py:3089} INFO - Sync 1 DAGs
[2026-03-01T14:35:27.196+0000] {logging_mixin.py:188} INFO - [2026-03-01T14:35:27.196+0000] {dag.py:3947} INFO - Setting next_dagrun for ga_etl_dag to 2026-03-01 14:00:00+00:00, run_after=2026-03-01 15:00:00+00:00
[2026-03-01T14:35:27.210+0000] {processor.py:183} INFO - Processing /opt/airflow/dags/ga_etl_dag.py took 0.061 seconds
[2026-03-01T14:35:57.383+0000] {processor.py:161} INFO - Started process (PID=5074) to work on /opt/airflow/dags/ga_etl_dag.py
[2026-03-01T14:35:57.383+0000] {processor.py:830} INFO - Processing file /opt/airflow/dags/ga_etl_dag.py for tasks to queue
[2026-03-01T14:35:57.384+0000] {logging_mixin.py:188} INFO - [2026-03-01T14:35:57.384+0000] {dagbag.py:545} INFO - Filling up the DagBag from /opt/airflow/dags/ga_etl_dag.py
[2026-03-01T14:35:57.390+0000] {processor.py:840} INFO - DAG(s) 'ga_etl_dag' retrieved from /opt/airflow/dags/ga_etl_dag.py
[2026-03-01T14:35:57.409+0000] {logging_mixin.py:188} INFO - [2026-03-01T14:35:57.408+0000] {dag.py:3089} INFO - Sync 1 DAGs
[2026-03-01T14:35:57.420+0000] {logging_mixin.py:188} INFO - [2026-03-01T14:35:57.420+0000] {dag.py:3947} INFO - Setting next_dagrun for ga_etl_dag to 2026-03-01 14:00:00+00:00, run_after=2026-03-01 15:00:00+00:00
[2026-03-01T14:35:57.436+0000] {processor.py:183} INFO - Processing /opt/airflow/dags/ga_etl_dag.py took 0.057 seconds
[2026-03-01T14:36:27.614+0000] {processor.py:161} INFO - Started process (PID=5075) to work on /opt/airflow/dags/ga_etl_dag.py
[2026-03-01T14:36:27.615+0000] {processor.py:830} INFO - Processing file /opt/airflow/dags/ga_etl_dag.py for tasks to queue
[2026-03-01T14:36:27.616+0000] {logging_mixin.py:188} INFO - [2026-03-01T14:36:27.616+0000] {dagbag.py:545} INFO - Filling up the DagBag from /opt/airflow/dags/ga_etl_dag.py
[2026-03-01T14:36:27.621+0000] {processor.py:840} INFO - DAG(s) 'ga_etl_dag' retrieved from /opt/airflow/dags/ga_etl_dag.py
[2026-03-01T14:36:27.640+0000] {logging_mixin.py:188} INFO - [2026-03-01T14:36:27.640+0000] {dag.py:3089} INFO - Sync 1 DAGs
[2026-03-01T14:36:27.654+0000] {logging_mixin.py:188} INFO - [2026-03-01T14:36:27.653+0000] {dag.py:3947} INFO - Setting next_dagrun for ga_etl_dag to 2026-03-01 14:00:00+00:00, run_after=2026-03-01 15:00:00+00:00
[2026-03-01T14:36:27.669+0000] {processor.py:183} INFO - Processing /opt/airflow/dags/ga_etl_dag.py took 0.059 seconds
[2026-03-01T14:36:57.855+0000] {processor.py:161} INFO - Started process (PID=5076) to work on /opt/airflow/dags/ga_etl_dag.py
[2026-03-01T14:36:57.856+0000] {processor.py:830} INFO - Processing file /opt/airflow/dags/ga_etl_dag.py for tasks to queue
[2026-03-01T14:36:57.858+0000] {logging_mixin.py:188} INFO - [2026-03-01T14:36:57.857+0000] {dagbag.py:545} INFO - Filling up the DagBag from /opt/airflow/dags/ga_etl_dag.py
[2026-03-01T14:36:57.865+0000] {processor.py:840} INFO - DAG(s) 'ga_etl_dag' retrieved from /opt/airflow/dags/ga_etl_dag.py
[2026-03-01T14:36:57.885+0000] {logging_mixin.py:188} INFO - [2026-03-01T14:36:57.885+0000] {dag.py:3089} INFO - Sync 1 DAGs
[2026-03-01T14:36:57.897+0000] {logging_mixin.py:188} INFO - [2026-03-01T14:36:57.897+0000] {dag.py:3947} INFO - Setting next_dagrun for ga_etl_dag to 2026-03-01 14:00:00+00:00, run_after=2026-03-01 15:00:00+00:00
[2026-03-01T14:36:57.911+0000] {processor.py:183} INFO - Processing /opt/airflow/dags/ga_etl_dag.py took 0.061 seconds
[2026-03-01T14:37:28.079+0000] {processor.py:161} INFO - Started process (PID=5077) to work on /opt/airflow/dags/ga_etl_dag.py
[2026-03-01T14:37:28.079+0000] {processor.py:830} INFO - Processing file /opt/airflow/dags/ga_etl_dag.py for tasks to queue
[2026-03-01T14:37:28.080+0000] {logging_mixin.py:188} INFO - [2026-03-01T14:37:28.080+0000] {dagbag.py:545} INFO - Filling up the DagBag from /opt/airflow/dags/ga_etl_dag.py
[2026-03-01T14:37:28.086+0000] {processor.py:840} INFO - DAG(s) 'ga_etl_dag' retrieved from /opt/airflow/dags/ga_etl_dag.py
[2026-03-01T14:37:28.106+0000] {logging_mixin.py:188} INFO - [2026-03-01T14:37:28.106+0000] {dag.py:3089} INFO - Sync 1 DAGs
[2026-03-01T14:37:28.117+0000] {logging_mixin.py:188} INFO - [2026-03-01T14:37:28.117+0000] {dag.py:3947} INFO - Setting next_dagrun for ga_etl_dag to 2026-03-01 14:00:00+00:00, run_after=2026-03-01 15:00:00+00:00
[2026-03-01T14:37:28.132+0000] {processor.py:183} INFO - Processing /opt/airflow/dags/ga_etl_dag.py took 0.057 seconds
[2026-03-01T14:37:58.314+0000] {processor.py:161} INFO - Started process (PID=5078) to work on /opt/airflow/dags/ga_etl_dag.py
[2026-03-01T14:37:58.315+0000] {processor.py:830} INFO - Processing file /opt/airflow/dags/ga_etl_dag.py for tasks to queue
[2026-03-01T14:37:58.315+0000] {logging_mixin.py:188} INFO - [2026-03-01T14:37:58.315+0000] {dagbag.py:545} INFO - Filling up the DagBag from /opt/airflow/dags/ga_etl_dag.py
[2026-03-01T14:37:58.321+0000] {processor.py:840} INFO - DAG(s) 'ga_etl_dag' retrieved from /opt/airflow/dags/ga_etl_dag.py
[2026-03-01T14:37:58.341+0000] {logging_mixin.py:188} INFO - [2026-03-01T14:37:58.341+0000] {dag.py:3089} INFO - Sync 1 DAGs
[2026-03-01T14:37:58.352+0000] {logging_mixin.py:188} INFO - [2026-03-01T14:37:58.352+0000] {dag.py:3947} INFO - Setting next_dagrun for ga_etl_dag to 2026-03-01 14:00:00+00:00, run_after=2026-03-01 15:00:00+00:00
[2026-03-01T14:37:58.367+0000] {processor.py:183} INFO - Processing /opt/airflow/dags/ga_etl_dag.py took 0.058 seconds
[2026-03-01T14:38:28.421+0000] {processor.py:161} INFO - Started process (PID=5079) to work on /opt/airflow/dags/ga_etl_dag.py
[2026-03-01T14:38:28.421+0000] {processor.py:830} INFO - Processing file /opt/airflow/dags/ga_etl_dag.py for tasks to queue
[2026-03-01T14:38:28.422+0000] {logging_mixin.py:188} INFO - [2026-03-01T14:38:28.422+0000] {dagbag.py:545} INFO - Filling up the DagBag from /opt/airflow/dags/ga_etl_dag.py
[2026-03-01T14:38:28.428+0000] {processor.py:840} INFO - DAG(s) 'ga_etl_dag' retrieved from /opt/airflow/dags/ga_etl_dag.py
[2026-03-01T14:38:28.448+0000] {logging_mixin.py:188} INFO - [2026-03-01T14:38:28.448+0000] {dag.py:3089} INFO - Sync 1 DAGs
[2026-03-01T14:38:28.459+0000] {logging_mixin.py:188} INFO - [2026-03-01T14:38:28.459+0000] {dag.py:3947} INFO - Setting next_dagrun for ga_etl_dag to 2026-03-01 14:00:00+00:00, run_after=2026-03-01 15:00:00+00:00
[2026-03-01T14:38:28.475+0000] {processor.py:183} INFO - Processing /opt/airflow/dags/ga_etl_dag.py took 0.058 seconds
[2026-03-01T14:38:58.647+0000] {processor.py:161} INFO - Started process (PID=5080) to work on /opt/airflow/dags/ga_etl_dag.py
[2026-03-01T14:38:58.648+0000] {processor.py:830} INFO - Processing file /opt/airflow/dags/ga_etl_dag.py for tasks to queue
[2026-03-01T14:38:58.649+0000] {logging_mixin.py:188} INFO - [2026-03-01T14:38:58.649+0000] {dagbag.py:545} INFO - Filling up the DagBag from /opt/airflow/dags/ga_etl_dag.py
[2026-03-01T14:38:58.655+0000] {processor.py:840} INFO - DAG(s) 'ga_etl_dag' retrieved from /opt/airflow/dags/ga_etl_dag.py
[2026-03-01T14:38:58.672+0000] {logging_mixin.py:188} INFO - [2026-03-01T14:38:58.672+0000] {dag.py:3089} INFO - Sync 1 DAGs
[2026-03-01T14:38:58.684+0000] {logging_mixin.py:188} INFO - [2026-03-01T14:38:58.684+0000] {dag.py:3947} INFO - Setting next_dagrun for ga_etl_dag to 2026-03-01 14:00:00+00:00, run_after=2026-03-01 15:00:00+00:00
[2026-03-01T14:38:58.700+0000] {processor.py:183} INFO - Processing /opt/airflow/dags/ga_etl_dag.py took 0.057 seconds
[2026-03-01T14:39:28.892+0000] {processor.py:161} INFO - Started process (PID=5081) to work on /opt/airflow/dags/ga_etl_dag.py
[2026-03-01T14:39:28.893+0000] {processor.py:830} INFO - Processing file /opt/airflow/dags/ga_etl_dag.py for tasks to queue
[2026-03-01T14:39:28.894+0000] {logging_mixin.py:188} INFO - [2026-03-01T14:39:28.893+0000] {dagbag.py:545} INFO - Filling up the DagBag from /opt/airflow/dags/ga_etl_dag.py
[2026-03-01T14:39:28.899+0000] {processor.py:840} INFO - DAG(s) 'ga_etl_dag' retrieved from /opt/airflow/dags/ga_etl_dag.py
[2026-03-01T14:39:28.920+0000] {logging_mixin.py:188} INFO - [2026-03-01T14:39:28.919+0000] {dag.py:3089} INFO - Sync 1 DAGs
[2026-03-01T14:39:28.931+0000] {logging_mixin.py:188} INFO - [2026-03-01T14:39:28.931+0000] {dag.py:3947} INFO - Setting next_dagrun for ga_etl_dag to 2026-03-01 14:00:00+00:00, run_after=2026-03-01 15:00:00+00:00
[2026-03-01T14:39:28.946+0000] {processor.py:183} INFO - Processing /opt/airflow/dags/ga_etl_dag.py took 0.060 seconds
[2026-03-01T14:39:59.126+0000] {processor.py:161} INFO - Started process (PID=5082) to work on /opt/airflow/dags/ga_etl_dag.py
[2026-03-01T14:39:59.127+0000] {processor.py:830} INFO - Processing file /opt/airflow/dags/ga_etl_dag.py for tasks to queue
[2026-03-01T14:39:59.128+0000] {logging_mixin.py:188} INFO - [2026-03-01T14:39:59.128+0000] {dagbag.py:545} INFO - Filling up the DagBag from /opt/airflow/dags/ga_etl_dag.py
[2026-03-01T14:39:59.134+0000] {processor.py:840} INFO - DAG(s) 'ga_etl_dag' retrieved from /opt/airflow/dags/ga_etl_dag.py
[2026-03-01T14:39:59.155+0000] {logging_mixin.py:188} INFO - [2026-03-01T14:39:59.155+0000] {dag.py:3089} INFO - Sync 1 DAGs
[2026-03-01T14:39:59.166+0000] {logging_mixin.py:188} INFO - [2026-03-01T14:39:59.166+0000] {dag.py:3947} INFO - Setting next_dagrun for ga_etl_dag to 2026-03-01 14:00:00+00:00, run_after=2026-03-01 15:00:00+00:00
[2026-03-01T14:39:59.182+0000] {processor.py:183} INFO - Processing /opt/airflow/dags/ga_etl_dag.py took 0.061 seconds
[2026-03-01T14:40:29.376+0000] {processor.py:161} INFO - Started process (PID=5083) to work on /opt/airflow/dags/ga_etl_dag.py
[2026-03-01T14:40:29.377+0000] {processor.py:830} INFO - Processing file /opt/airflow/dags/ga_etl_dag.py for tasks to queue
[2026-03-01T14:40:29.378+0000] {logging_mixin.py:188} INFO - [2026-03-01T14:40:29.377+0000] {dagbag.py:545} INFO - Filling up the DagBag from /opt/airflow/dags/ga_etl_dag.py
[2026-03-01T14:40:29.385+0000] {processor.py:840} INFO - DAG(s) 'ga_etl_dag' retrieved from /opt/airflow/dags/ga_etl_dag.py
[2026-03-01T14:40:29.405+0000] {logging_mixin.py:188} INFO - [2026-03-01T14:40:29.405+0000] {dag.py:3089} INFO - Sync 1 DAGs
[2026-03-01T14:40:29.417+0000] {logging_mixin.py:188} INFO - [2026-03-01T14:40:29.417+0000] {dag.py:3947} INFO - Setting next_dagrun for ga_etl_dag to 2026-03-01 14:00:00+00:00, run_after=2026-03-01 15:00:00+00:00
[2026-03-01T14:40:29.431+0000] {processor.py:183} INFO - Processing /opt/airflow/dags/ga_etl_dag.py took 0.060 seconds
[2026-03-01T14:40:59.615+0000] {processor.py:161} INFO - Started process (PID=5084) to work on /opt/airflow/dags/ga_etl_dag.py
[2026-03-01T14:40:59.616+0000] {processor.py:830} INFO - Processing file /opt/airflow/dags/ga_etl_dag.py for tasks to queue
[2026-03-01T14:40:59.617+0000] {logging_mixin.py:188} INFO - [2026-03-01T14:40:59.616+0000] {dagbag.py:545} INFO - Filling up the DagBag from /opt/airflow/dags/ga_etl_dag.py
[2026-03-01T14:40:59.623+0000] {processor.py:840} INFO - DAG(s) 'ga_etl_dag' retrieved from /opt/airflow/dags/ga_etl_dag.py
[2026-03-01T14:40:59.644+0000] {logging_mixin.py:188} INFO - [2026-03-01T14:40:59.644+0000] {dag.py:3089} INFO - Sync 1 DAGs
[2026-03-01T14:40:59.655+0000] {logging_mixin.py:188} INFO - [2026-03-01T14:40:59.655+0000] {dag.py:3947} INFO - Setting next_dagrun for ga_etl_dag to 2026-03-01 14:00:00+00:00, run_after=2026-03-01 15:00:00+00:00
[2026-03-01T14:40:59.671+0000] {processor.py:183} INFO - Processing /opt/airflow/dags/ga_etl_dag.py took 0.061 seconds
[2026-03-01T14:41:29.869+0000] {processor.py:161} INFO - Started process (PID=5085) to work on /opt/airflow/dags/ga_etl_dag.py
[2026-03-01T14:41:29.870+0000] {processor.py:830} INFO - Processing file /opt/airflow/dags/ga_etl_dag.py for tasks to queue
[2026-03-01T14:41:29.871+0000] {logging_mixin.py:188} INFO - [2026-03-01T14:41:29.871+0000] {dagbag.py:545} INFO - Filling up the DagBag from /opt/airflow/dags/ga_etl_dag.py
[2026-03-01T14:41:29.876+0000] {processor.py:840} INFO - DAG(s) 'ga_etl_dag' retrieved from /opt/airflow/dags/ga_etl_dag.py
[2026-03-01T14:41:29.894+0000] {logging_mixin.py:188} INFO - [2026-03-01T14:41:29.894+0000] {dag.py:3089} INFO - Sync 1 DAGs
[2026-03-01T14:41:29.906+0000] {logging_mixin.py:188} INFO - [2026-03-01T14:41:29.905+0000] {dag.py:3947} INFO - Setting next_dagrun for ga_etl_dag to 2026-03-01 14:00:00+00:00, run_after=2026-03-01 15:00:00+00:00
[2026-03-01T14:41:29.920+0000] {processor.py:183} INFO - Processing /opt/airflow/dags/ga_etl_dag.py took 0.056 seconds
[2026-03-01T14:42:00.113+0000] {processor.py:161} INFO - Started process (PID=5086) to work on /opt/airflow/dags/ga_etl_dag.py
[2026-03-01T14:42:00.114+0000] {processor.py:830} INFO - Processing file /opt/airflow/dags/ga_etl_dag.py for tasks to queue
[2026-03-01T14:42:00.115+0000] {logging_mixin.py:188} INFO - [2026-03-01T14:42:00.115+0000] {dagbag.py:545} INFO - Filling up the DagBag from /opt/airflow/dags/ga_etl_dag.py
[2026-03-01T14:42:00.120+0000] {processor.py:840} INFO - DAG(s) 'ga_etl_dag' retrieved from /opt/airflow/dags/ga_etl_dag.py
[2026-03-01T14:42:00.140+0000] {logging_mixin.py:188} INFO - [2026-03-01T14:42:00.140+0000] {dag.py:3089} INFO - Sync 1 DAGs
[2026-03-01T14:42:00.151+0000] {logging_mixin.py:188} INFO - [2026-03-01T14:42:00.151+0000] {dag.py:3947} INFO - Setting next_dagrun for ga_etl_dag to 2026-03-01 14:00:00+00:00, run_after=2026-03-01 15:00:00+00:00
[2026-03-01T14:42:00.167+0000] {processor.py:183} INFO - Processing /opt/airflow/dags/ga_etl_dag.py took 0.060 seconds
[2026-03-01T14:42:30.336+0000] {processor.py:161} INFO - Started process (PID=5087) to work on /opt/airflow/dags/ga_etl_dag.py
[2026-03-01T14:42:30.337+0000] {processor.py:830} INFO - Processing file /opt/airflow/dags/ga_etl_dag.py for tasks to queue
[2026-03-01T14:42:30.338+0000] {logging_mixin.py:188} INFO - [2026-03-01T14:42:30.338+0000] {dagbag.py:545} INFO - Filling up the DagBag from /opt/airflow/dags/ga_etl_dag.py
[2026-03-01T14:42:30.344+0000] {processor.py:840} INFO - DAG(s) 'ga_etl_dag' retrieved from /opt/airflow/dags/ga_etl_dag.py
[2026-03-01T14:42:30.363+0000] {logging_mixin.py:188} INFO - [2026-03-01T14:42:30.363+0000] {dag.py:3089} INFO - Sync 1 DAGs
[2026-03-01T14:42:30.376+0000] {logging_mixin.py:188} INFO - [2026-03-01T14:42:30.376+0000] {dag.py:3947} INFO - Setting next_dagrun for ga_etl_dag to 2026-03-01 14:00:00+00:00, run_after=2026-03-01 15:00:00+00:00
[2026-03-01T14:42:30.390+0000] {processor.py:183} INFO - Processing /opt/airflow/dags/ga_etl_dag.py took 0.061 seconds
[2026-03-01T14:43:00.587+0000] {processor.py:161} INFO - Started process (PID=5088) to work on /opt/airflow/dags/ga_etl_dag.py
[2026-03-01T14:43:00.588+0000] {processor.py:830} INFO - Processing file /opt/airflow/dags/ga_etl_dag.py for tasks to queue
[2026-03-01T14:43:00.589+0000] {logging_mixin.py:188} INFO - [2026-03-01T14:43:00.589+0000] {dagbag.py:545} INFO - Filling up the DagBag from /opt/airflow/dags/ga_etl_dag.py
[2026-03-01T14:43:00.595+0000] {processor.py:840} INFO - DAG(s) 'ga_etl_dag' retrieved from /opt/airflow/dags/ga_etl_dag.py
[2026-03-01T14:43:00.616+0000] {logging_mixin.py:188} INFO - [2026-03-01T14:43:00.616+0000] {dag.py:3089} INFO - Sync 1 DAGs
[2026-03-01T14:43:00.628+0000] {logging_mixin.py:188} INFO - [2026-03-01T14:43:00.628+0000] {dag.py:3947} INFO - Setting next_dagrun for ga_etl_dag to 2026-03-01 14:00:00+00:00, run_after=2026-03-01 15:00:00+00:00
[2026-03-01T14:43:00.643+0000] {processor.py:183} INFO - Processing /opt/airflow/dags/ga_etl_dag.py took 0.062 seconds
[2026-03-01T14:43:30.832+0000] {processor.py:161} INFO - Started process (PID=5089) to work on /opt/airflow/dags/ga_etl_dag.py
[2026-03-01T14:43:30.833+0000] {processor.py:830} INFO - Processing file /opt/airflow/dags/ga_etl_dag.py for tasks to queue
[2026-03-01T14:43:30.833+0000] {logging_mixin.py:188} INFO - [2026-03-01T14:43:30.833+0000] {dagbag.py:545} INFO - Filling up the DagBag from /opt/airflow/dags/ga_etl_dag.py
[2026-03-01T14:43:30.840+0000] {processor.py:840} INFO - DAG(s) 'ga_etl_dag' retrieved from /opt/airflow/dags/ga_etl_dag.py
[2026-03-01T14:43:30.860+0000] {logging_mixin.py:188} INFO - [2026-03-01T14:43:30.860+0000] {dag.py:3089} INFO - Sync 1 DAGs
[2026-03-01T14:43:30.872+0000] {logging_mixin.py:188} INFO - [2026-03-01T14:43:30.872+0000] {dag.py:3947} INFO - Setting next_dagrun for ga_etl_dag to 2026-03-01 14:00:00+00:00, run_after=2026-03-01 15:00:00+00:00
[2026-03-01T14:43:30.886+0000] {processor.py:183} INFO - Processing /opt/airflow/dags/ga_etl_dag.py took 0.060 seconds
[2026-03-01T14:44:01.075+0000] {processor.py:161} INFO - Started process (PID=5090) to work on /opt/airflow/dags/ga_etl_dag.py
[2026-03-01T14:44:01.076+0000] {processor.py:830} INFO - Processing file /opt/airflow/dags/ga_etl_dag.py for tasks to queue
[2026-03-01T14:44:01.076+0000] {logging_mixin.py:188} INFO - [2026-03-01T14:44:01.076+0000] {dagbag.py:545} INFO - Filling up the DagBag from /opt/airflow/dags/ga_etl_dag.py
[2026-03-01T14:44:01.083+0000] {processor.py:840} INFO - DAG(s) 'ga_etl_dag' retrieved from /opt/airflow/dags/ga_etl_dag.py
[2026-03-01T14:44:01.101+0000] {logging_mixin.py:188} INFO - [2026-03-01T14:44:01.101+0000] {dag.py:3089} INFO - Sync 1 DAGs
[2026-03-01T14:44:01.112+0000] {logging_mixin.py:188} INFO - [2026-03-01T14:44:01.112+0000] {dag.py:3947} INFO - Setting next_dagrun for ga_etl_dag to 2026-03-01 14:00:00+00:00, run_after=2026-03-01 15:00:00+00:00
[2026-03-01T14:44:01.126+0000] {processor.py:183} INFO - Processing /opt/airflow/dags/ga_etl_dag.py took 0.056 seconds
[2026-03-01T14:44:31.326+0000] {processor.py:161} INFO - Started process (PID=5091) to work on /opt/airflow/dags/ga_etl_dag.py
[2026-03-01T14:44:31.327+0000] {processor.py:830} INFO - Processing file /opt/airflow/dags/ga_etl_dag.py for tasks to queue
[2026-03-01T14:44:31.328+0000] {logging_mixin.py:188} INFO - [2026-03-01T14:44:31.328+0000] {dagbag.py:545} INFO - Filling up the DagBag from /opt/airflow/dags/ga_etl_dag.py
[2026-03-01T14:44:31.334+0000] {processor.py:840} INFO - DAG(s) 'ga_etl_dag' retrieved from /opt/airflow/dags/ga_etl_dag.py
[2026-03-01T14:44:31.353+0000] {logging_mixin.py:188} INFO - [2026-03-01T14:44:31.353+0000] {dag.py:3089} INFO - Sync 1 DAGs
[2026-03-01T14:44:31.365+0000] {logging_mixin.py:188} INFO - [2026-03-01T14:44:31.365+0000] {dag.py:3947} INFO - Setting next_dagrun for ga_etl_dag to 2026-03-01 14:00:00+00:00, run_after=2026-03-01 15:00:00+00:00
[2026-03-01T14:44:31.380+0000] {processor.py:183} INFO - Processing /opt/airflow/dags/ga_etl_dag.py took 0.060 seconds
[2026-03-01T14:45:01.540+0000] {processor.py:161} INFO - Started process (PID=5092) to work on /opt/airflow/dags/ga_etl_dag.py
[2026-03-01T14:45:01.541+0000] {processor.py:830} INFO - Processing file /opt/airflow/dags/ga_etl_dag.py for tasks to queue
[2026-03-01T14:45:01.542+0000] {logging_mixin.py:188} INFO - [2026-03-01T14:45:01.542+0000] {dagbag.py:545} INFO - Filling up the DagBag from /opt/airflow/dags/ga_etl_dag.py
[2026-03-01T14:45:01.547+0000] {processor.py:840} INFO - DAG(s) 'ga_etl_dag' retrieved from /opt/airflow/dags/ga_etl_dag.py
[2026-03-01T14:45:01.567+0000] {logging_mixin.py:188} INFO - [2026-03-01T14:45:01.567+0000] {dag.py:3089} INFO - Sync 1 DAGs
[2026-03-01T14:45:01.578+0000] {logging_mixin.py:188} INFO - [2026-03-01T14:45:01.578+0000] {dag.py:3947} INFO - Setting next_dagrun for ga_etl_dag to 2026-03-01 14:00:00+00:00, run_after=2026-03-01 15:00:00+00:00
[2026-03-01T14:45:01.595+0000] {processor.py:183} INFO - Processing /opt/airflow/dags/ga_etl_dag.py took 0.058 seconds
[2026-03-01T14:45:31.799+0000] {processor.py:161} INFO - Started process (PID=5093) to work on /opt/airflow/dags/ga_etl_dag.py
[2026-03-01T14:45:31.800+0000] {processor.py:830} INFO - Processing file /opt/airflow/dags/ga_etl_dag.py for tasks to queue
[2026-03-01T14:45:31.801+0000] {logging_mixin.py:188} INFO - [2026-03-01T14:45:31.801+0000] {dagbag.py:545} INFO - Filling up the DagBag from /opt/airflow/dags/ga_etl_dag.py
[2026-03-01T14:45:31.806+0000] {processor.py:840} INFO - DAG(s) 'ga_etl_dag' retrieved from /opt/airflow/dags/ga_etl_dag.py
[2026-03-01T14:45:31.827+0000] {logging_mixin.py:188} INFO - [2026-03-01T14:45:31.826+0000] {dag.py:3089} INFO - Sync 1 DAGs
[2026-03-01T14:45:31.838+0000] {logging_mixin.py:188} INFO - [2026-03-01T14:45:31.838+0000] {dag.py:3947} INFO - Setting next_dagrun for ga_etl_dag to 2026-03-01 14:00:00+00:00, run_after=2026-03-01 15:00:00+00:00
[2026-03-01T14:45:31.855+0000] {processor.py:183} INFO - Processing /opt/airflow/dags/ga_etl_dag.py took 0.062 seconds
[2026-03-01T14:46:02.048+0000] {processor.py:161} INFO - Started process (PID=5094) to work on /opt/airflow/dags/ga_etl_dag.py
[2026-03-01T14:46:02.049+0000] {processor.py:830} INFO - Processing file /opt/airflow/dags/ga_etl_dag.py for tasks to queue
[2026-03-01T14:46:02.049+0000] {logging_mixin.py:188} INFO - [2026-03-01T14:46:02.049+0000] {dagbag.py:545} INFO - Filling up the DagBag from /opt/airflow/dags/ga_etl_dag.py
[2026-03-01T14:46:02.056+0000] {processor.py:840} INFO - DAG(s) 'ga_etl_dag' retrieved from /opt/airflow/dags/ga_etl_dag.py
[2026-03-01T14:46:02.075+0000] {logging_mixin.py:188} INFO - [2026-03-01T14:46:02.075+0000] {dag.py:3089} INFO - Sync 1 DAGs
[2026-03-01T14:46:02.086+0000] {logging_mixin.py:188} INFO - [2026-03-01T14:46:02.086+0000] {dag.py:3947} INFO - Setting next_dagrun for ga_etl_dag to 2026-03-01 14:00:00+00:00, run_after=2026-03-01 15:00:00+00:00
[2026-03-01T14:46:02.104+0000] {processor.py:183} INFO - Processing /opt/airflow/dags/ga_etl_dag.py took 0.061 seconds
[2026-03-01T14:46:32.296+0000] {processor.py:161} INFO - Started process (PID=5095) to work on /opt/airflow/dags/ga_etl_dag.py
[2026-03-01T14:46:32.297+0000] {processor.py:830} INFO - Processing file /opt/airflow/dags/ga_etl_dag.py for tasks to queue
[2026-03-01T14:46:32.298+0000] {logging_mixin.py:188} INFO - [2026-03-01T14:46:32.297+0000] {dagbag.py:545} INFO - Filling up the DagBag from /opt/airflow/dags/ga_etl_dag.py
[2026-03-01T14:46:32.304+0000] {processor.py:840} INFO - DAG(s) 'ga_etl_dag' retrieved from /opt/airflow/dags/ga_etl_dag.py
[2026-03-01T14:46:32.323+0000] {logging_mixin.py:188} INFO - [2026-03-01T14:46:32.323+0000] {dag.py:3089} INFO - Sync 1 DAGs
[2026-03-01T14:46:32.336+0000] {logging_mixin.py:188} INFO - [2026-03-01T14:46:32.335+0000] {dag.py:3947} INFO - Setting next_dagrun for ga_etl_dag to 2026-03-01 14:00:00+00:00, run_after=2026-03-01 15:00:00+00:00
[2026-03-01T14:46:32.349+0000] {processor.py:183} INFO - Processing /opt/airflow/dags/ga_etl_dag.py took 0.060 seconds
[2026-03-01T14:47:02.461+0000] {processor.py:161} INFO - Started process (PID=5096) to work on /opt/airflow/dags/ga_etl_dag.py
[2026-03-01T14:47:02.462+0000] {processor.py:830} INFO - Processing file /opt/airflow/dags/ga_etl_dag.py for tasks to queue
[2026-03-01T14:47:02.463+0000] {logging_mixin.py:188} INFO - [2026-03-01T14:47:02.462+0000] {dagbag.py:545} INFO - Filling up the DagBag from /opt/airflow/dags/ga_etl_dag.py
[2026-03-01T14:47:02.469+0000] {processor.py:840} INFO - DAG(s) 'ga_etl_dag' retrieved from /opt/airflow/dags/ga_etl_dag.py
[2026-03-01T14:47:02.489+0000] {logging_mixin.py:188} INFO - [2026-03-01T14:47:02.489+0000] {dag.py:3089} INFO - Sync 1 DAGs
[2026-03-01T14:47:02.502+0000] {logging_mixin.py:188} INFO - [2026-03-01T14:47:02.502+0000] {dag.py:3947} INFO - Setting next_dagrun for ga_etl_dag to 2026-03-01 14:00:00+00:00, run_after=2026-03-01 15:00:00+00:00
[2026-03-01T14:47:02.516+0000] {processor.py:183} INFO - Processing /opt/airflow/dags/ga_etl_dag.py took 0.060 seconds
[2026-03-01T14:47:32.700+0000] {processor.py:161} INFO - Started process (PID=5097) to work on /opt/airflow/dags/ga_etl_dag.py
[2026-03-01T14:47:32.701+0000] {processor.py:830} INFO - Processing file /opt/airflow/dags/ga_etl_dag.py for tasks to queue
[2026-03-01T14:47:32.702+0000] {logging_mixin.py:188} INFO - [2026-03-01T14:47:32.701+0000] {dagbag.py:545} INFO - Filling up the DagBag from /opt/airflow/dags/ga_etl_dag.py
[2026-03-01T14:47:32.709+0000] {processor.py:840} INFO - DAG(s) 'ga_etl_dag' retrieved from /opt/airflow/dags/ga_etl_dag.py
[2026-03-01T14:47:32.731+0000] {logging_mixin.py:188} INFO - [2026-03-01T14:47:32.731+0000] {dag.py:3089} INFO - Sync 1 DAGs
[2026-03-01T14:47:32.744+0000] {logging_mixin.py:188} INFO - [2026-03-01T14:47:32.743+0000] {dag.py:3947} INFO - Setting next_dagrun for ga_etl_dag to 2026-03-01 14:00:00+00:00, run_after=2026-03-01 15:00:00+00:00
[2026-03-01T14:47:32.760+0000] {processor.py:183} INFO - Processing /opt/airflow/dags/ga_etl_dag.py took 0.066 seconds
[2026-03-01T14:48:02.884+0000] {processor.py:161} INFO - Started process (PID=5098) to work on /opt/airflow/dags/ga_etl_dag.py
[2026-03-01T14:48:02.885+0000] {processor.py:830} INFO - Processing file /opt/airflow/dags/ga_etl_dag.py for tasks to queue
[2026-03-01T14:48:02.886+0000] {logging_mixin.py:188} INFO - [2026-03-01T14:48:02.885+0000] {dagbag.py:545} INFO - Filling up the DagBag from /opt/airflow/dags/ga_etl_dag.py
[2026-03-01T14:48:02.891+0000] {processor.py:840} INFO - DAG(s) 'ga_etl_dag' retrieved from /opt/airflow/dags/ga_etl_dag.py
[2026-03-01T14:48:02.913+0000] {logging_mixin.py:188} INFO - [2026-03-01T14:48:02.912+0000] {dag.py:3089} INFO - Sync 1 DAGs
[2026-03-01T14:48:02.925+0000] {logging_mixin.py:188} INFO - [2026-03-01T14:48:02.925+0000] {dag.py:3947} INFO - Setting next_dagrun for ga_etl_dag to 2026-03-01 14:00:00+00:00, run_after=2026-03-01 15:00:00+00:00
[2026-03-01T14:48:02.942+0000] {processor.py:183} INFO - Processing /opt/airflow/dags/ga_etl_dag.py took 0.063 seconds
[2026-03-01T14:48:33.084+0000] {processor.py:161} INFO - Started process (PID=5099) to work on /opt/airflow/dags/ga_etl_dag.py
[2026-03-01T14:48:33.085+0000] {processor.py:830} INFO - Processing file /opt/airflow/dags/ga_etl_dag.py for tasks to queue
[2026-03-01T14:48:33.086+0000] {logging_mixin.py:188} INFO - [2026-03-01T14:48:33.086+0000] {dagbag.py:545} INFO - Filling up the DagBag from /opt/airflow/dags/ga_etl_dag.py
[2026-03-01T14:48:33.093+0000] {processor.py:840} INFO - DAG(s) 'ga_etl_dag' retrieved from /opt/airflow/dags/ga_etl_dag.py
[2026-03-01T14:48:33.113+0000] {logging_mixin.py:188} INFO - [2026-03-01T14:48:33.113+0000] {dag.py:3089} INFO - Sync 1 DAGs
[2026-03-01T14:48:33.126+0000] {logging_mixin.py:188} INFO - [2026-03-01T14:48:33.126+0000] {dag.py:3947} INFO - Setting next_dagrun for ga_etl_dag to 2026-03-01 14:00:00+00:00, run_after=2026-03-01 15:00:00+00:00
[2026-03-01T14:48:33.141+0000] {processor.py:183} INFO - Processing /opt/airflow/dags/ga_etl_dag.py took 0.062 seconds
[2026-03-01T14:49:03.287+0000] {processor.py:161} INFO - Started process (PID=5100) to work on /opt/airflow/dags/ga_etl_dag.py
[2026-03-01T14:49:03.288+0000] {processor.py:830} INFO - Processing file /opt/airflow/dags/ga_etl_dag.py for tasks to queue
[2026-03-01T14:49:03.290+0000] {logging_mixin.py:188} INFO - [2026-03-01T14:49:03.289+0000] {dagbag.py:545} INFO - Filling up the DagBag from /opt/airflow/dags/ga_etl_dag.py
[2026-03-01T14:49:03.296+0000] {processor.py:840} INFO - DAG(s) 'ga_etl_dag' retrieved from /opt/airflow/dags/ga_etl_dag.py
[2026-03-01T14:49:03.321+0000] {logging_mixin.py:188} INFO - [2026-03-01T14:49:03.320+0000] {dag.py:3089} INFO - Sync 1 DAGs
[2026-03-01T14:49:03.334+0000] {logging_mixin.py:188} INFO - [2026-03-01T14:49:03.334+0000] {dag.py:3947} INFO - Setting next_dagrun for ga_etl_dag to 2026-03-01 14:00:00+00:00, run_after=2026-03-01 15:00:00+00:00
[2026-03-01T14:49:03.351+0000] {processor.py:183} INFO - Processing /opt/airflow/dags/ga_etl_dag.py took 0.071 seconds
[2026-03-01T14:49:33.480+0000] {processor.py:161} INFO - Started process (PID=5101) to work on /opt/airflow/dags/ga_etl_dag.py
[2026-03-01T14:49:33.481+0000] {processor.py:830} INFO - Processing file /opt/airflow/dags/ga_etl_dag.py for tasks to queue
[2026-03-01T14:49:33.481+0000] {logging_mixin.py:188} INFO - [2026-03-01T14:49:33.481+0000] {dagbag.py:545} INFO - Filling up the DagBag from /opt/airflow/dags/ga_etl_dag.py
[2026-03-01T14:49:33.487+0000] {processor.py:840} INFO - DAG(s) 'ga_etl_dag' retrieved from /opt/airflow/dags/ga_etl_dag.py
[2026-03-01T14:49:33.508+0000] {logging_mixin.py:188} INFO - [2026-03-01T14:49:33.508+0000] {dag.py:3089} INFO - Sync 1 DAGs
[2026-03-01T14:49:33.523+0000] {logging_mixin.py:188} INFO - [2026-03-01T14:49:33.523+0000] {dag.py:3947} INFO - Setting next_dagrun for ga_etl_dag to 2026-03-01 14:00:00+00:00, run_after=2026-03-01 15:00:00+00:00
[2026-03-01T14:49:33.541+0000] {processor.py:183} INFO - Processing /opt/airflow/dags/ga_etl_dag.py took 0.066 seconds
[2026-03-01T14:50:03.681+0000] {processor.py:161} INFO - Started process (PID=5102) to work on /opt/airflow/dags/ga_etl_dag.py
[2026-03-01T14:50:03.682+0000] {processor.py:830} INFO - Processing file /opt/airflow/dags/ga_etl_dag.py for tasks to queue
[2026-03-01T14:50:03.683+0000] {logging_mixin.py:188} INFO - [2026-03-01T14:50:03.683+0000] {dagbag.py:545} INFO - Filling up the DagBag from /opt/airflow/dags/ga_etl_dag.py
[2026-03-01T14:50:03.690+0000] {processor.py:840} INFO - DAG(s) 'ga_etl_dag' retrieved from /opt/airflow/dags/ga_etl_dag.py
[2026-03-01T14:50:03.712+0000] {logging_mixin.py:188} INFO - [2026-03-01T14:50:03.712+0000] {dag.py:3089} INFO - Sync 1 DAGs
[2026-03-01T14:50:03.723+0000] {logging_mixin.py:188} INFO - [2026-03-01T14:50:03.723+0000] {dag.py:3947} INFO - Setting next_dagrun for ga_etl_dag to 2026-03-01 14:00:00+00:00, run_after=2026-03-01 15:00:00+00:00
[2026-03-01T14:50:03.738+0000] {processor.py:183} INFO - Processing /opt/airflow/dags/ga_etl_dag.py took 0.063 seconds
[2026-03-01T14:50:33.886+0000] {processor.py:161} INFO - Started process (PID=5103) to work on /opt/airflow/dags/ga_etl_dag.py
[2026-03-01T14:50:33.887+0000] {processor.py:830} INFO - Processing file /opt/airflow/dags/ga_etl_dag.py for tasks to queue
[2026-03-01T14:50:33.887+0000] {logging_mixin.py:188} INFO - [2026-03-01T14:50:33.887+0000] {dagbag.py:545} INFO - Filling up the DagBag from /opt/airflow/dags/ga_etl_dag.py
[2026-03-01T14:50:33.895+0000] {processor.py:840} INFO - DAG(s) 'ga_etl_dag' retrieved from /opt/airflow/dags/ga_etl_dag.py
[2026-03-01T14:50:33.916+0000] {logging_mixin.py:188} INFO - [2026-03-01T14:50:33.915+0000] {dag.py:3089} INFO - Sync 1 DAGs
[2026-03-01T14:50:33.928+0000] {logging_mixin.py:188} INFO - [2026-03-01T14:50:33.928+0000] {dag.py:3947} INFO - Setting next_dagrun for ga_etl_dag to 2026-03-01 14:00:00+00:00, run_after=2026-03-01 15:00:00+00:00
[2026-03-01T14:50:33.944+0000] {processor.py:183} INFO - Processing /opt/airflow/dags/ga_etl_dag.py took 0.063 seconds
[2026-03-01T14:51:04.094+0000] {processor.py:161} INFO - Started process (PID=5104) to work on /opt/airflow/dags/ga_etl_dag.py
[2026-03-01T14:51:04.096+0000] {processor.py:830} INFO - Processing file /opt/airflow/dags/ga_etl_dag.py for tasks to queue
[2026-03-01T14:51:04.096+0000] {logging_mixin.py:188} INFO - [2026-03-01T14:51:04.096+0000] {dagbag.py:545} INFO - Filling up the DagBag from /opt/airflow/dags/ga_etl_dag.py
[2026-03-01T14:51:04.105+0000] {processor.py:840} INFO - DAG(s) 'ga_etl_dag' retrieved from /opt/airflow/dags/ga_etl_dag.py
[2026-03-01T14:51:04.128+0000] {logging_mixin.py:188} INFO - [2026-03-01T14:51:04.128+0000] {dag.py:3089} INFO - Sync 1 DAGs
[2026-03-01T14:51:04.140+0000] {logging_mixin.py:188} INFO - [2026-03-01T14:51:04.140+0000] {dag.py:3947} INFO - Setting next_dagrun for ga_etl_dag to 2026-03-01 14:00:00+00:00, run_after=2026-03-01 15:00:00+00:00
[2026-03-01T14:51:04.156+0000] {processor.py:183} INFO - Processing /opt/airflow/dags/ga_etl_dag.py took 0.068 seconds
[2026-03-01T14:51:34.300+0000] {processor.py:161} INFO - Started process (PID=5105) to work on /opt/airflow/dags/ga_etl_dag.py
[2026-03-01T14:51:34.301+0000] {processor.py:830} INFO - Processing file /opt/airflow/dags/ga_etl_dag.py for tasks to queue
[2026-03-01T14:51:34.302+0000] {logging_mixin.py:188} INFO - [2026-03-01T14:51:34.302+0000] {dagbag.py:545} INFO - Filling up the DagBag from /opt/airflow/dags/ga_etl_dag.py
[2026-03-01T14:51:34.310+0000] {processor.py:840} INFO - DAG(s) 'ga_etl_dag' retrieved from /opt/airflow/dags/ga_etl_dag.py
[2026-03-01T14:51:34.332+0000] {logging_mixin.py:188} INFO - [2026-03-01T14:51:34.332+0000] {dag.py:3089} INFO - Sync 1 DAGs
[2026-03-01T14:51:34.346+0000] {logging_mixin.py:188} INFO - [2026-03-01T14:51:34.346+0000] {dag.py:3947} INFO - Setting next_dagrun for ga_etl_dag to 2026-03-01 14:00:00+00:00, run_after=2026-03-01 15:00:00+00:00
[2026-03-01T14:51:34.362+0000] {processor.py:183} INFO - Processing /opt/airflow/dags/ga_etl_dag.py took 0.068 seconds
[2026-03-01T14:52:04.493+0000] {processor.py:161} INFO - Started process (PID=5106) to work on /opt/airflow/dags/ga_etl_dag.py
[2026-03-01T14:52:04.494+0000] {processor.py:830} INFO - Processing file /opt/airflow/dags/ga_etl_dag.py for tasks to queue
[2026-03-01T14:52:04.495+0000] {logging_mixin.py:188} INFO - [2026-03-01T14:52:04.495+0000] {dagbag.py:545} INFO - Filling up the DagBag from /opt/airflow/dags/ga_etl_dag.py
[2026-03-01T14:52:04.502+0000] {processor.py:840} INFO - DAG(s) 'ga_etl_dag' retrieved from /opt/airflow/dags/ga_etl_dag.py
[2026-03-01T14:52:04.527+0000] {logging_mixin.py:188} INFO - [2026-03-01T14:52:04.526+0000] {dag.py:3089} INFO - Sync 1 DAGs
[2026-03-01T14:52:04.541+0000] {logging_mixin.py:188} INFO - [2026-03-01T14:52:04.541+0000] {dag.py:3947} INFO - Setting next_dagrun for ga_etl_dag to 2026-03-01 14:00:00+00:00, run_after=2026-03-01 15:00:00+00:00
[2026-03-01T14:52:04.557+0000] {processor.py:183} INFO - Processing /opt/airflow/dags/ga_etl_dag.py took 0.070 seconds
[2026-03-01T14:52:34.689+0000] {processor.py:161} INFO - Started process (PID=5107) to work on /opt/airflow/dags/ga_etl_dag.py
[2026-03-01T14:52:34.690+0000] {processor.py:830} INFO - Processing file /opt/airflow/dags/ga_etl_dag.py for tasks to queue
[2026-03-01T14:52:34.691+0000] {logging_mixin.py:188} INFO - [2026-03-01T14:52:34.691+0000] {dagbag.py:545} INFO - Filling up the DagBag from /opt/airflow/dags/ga_etl_dag.py
[2026-03-01T14:52:34.697+0000] {processor.py:840} INFO - DAG(s) 'ga_etl_dag' retrieved from /opt/airflow/dags/ga_etl_dag.py
[2026-03-01T14:52:34.718+0000] {logging_mixin.py:188} INFO - [2026-03-01T14:52:34.718+0000] {dag.py:3089} INFO - Sync 1 DAGs
[2026-03-01T14:52:34.730+0000] {logging_mixin.py:188} INFO - [2026-03-01T14:52:34.730+0000] {dag.py:3947} INFO - Setting next_dagrun for ga_etl_dag to 2026-03-01 14:00:00+00:00, run_after=2026-03-01 15:00:00+00:00
[2026-03-01T14:52:34.746+0000] {processor.py:183} INFO - Processing /opt/airflow/dags/ga_etl_dag.py took 0.062 seconds
[2026-03-01T14:53:04.880+0000] {processor.py:161} INFO - Started process (PID=5108) to work on /opt/airflow/dags/ga_etl_dag.py
[2026-03-01T14:53:04.881+0000] {processor.py:830} INFO - Processing file /opt/airflow/dags/ga_etl_dag.py for tasks to queue
[2026-03-01T14:53:04.882+0000] {logging_mixin.py:188} INFO - [2026-03-01T14:53:04.882+0000] {dagbag.py:545} INFO - Filling up the DagBag from /opt/airflow/dags/ga_etl_dag.py
[2026-03-01T14:53:04.888+0000] {processor.py:840} INFO - DAG(s) 'ga_etl_dag' retrieved from /opt/airflow/dags/ga_etl_dag.py
[2026-03-01T14:53:04.909+0000] {logging_mixin.py:188} INFO - [2026-03-01T14:53:04.909+0000] {dag.py:3089} INFO - Sync 1 DAGs
[2026-03-01T14:53:04.922+0000] {logging_mixin.py:188} INFO - [2026-03-01T14:53:04.922+0000] {dag.py:3947} INFO - Setting next_dagrun for ga_etl_dag to 2026-03-01 14:00:00+00:00, run_after=2026-03-01 15:00:00+00:00
[2026-03-01T14:53:04.937+0000] {processor.py:183} INFO - Processing /opt/airflow/dags/ga_etl_dag.py took 0.064 seconds
[2026-03-01T14:53:35.067+0000] {processor.py:161} INFO - Started process (PID=5109) to work on /opt/airflow/dags/ga_etl_dag.py
[2026-03-01T14:53:35.068+0000] {processor.py:830} INFO - Processing file /opt/airflow/dags/ga_etl_dag.py for tasks to queue
[2026-03-01T14:53:35.069+0000] {logging_mixin.py:188} INFO - [2026-03-01T14:53:35.068+0000] {dagbag.py:545} INFO - Filling up the DagBag from /opt/airflow/dags/ga_etl_dag.py
[2026-03-01T14:53:35.074+0000] {processor.py:840} INFO - DAG(s) 'ga_etl_dag' retrieved from /opt/airflow/dags/ga_etl_dag.py
[2026-03-01T14:53:35.095+0000] {logging_mixin.py:188} INFO - [2026-03-01T14:53:35.095+0000] {dag.py:3089} INFO - Sync 1 DAGs
[2026-03-01T14:53:35.106+0000] {logging_mixin.py:188} INFO - [2026-03-01T14:53:35.106+0000] {dag.py:3947} INFO - Setting next_dagrun for ga_etl_dag to 2026-03-01 14:00:00+00:00, run_after=2026-03-01 15:00:00+00:00
[2026-03-01T14:53:35.122+0000] {processor.py:183} INFO - Processing /opt/airflow/dags/ga_etl_dag.py took 0.059 seconds
[2026-03-01T14:54:05.265+0000] {processor.py:161} INFO - Started process (PID=5110) to work on /opt/airflow/dags/ga_etl_dag.py
[2026-03-01T14:54:05.266+0000] {processor.py:830} INFO - Processing file /opt/airflow/dags/ga_etl_dag.py for tasks to queue
[2026-03-01T14:54:05.266+0000] {logging_mixin.py:188} INFO - [2026-03-01T14:54:05.266+0000] {dagbag.py:545} INFO - Filling up the DagBag from /opt/airflow/dags/ga_etl_dag.py
[2026-03-01T14:54:05.273+0000] {processor.py:840} INFO - DAG(s) 'ga_etl_dag' retrieved from /opt/airflow/dags/ga_etl_dag.py
[2026-03-01T14:54:05.294+0000] {logging_mixin.py:188} INFO - [2026-03-01T14:54:05.294+0000] {dag.py:3089} INFO - Sync 1 DAGs
[2026-03-01T14:54:05.305+0000] {logging_mixin.py:188} INFO - [2026-03-01T14:54:05.305+0000] {dag.py:3947} INFO - Setting next_dagrun for ga_etl_dag to 2026-03-01 14:00:00+00:00, run_after=2026-03-01 15:00:00+00:00
[2026-03-01T14:54:05.322+0000] {processor.py:183} INFO - Processing /opt/airflow/dags/ga_etl_dag.py took 0.061 seconds
[2026-03-01T14:54:35.463+0000] {processor.py:161} INFO - Started process (PID=5111) to work on /opt/airflow/dags/ga_etl_dag.py
[2026-03-01T14:54:35.464+0000] {processor.py:830} INFO - Processing file /opt/airflow/dags/ga_etl_dag.py for tasks to queue
[2026-03-01T14:54:35.465+0000] {logging_mixin.py:188} INFO - [2026-03-01T14:54:35.464+0000] {dagbag.py:545} INFO - Filling up the DagBag from /opt/airflow/dags/ga_etl_dag.py
[2026-03-01T14:54:35.470+0000] {processor.py:840} INFO - DAG(s) 'ga_etl_dag' retrieved from /opt/airflow/dags/ga_etl_dag.py
[2026-03-01T14:54:35.492+0000] {logging_mixin.py:188} INFO - [2026-03-01T14:54:35.491+0000] {dag.py:3089} INFO - Sync 1 DAGs
[2026-03-01T14:54:35.504+0000] {logging_mixin.py:188} INFO - [2026-03-01T14:54:35.504+0000] {dag.py:3947} INFO - Setting next_dagrun for ga_etl_dag to 2026-03-01 14:00:00+00:00, run_after=2026-03-01 15:00:00+00:00
[2026-03-01T14:54:35.519+0000] {processor.py:183} INFO - Processing /opt/airflow/dags/ga_etl_dag.py took 0.061 seconds
[2026-03-01T14:55:05.666+0000] {processor.py:161} INFO - Started process (PID=5112) to work on /opt/airflow/dags/ga_etl_dag.py
[2026-03-01T14:55:05.667+0000] {processor.py:830} INFO - Processing file /opt/airflow/dags/ga_etl_dag.py for tasks to queue
[2026-03-01T14:55:05.667+0000] {logging_mixin.py:188} INFO - [2026-03-01T14:55:05.667+0000] {dagbag.py:545} INFO - Filling up the DagBag from /opt/airflow/dags/ga_etl_dag.py
[2026-03-01T14:55:05.675+0000] {processor.py:840} INFO - DAG(s) 'ga_etl_dag' retrieved from /opt/airflow/dags/ga_etl_dag.py
[2026-03-01T14:55:05.696+0000] {logging_mixin.py:188} INFO - [2026-03-01T14:55:05.696+0000] {dag.py:3089} INFO - Sync 1 DAGs
[2026-03-01T14:55:05.709+0000] {logging_mixin.py:188} INFO - [2026-03-01T14:55:05.709+0000] {dag.py:3947} INFO - Setting next_dagrun for ga_etl_dag to 2026-03-01 14:00:00+00:00, run_after=2026-03-01 15:00:00+00:00
[2026-03-01T14:55:05.723+0000] {processor.py:183} INFO - Processing /opt/airflow/dags/ga_etl_dag.py took 0.063 seconds
[2026-03-01T14:55:35.862+0000] {processor.py:161} INFO - Started process (PID=5113) to work on /opt/airflow/dags/ga_etl_dag.py
[2026-03-01T14:55:35.863+0000] {processor.py:830} INFO - Processing file /opt/airflow/dags/ga_etl_dag.py for tasks to queue
[2026-03-01T14:55:35.863+0000] {logging_mixin.py:188} INFO - [2026-03-01T14:55:35.863+0000] {dagbag.py:545} INFO - Filling up the DagBag from /opt/airflow/dags/ga_etl_dag.py
[2026-03-01T14:55:35.869+0000] {processor.py:840} INFO - DAG(s) 'ga_etl_dag' retrieved from /opt/airflow/dags/ga_etl_dag.py
[2026-03-01T14:55:35.891+0000] {logging_mixin.py:188} INFO - [2026-03-01T14:55:35.890+0000] {dag.py:3089} INFO - Sync 1 DAGs
[2026-03-01T14:55:35.903+0000] {logging_mixin.py:188} INFO - [2026-03-01T14:55:35.903+0000] {dag.py:3947} INFO - Setting next_dagrun for ga_etl_dag to 2026-03-01 14:00:00+00:00, run_after=2026-03-01 15:00:00+00:00
[2026-03-01T14:55:35.918+0000] {processor.py:183} INFO - Processing /opt/airflow/dags/ga_etl_dag.py took 0.063 seconds
[2026-03-01T14:56:06.054+0000] {processor.py:161} INFO - Started process (PID=5114) to work on /opt/airflow/dags/ga_etl_dag.py
[2026-03-01T14:56:06.055+0000] {processor.py:830} INFO - Processing file /opt/airflow/dags/ga_etl_dag.py for tasks to queue
[2026-03-01T14:56:06.057+0000] {logging_mixin.py:188} INFO - [2026-03-01T14:56:06.057+0000] {dagbag.py:545} INFO - Filling up the DagBag from /opt/airflow/dags/ga_etl_dag.py
[2026-03-01T14:56:06.065+0000] {processor.py:840} INFO - DAG(s) 'ga_etl_dag' retrieved from /opt/airflow/dags/ga_etl_dag.py
[2026-03-01T14:56:06.088+0000] {logging_mixin.py:188} INFO - [2026-03-01T14:56:06.088+0000] {dag.py:3089} INFO - Sync 1 DAGs
[2026-03-01T14:56:06.106+0000] {logging_mixin.py:188} INFO - [2026-03-01T14:56:06.106+0000] {dag.py:3947} INFO - Setting next_dagrun for ga_etl_dag to 2026-03-01 14:00:00+00:00, run_after=2026-03-01 15:00:00+00:00
[2026-03-01T14:56:06.129+0000] {processor.py:183} INFO - Processing /opt/airflow/dags/ga_etl_dag.py took 0.080 seconds
[2026-03-01T14:56:36.260+0000] {processor.py:161} INFO - Started process (PID=5115) to work on /opt/airflow/dags/ga_etl_dag.py
[2026-03-01T14:56:36.261+0000] {processor.py:830} INFO - Processing file /opt/airflow/dags/ga_etl_dag.py for tasks to queue
[2026-03-01T14:56:36.261+0000] {logging_mixin.py:188} INFO - [2026-03-01T14:56:36.261+0000] {dagbag.py:545} INFO - Filling up the DagBag from /opt/airflow/dags/ga_etl_dag.py
[2026-03-01T14:56:36.267+0000] {processor.py:840} INFO - DAG(s) 'ga_etl_dag' retrieved from /opt/airflow/dags/ga_etl_dag.py
[2026-03-01T14:56:36.291+0000] {logging_mixin.py:188} INFO - [2026-03-01T14:56:36.291+0000] {dag.py:3089} INFO - Sync 1 DAGs
[2026-03-01T14:56:36.308+0000] {logging_mixin.py:188} INFO - [2026-03-01T14:56:36.308+0000] {dag.py:3947} INFO - Setting next_dagrun for ga_etl_dag to 2026-03-01 14:00:00+00:00, run_after=2026-03-01 15:00:00+00:00
[2026-03-01T14:56:36.329+0000] {processor.py:183} INFO - Processing /opt/airflow/dags/ga_etl_dag.py took 0.074 seconds
[2026-03-01T14:57:06.466+0000] {processor.py:161} INFO - Started process (PID=5116) to work on /opt/airflow/dags/ga_etl_dag.py
[2026-03-01T14:57:06.467+0000] {processor.py:830} INFO - Processing file /opt/airflow/dags/ga_etl_dag.py for tasks to queue
[2026-03-01T14:57:06.468+0000] {logging_mixin.py:188} INFO - [2026-03-01T14:57:06.468+0000] {dagbag.py:545} INFO - Filling up the DagBag from /opt/airflow/dags/ga_etl_dag.py
[2026-03-01T14:57:06.475+0000] {processor.py:840} INFO - DAG(s) 'ga_etl_dag' retrieved from /opt/airflow/dags/ga_etl_dag.py
[2026-03-01T14:57:06.497+0000] {logging_mixin.py:188} INFO - [2026-03-01T14:57:06.497+0000] {dag.py:3089} INFO - Sync 1 DAGs
[2026-03-01T14:57:06.512+0000] {logging_mixin.py:188} INFO - [2026-03-01T14:57:06.512+0000] {dag.py:3947} INFO - Setting next_dagrun for ga_etl_dag to 2026-03-01 14:00:00+00:00, run_after=2026-03-01 15:00:00+00:00
[2026-03-01T14:57:06.532+0000] {processor.py:183} INFO - Processing /opt/airflow/dags/ga_etl_dag.py took 0.071 seconds
[2026-03-01T14:57:36.649+0000] {processor.py:161} INFO - Started process (PID=5117) to work on /opt/airflow/dags/ga_etl_dag.py
[2026-03-01T14:57:36.650+0000] {processor.py:830} INFO - Processing file /opt/airflow/dags/ga_etl_dag.py for tasks to queue
[2026-03-01T14:57:36.650+0000] {logging_mixin.py:188} INFO - [2026-03-01T14:57:36.650+0000] {dagbag.py:545} INFO - Filling up the DagBag from /opt/airflow/dags/ga_etl_dag.py
[2026-03-01T14:57:36.657+0000] {processor.py:840} INFO - DAG(s) 'ga_etl_dag' retrieved from /opt/airflow/dags/ga_etl_dag.py
[2026-03-01T14:57:36.679+0000] {logging_mixin.py:188} INFO - [2026-03-01T14:57:36.679+0000] {dag.py:3089} INFO - Sync 1 DAGs
[2026-03-01T14:57:36.693+0000] {logging_mixin.py:188} INFO - [2026-03-01T14:57:36.693+0000] {dag.py:3947} INFO - Setting next_dagrun for ga_etl_dag to 2026-03-01 14:00:00+00:00, run_after=2026-03-01 15:00:00+00:00
[2026-03-01T14:57:36.713+0000] {processor.py:183} INFO - Processing /opt/airflow/dags/ga_etl_dag.py took 0.071 seconds
[2026-03-01T14:58:06.853+0000] {processor.py:161} INFO - Started process (PID=5118) to work on /opt/airflow/dags/ga_etl_dag.py
[2026-03-01T14:58:06.854+0000] {processor.py:830} INFO - Processing file /opt/airflow/dags/ga_etl_dag.py for tasks to queue
[2026-03-01T14:58:06.855+0000] {logging_mixin.py:188} INFO - [2026-03-01T14:58:06.855+0000] {dagbag.py:545} INFO - Filling up the DagBag from /opt/airflow/dags/ga_etl_dag.py
[2026-03-01T14:58:06.862+0000] {processor.py:840} INFO - DAG(s) 'ga_etl_dag' retrieved from /opt/airflow/dags/ga_etl_dag.py
[2026-03-01T14:58:06.893+0000] {logging_mixin.py:188} INFO - [2026-03-01T14:58:06.893+0000] {dag.py:3089} INFO - Sync 1 DAGs
[2026-03-01T14:58:06.907+0000] {logging_mixin.py:188} INFO - [2026-03-01T14:58:06.907+0000] {dag.py:3947} INFO - Setting next_dagrun for ga_etl_dag to 2026-03-01 14:00:00+00:00, run_after=2026-03-01 15:00:00+00:00
[2026-03-01T14:58:06.931+0000] {processor.py:183} INFO - Processing /opt/airflow/dags/ga_etl_dag.py took 0.083 seconds
[2026-03-01T14:58:37.023+0000] {processor.py:161} INFO - Started process (PID=5119) to work on /opt/airflow/dags/ga_etl_dag.py
[2026-03-01T14:58:37.024+0000] {processor.py:830} INFO - Processing file /opt/airflow/dags/ga_etl_dag.py for tasks to queue
[2026-03-01T14:58:37.024+0000] {logging_mixin.py:188} INFO - [2026-03-01T14:58:37.024+0000] {dagbag.py:545} INFO - Filling up the DagBag from /opt/airflow/dags/ga_etl_dag.py
[2026-03-01T14:58:37.030+0000] {processor.py:840} INFO - DAG(s) 'ga_etl_dag' retrieved from /opt/airflow/dags/ga_etl_dag.py
[2026-03-01T14:58:37.049+0000] {logging_mixin.py:188} INFO - [2026-03-01T14:58:37.049+0000] {dag.py:3089} INFO - Sync 1 DAGs
[2026-03-01T14:58:37.060+0000] {logging_mixin.py:188} INFO - [2026-03-01T14:58:37.060+0000] {dag.py:3947} INFO - Setting next_dagrun for ga_etl_dag to 2026-03-01 14:00:00+00:00, run_after=2026-03-01 15:00:00+00:00
[2026-03-01T14:58:37.074+0000] {processor.py:183} INFO - Processing /opt/airflow/dags/ga_etl_dag.py took 0.056 seconds
[2026-03-01T15:15:41.674+0000] {processor.py:161} INFO - Started process (PID=5120) to work on /opt/airflow/dags/ga_etl_dag.py
[2026-03-01T15:15:41.674+0000] {processor.py:830} INFO - Processing file /opt/airflow/dags/ga_etl_dag.py for tasks to queue
[2026-03-01T15:15:41.675+0000] {logging_mixin.py:188} INFO - [2026-03-01T15:15:41.675+0000] {dagbag.py:545} INFO - Filling up the DagBag from /opt/airflow/dags/ga_etl_dag.py
[2026-03-01T15:15:41.681+0000] {processor.py:840} INFO - DAG(s) 'ga_etl_dag' retrieved from /opt/airflow/dags/ga_etl_dag.py
[2026-03-01T15:15:41.701+0000] {logging_mixin.py:188} INFO - [2026-03-01T15:15:41.700+0000] {dag.py:3089} INFO - Sync 1 DAGs
[2026-03-01T15:15:41.711+0000] {logging_mixin.py:188} INFO - [2026-03-01T15:15:41.711+0000] {dag.py:3947} INFO - Setting next_dagrun for ga_etl_dag to 2026-03-01 14:00:00+00:00, run_after=2026-03-01 15:00:00+00:00
[2026-03-01T15:15:41.726+0000] {processor.py:183} INFO - Processing /opt/airflow/dags/ga_etl_dag.py took 0.056 seconds
[2026-03-01T20:15:47.024+0000] {processor.py:161} INFO - Started process (PID=5146) to work on /opt/airflow/dags/ga_etl_dag.py
[2026-03-01T20:15:47.026+0000] {processor.py:830} INFO - Processing file /opt/airflow/dags/ga_etl_dag.py for tasks to queue
[2026-03-01T20:15:47.026+0000] {logging_mixin.py:188} INFO - [2026-03-01T20:15:47.026+0000] {dagbag.py:545} INFO - Filling up the DagBag from /opt/airflow/dags/ga_etl_dag.py
[2026-03-01T20:15:47.035+0000] {processor.py:840} INFO - DAG(s) 'ga_etl_dag' retrieved from /opt/airflow/dags/ga_etl_dag.py
[2026-03-01T20:15:47.054+0000] {logging_mixin.py:188} INFO - [2026-03-01T20:15:47.053+0000] {dag.py:3089} INFO - Sync 1 DAGs
[2026-03-01T20:15:47.080+0000] {processor.py:183} INFO - Processing /opt/airflow/dags/ga_etl_dag.py took 0.059 seconds
