[2026-02-27T11:47:54.054+0000] {processor.py:161} INFO - Started process (PID=4696) to work on /opt/airflow/dags/ga_etl_dag.py
[2026-02-27T11:47:54.054+0000] {processor.py:830} INFO - Processing file /opt/airflow/dags/ga_etl_dag.py for tasks to queue
[2026-02-27T11:47:54.055+0000] {logging_mixin.py:188} INFO - [2026-02-27T11:47:54.055+0000] {dagbag.py:545} INFO - Filling up the DagBag from /opt/airflow/dags/ga_etl_dag.py
[2026-02-27T11:47:54.062+0000] {processor.py:840} INFO - DAG(s) 'ga_etl_dag' retrieved from /opt/airflow/dags/ga_etl_dag.py
[2026-02-27T11:47:54.154+0000] {logging_mixin.py:188} INFO - [2026-02-27T11:47:54.154+0000] {dag.py:3089} INFO - Sync 1 DAGs
[2026-02-27T11:47:54.181+0000] {processor.py:183} INFO - Processing /opt/airflow/dags/ga_etl_dag.py took 0.131 seconds
[2026-02-27T12:48:27.178+0000] {processor.py:161} INFO - Started process (PID=4719) to work on /opt/airflow/dags/ga_etl_dag.py
[2026-02-27T12:48:27.179+0000] {processor.py:830} INFO - Processing file /opt/airflow/dags/ga_etl_dag.py for tasks to queue
[2026-02-27T12:48:27.179+0000] {logging_mixin.py:188} INFO - [2026-02-27T12:48:27.179+0000] {dagbag.py:545} INFO - Filling up the DagBag from /opt/airflow/dags/ga_etl_dag.py
[2026-02-27T12:48:27.184+0000] {processor.py:840} INFO - DAG(s) 'ga_etl_dag' retrieved from /opt/airflow/dags/ga_etl_dag.py
[2026-02-27T12:48:27.201+0000] {logging_mixin.py:188} INFO - [2026-02-27T12:48:27.201+0000] {dag.py:3089} INFO - Sync 1 DAGs
[2026-02-27T12:48:27.226+0000] {processor.py:183} INFO - Processing /opt/airflow/dags/ga_etl_dag.py took 0.052 seconds
[2026-02-27T14:02:25.899+0000] {processor.py:161} INFO - Started process (PID=4745) to work on /opt/airflow/dags/ga_etl_dag.py
[2026-02-27T14:02:25.901+0000] {processor.py:830} INFO - Processing file /opt/airflow/dags/ga_etl_dag.py for tasks to queue
[2026-02-27T14:02:25.901+0000] {logging_mixin.py:188} INFO - [2026-02-27T14:02:25.901+0000] {dagbag.py:545} INFO - Filling up the DagBag from /opt/airflow/dags/ga_etl_dag.py
[2026-02-27T14:02:25.909+0000] {processor.py:840} INFO - DAG(s) 'ga_etl_dag' retrieved from /opt/airflow/dags/ga_etl_dag.py
[2026-02-27T14:02:25.935+0000] {logging_mixin.py:188} INFO - [2026-02-27T14:02:25.935+0000] {dag.py:3089} INFO - Sync 1 DAGs
[2026-02-27T14:02:25.961+0000] {processor.py:183} INFO - Processing /opt/airflow/dags/ga_etl_dag.py took 0.066 seconds
[2026-02-27T15:31:03.106+0000] {processor.py:161} INFO - Started process (PID=4768) to work on /opt/airflow/dags/ga_etl_dag.py
[2026-02-27T15:31:03.107+0000] {processor.py:830} INFO - Processing file /opt/airflow/dags/ga_etl_dag.py for tasks to queue
[2026-02-27T15:31:03.107+0000] {logging_mixin.py:188} INFO - [2026-02-27T15:31:03.107+0000] {dagbag.py:545} INFO - Filling up the DagBag from /opt/airflow/dags/ga_etl_dag.py
[2026-02-27T15:31:03.112+0000] {processor.py:840} INFO - DAG(s) 'ga_etl_dag' retrieved from /opt/airflow/dags/ga_etl_dag.py
[2026-02-27T15:31:03.128+0000] {logging_mixin.py:188} INFO - [2026-02-27T15:31:03.128+0000] {dag.py:3089} INFO - Sync 1 DAGs
[2026-02-27T15:31:03.150+0000] {processor.py:183} INFO - Processing /opt/airflow/dags/ga_etl_dag.py took 0.047 seconds
[2026-02-27T20:15:41.196+0000] {processor.py:161} INFO - Started process (PID=4794) to work on /opt/airflow/dags/ga_etl_dag.py
[2026-02-27T20:15:41.198+0000] {processor.py:830} INFO - Processing file /opt/airflow/dags/ga_etl_dag.py for tasks to queue
[2026-02-27T20:15:41.199+0000] {logging_mixin.py:188} INFO - [2026-02-27T20:15:41.198+0000] {dagbag.py:545} INFO - Filling up the DagBag from /opt/airflow/dags/ga_etl_dag.py
[2026-02-27T20:15:41.206+0000] {processor.py:840} INFO - DAG(s) 'ga_etl_dag' retrieved from /opt/airflow/dags/ga_etl_dag.py
[2026-02-27T20:15:41.227+0000] {logging_mixin.py:188} INFO - [2026-02-27T20:15:41.226+0000] {dag.py:3089} INFO - Sync 1 DAGs
[2026-02-27T20:15:41.254+0000] {processor.py:183} INFO - Processing /opt/airflow/dags/ga_etl_dag.py took 0.064 seconds
