[2026-02-17T12:27:04.252+0000] {local_task_job_runner.py:120} INFO - ::group::Pre task execution logs
[2026-02-17T12:27:04.260+0000] {taskinstance.py:2076} INFO - Dependencies all met for dep_context=non-requeueable deps ti=<TaskInstance: ga_etl_dag.build_session_features manual__2026-02-17T12:11:39+00:00 [queued]>
[2026-02-17T12:27:04.262+0000] {taskinstance.py:2076} INFO - Dependencies all met for dep_context=requeueable deps ti=<TaskInstance: ga_etl_dag.build_session_features manual__2026-02-17T12:11:39+00:00 [queued]>
[2026-02-17T12:27:04.262+0000] {taskinstance.py:2306} INFO - Starting attempt 1 of 1
[2026-02-17T12:27:04.267+0000] {taskinstance.py:2330} INFO - Executing <Task(BashOperator): build_session_features> on 2026-02-17 12:11:39+00:00
[2026-02-17T12:27:04.268+0000] {standard_task_runner.py:64} INFO - Started process 50 to run task
[2026-02-17T12:27:04.269+0000] {standard_task_runner.py:90} INFO - Running: ['airflow', 'tasks', 'run', 'ga_etl_dag', 'build_session_features', 'manual__2026-02-17T12:11:39+00:00', '--job-id', '9', '--raw', '--subdir', 'DAGS_FOLDER/ga_etl_dag.py', '--cfg-path', '/tmp/tmpm61cafia']
[2026-02-17T12:27:04.270+0000] {standard_task_runner.py:91} INFO - Job 9: Subtask build_session_features
[2026-02-17T12:27:04.282+0000] {task_command.py:426} INFO - Running <TaskInstance: ga_etl_dag.build_session_features manual__2026-02-17T12:11:39+00:00 [running]> on host 18e2fa46102c
[2026-02-17T12:27:04.301+0000] {taskinstance.py:2648} INFO - Exporting env vars: AIRFLOW_CTX_DAG_OWNER='airflow' AIRFLOW_CTX_DAG_ID='ga_etl_dag' AIRFLOW_CTX_TASK_ID='build_session_features' AIRFLOW_CTX_EXECUTION_DATE='2026-02-17T12:11:39+00:00' AIRFLOW_CTX_TRY_NUMBER='1' AIRFLOW_CTX_DAG_RUN_ID='manual__2026-02-17T12:11:39+00:00'
[2026-02-17T12:27:04.301+0000] {taskinstance.py:430} INFO - ::endgroup::
[2026-02-17T12:27:04.305+0000] {subprocess.py:63} INFO - Tmp dir root location: /tmp
[2026-02-17T12:27:04.305+0000] {subprocess.py:75} INFO - Running command: ['/usr/bin/bash', '-c', 'cd /opt/airflow/project && python -m src.etl.build_session_features --db data/ga.sqlite --recreate']
[2026-02-17T12:27:04.307+0000] {subprocess.py:86} INFO - Output:
[2026-02-17T12:29:10.078+0000] {local_task_job_runner.py:313} WARNING - State of this instance has been externally set to success. Terminating instance.
[2026-02-17T12:29:10.078+0000] {local_task_job_runner.py:222} INFO - ::endgroup::
[2026-02-17T12:29:10.079+0000] {process_utils.py:132} INFO - Sending 15 to group 50. PIDs of all processes in the group: [51, 50]
[2026-02-17T12:29:10.079+0000] {process_utils.py:87} INFO - Sending the signal 15 to group 50
[2026-02-17T12:29:10.080+0000] {taskinstance.py:2611} ERROR - Received SIGTERM. Terminating subprocesses.
[2026-02-17T12:29:10.081+0000] {subprocess.py:104} INFO - Sending SIGTERM signal to process group
[2026-02-17T12:29:10.081+0000] {taskinstance.py:441} INFO - ::group::Post task execution logs
[2026-02-17T12:29:10.110+0000] {process_utils.py:80} INFO - Process psutil.Process(pid=50, status='terminated', exitcode=0, started='12:27:03') (50) terminated with exit code 0
[2026-02-17T12:29:10.111+0000] {process_utils.py:80} INFO - Process psutil.Process(pid=51, status='terminated', started='12:27:03') (51) terminated with exit code None
