[2026-02-23T11:00:06.288+0000] {local_task_job_runner.py:120} INFO - ::group::Pre task execution logs
[2026-02-23T11:00:06.301+0000] {taskinstance.py:2076} INFO - Dependencies all met for dep_context=non-requeueable deps ti=<TaskInstance: ga_etl_dag.build_session_features scheduled__2026-02-23T10:00:00+00:00 [queued]>
[2026-02-23T11:00:06.305+0000] {taskinstance.py:2076} INFO - Dependencies all met for dep_context=requeueable deps ti=<TaskInstance: ga_etl_dag.build_session_features scheduled__2026-02-23T10:00:00+00:00 [queued]>
[2026-02-23T11:00:06.305+0000] {taskinstance.py:2306} INFO - Starting attempt 1 of 1
[2026-02-23T11:00:06.314+0000] {taskinstance.py:2330} INFO - Executing <Task(BashOperator): build_session_features> on 2026-02-23 10:00:00+00:00
[2026-02-23T11:00:06.316+0000] {standard_task_runner.py:64} INFO - Started process 1372 to run task
[2026-02-23T11:00:06.318+0000] {standard_task_runner.py:90} INFO - Running: ['airflow', 'tasks', 'run', 'ga_etl_dag', 'build_session_features', 'scheduled__2026-02-23T10:00:00+00:00', '--job-id', '103', '--raw', '--subdir', 'DAGS_FOLDER/ga_etl_dag.py', '--cfg-path', '/tmp/tmp5m9_e8zr']
[2026-02-23T11:00:06.319+0000] {standard_task_runner.py:91} INFO - Job 103: Subtask build_session_features
[2026-02-23T11:00:06.344+0000] {task_command.py:426} INFO - Running <TaskInstance: ga_etl_dag.build_session_features scheduled__2026-02-23T10:00:00+00:00 [running]> on host 18e2fa46102c
[2026-02-23T11:00:06.379+0000] {taskinstance.py:2648} INFO - Exporting env vars: AIRFLOW_CTX_DAG_OWNER='airflow' AIRFLOW_CTX_DAG_ID='ga_etl_dag' AIRFLOW_CTX_TASK_ID='build_session_features' AIRFLOW_CTX_EXECUTION_DATE='2026-02-23T10:00:00+00:00' AIRFLOW_CTX_TRY_NUMBER='1' AIRFLOW_CTX_DAG_RUN_ID='scheduled__2026-02-23T10:00:00+00:00'
[2026-02-23T11:00:06.380+0000] {taskinstance.py:430} INFO - ::endgroup::
[2026-02-23T11:00:06.387+0000] {subprocess.py:63} INFO - Tmp dir root location: /tmp
[2026-02-23T11:00:06.387+0000] {subprocess.py:75} INFO - Running command: ['/usr/bin/bash', '-c', 'cd /opt/airflow/project && python -m src.etl.build_session_features --db data/ga.sqlite --recreate']
[2026-02-23T11:00:06.392+0000] {subprocess.py:86} INFO - Output:
[2026-02-23T11:14:16.361+0000] {subprocess.py:93} INFO - 🧹 Recreate mode: dropping session_features
[2026-02-23T11:14:16.363+0000] {subprocess.py:93} INFO - 🧱 Building session_features ...
[2026-02-23T11:14:16.363+0000] {subprocess.py:93} INFO - ⚙️ Creating indexes on session_features ...
[2026-02-23T11:14:16.364+0000] {subprocess.py:93} INFO - ✅ session_features created.
[2026-02-23T11:14:16.364+0000] {subprocess.py:93} INFO - 
[2026-02-23T11:14:16.364+0000] {subprocess.py:93} INFO - --- Sanity checks ---
[2026-02-23T11:14:16.364+0000] {subprocess.py:93} INFO - sessions rows: 1,894,764
[2026-02-23T11:14:16.365+0000] {subprocess.py:93} INFO - hits rows: 16,064,958
[2026-02-23T11:14:16.365+0000] {subprocess.py:93} INFO - session_features rows: 1,894,764  (должно == sessions rows)
[2026-02-23T11:14:16.371+0000] {subprocess.py:93} INFO - MAX dates: sessions=2022-01-05 | hits=2022-01-05 | session_features=2022-01-05
[2026-02-23T11:14:16.374+0000] {subprocess.py:93} INFO - CR target_showed_number_ads: 0.064855
[2026-02-23T11:14:16.376+0000] {subprocess.py:93} INFO - CR target_funnel_go_to_then_showed: 0.005294
[2026-02-23T11:14:16.377+0000] {subprocess.py:93} INFO - sessions without hits: 129,182
[2026-02-23T11:14:16.389+0000] {subprocess.py:97} INFO - Command exited with return code 0
[2026-02-23T11:14:16.391+0000] {taskinstance.py:441} INFO - ::group::Post task execution logs
[2026-02-23T11:14:16.623+0000] {taskinstance.py:1206} INFO - Marking task as SUCCESS. dag_id=ga_etl_dag, task_id=build_session_features, run_id=scheduled__2026-02-23T10:00:00+00:00, execution_date=20260223T100000, start_date=20260223T110006, end_date=20260223T111416
[2026-02-23T11:14:16.658+0000] {local_task_job_runner.py:243} INFO - Task exited with return code 0
[2026-02-23T11:14:16.681+0000] {taskinstance.py:3503} INFO - 1 downstream tasks scheduled from follow-on schedule check
[2026-02-23T11:14:16.684+0000] {local_task_job_runner.py:222} INFO - ::endgroup::
