[2026-02-23T16:12:22.820+0000] {local_task_job_runner.py:120} INFO - ::group::Pre task execution logs
[2026-02-23T16:12:22.828+0000] {taskinstance.py:2076} INFO - Dependencies all met for dep_context=non-requeueable deps ti=<TaskInstance: ga_etl_dag.build_session_features scheduled__2026-02-23T15:00:00+00:00 [queued]>
[2026-02-23T16:12:22.830+0000] {taskinstance.py:2076} INFO - Dependencies all met for dep_context=requeueable deps ti=<TaskInstance: ga_etl_dag.build_session_features scheduled__2026-02-23T15:00:00+00:00 [queued]>
[2026-02-23T16:12:22.830+0000] {taskinstance.py:2306} INFO - Starting attempt 1 of 1
[2026-02-23T16:12:22.835+0000] {taskinstance.py:2330} INFO - Executing <Task(BashOperator): build_session_features> on 2026-02-23 15:00:00+00:00
[2026-02-23T16:12:22.837+0000] {standard_task_runner.py:64} INFO - Started process 1806 to run task
[2026-02-23T16:12:22.838+0000] {standard_task_runner.py:90} INFO - Running: ['airflow', 'tasks', 'run', 'ga_etl_dag', 'build_session_features', 'scheduled__2026-02-23T15:00:00+00:00', '--job-id', '123', '--raw', '--subdir', 'DAGS_FOLDER/ga_etl_dag.py', '--cfg-path', '/tmp/tmp9zgzqy6v']
[2026-02-23T16:12:22.839+0000] {standard_task_runner.py:91} INFO - Job 123: Subtask build_session_features
[2026-02-23T16:12:22.852+0000] {task_command.py:426} INFO - Running <TaskInstance: ga_etl_dag.build_session_features scheduled__2026-02-23T15:00:00+00:00 [running]> on host 18e2fa46102c
[2026-02-23T16:12:22.874+0000] {taskinstance.py:2648} INFO - Exporting env vars: AIRFLOW_CTX_DAG_OWNER='airflow' AIRFLOW_CTX_DAG_ID='ga_etl_dag' AIRFLOW_CTX_TASK_ID='build_session_features' AIRFLOW_CTX_EXECUTION_DATE='2026-02-23T15:00:00+00:00' AIRFLOW_CTX_TRY_NUMBER='1' AIRFLOW_CTX_DAG_RUN_ID='scheduled__2026-02-23T15:00:00+00:00'
[2026-02-23T16:12:22.874+0000] {taskinstance.py:430} INFO - ::endgroup::
[2026-02-23T16:12:22.878+0000] {subprocess.py:63} INFO - Tmp dir root location: /tmp
[2026-02-23T16:12:22.878+0000] {subprocess.py:75} INFO - Running command: ['/usr/bin/bash', '-c', 'cd /opt/airflow/project && python -m src.etl.build_session_features --db data/ga.sqlite --recreate']
[2026-02-23T16:12:22.881+0000] {subprocess.py:86} INFO - Output:
[2026-02-23T17:22:49.628+0000] {subprocess.py:93} INFO - 🧹 Recreate mode: dropping session_features
[2026-02-23T17:22:49.631+0000] {subprocess.py:93} INFO - 🧱 Building session_features ...
[2026-02-23T17:22:49.631+0000] {subprocess.py:93} INFO - ⚙️ Creating indexes on session_features ...
[2026-02-23T17:22:49.631+0000] {subprocess.py:93} INFO - ✅ session_features created.
[2026-02-23T17:22:49.632+0000] {subprocess.py:93} INFO - 
[2026-02-23T17:22:49.632+0000] {subprocess.py:93} INFO - --- Sanity checks ---
[2026-02-23T17:22:49.632+0000] {subprocess.py:93} INFO - sessions rows: 1,894,764
[2026-02-23T17:22:49.632+0000] {subprocess.py:93} INFO - hits rows: 16,064,958
[2026-02-23T17:22:49.632+0000] {subprocess.py:93} INFO - session_features rows: 1,894,764  (должно == sessions rows)
[2026-02-23T17:22:49.637+0000] {subprocess.py:93} INFO - MAX dates: sessions=2022-01-05 | hits=2022-01-05 | session_features=2022-01-05
[2026-02-23T17:22:49.638+0000] {subprocess.py:93} INFO - CR target_showed_number_ads: 0.064855
[2026-02-23T17:22:49.639+0000] {subprocess.py:93} INFO - CR target_funnel_go_to_then_showed: 0.005294
[2026-02-23T17:22:49.639+0000] {subprocess.py:93} INFO - sessions without hits: 129,182
[2026-02-23T17:22:49.646+0000] {subprocess.py:97} INFO - Command exited with return code 0
[2026-02-23T17:22:49.647+0000] {taskinstance.py:441} INFO - ::group::Post task execution logs
[2026-02-23T17:22:49.754+0000] {taskinstance.py:1206} INFO - Marking task as SUCCESS. dag_id=ga_etl_dag, task_id=build_session_features, run_id=scheduled__2026-02-23T15:00:00+00:00, execution_date=20260223T150000, start_date=20260223T161222, end_date=20260223T172249
[2026-02-23T17:22:49.784+0000] {local_task_job_runner.py:243} INFO - Task exited with return code 0
[2026-02-23T17:22:49.794+0000] {taskinstance.py:3503} INFO - 1 downstream tasks scheduled from follow-on schedule check
[2026-02-23T17:22:49.795+0000] {local_task_job_runner.py:222} INFO - ::endgroup::
